[15:01:07] [main/INFO] (Quilt Loader/GameProvider) Loading Minecraft 1.18.2 with Quilt Loader 0.17.0
[15:01:07] [main/INFO] (Quilt Loader) Loading 68 mods:
	- featurecreep 1.0.0+1.18.2
	- java 17
	- minecraft 1.18.2
	- quilt_base 1.1.0-beta.18+1.18.2
	- quilt_biome 1.1.0-beta.18+1.18.2
	- quilt_block_extensions 1.1.0-beta.18+1.18.2
	- quilt_client_command 1.1.0-beta.18+1.18.2
	- quilt_command 1.1.0-beta.18+1.18.2
	- quilt_crash_info 1.1.0-beta.18+1.18.2
	- quilt_dimension 1.1.0-beta.18+1.18.2
	- quilt_item_group 1.1.0-beta.18+1.18.2
	- quilt_item_setting 1.1.0-beta.18+1.18.2
	- quilt_lifecycle_events 1.1.0-beta.18+1.18.2
	- quilt_loader 0.17.0
	- quilt_networking 1.1.0-beta.18+1.18.2
	- quilt_recipe 1.1.0-beta.18+1.18.2
	- quilt_registry 1.1.0-beta.18+1.18.2
	- quilt_registry_entry_attachments 1.1.0-beta.18+1.18.2
	- quilt_resource_loader 1.1.0-beta.18+1.18.2
	- quilt_screen 1.1.0-beta.18+1.18.2
	- quilt_tags 1.1.0-beta.18+1.18.2
	- quilt_tooltip 1.1.0-beta.18+1.18.2
	- quilted_fabric_api 1.0.0-beta.20+0.55.1-1.18.2
	- quilted_fabric_api_base 1.0.0-beta.20+0.55.1-1.18.2
	- quilted_fabric_api_lookup_api_v1 1.0.0-beta.20+0.55.1-1.18.2
	- quilted_fabric_biome_api_v1 1.0.0-beta.20+0.55.1-1.18.2
	- quilted_fabric_blockrenderlayer_v1 1.0.0-beta.20+0.55.1-1.18.2
	- quilted_fabric_command_api_v1 1.0.0-beta.20+0.55.1-1.18.2
	- quilted_fabric_commands_v0 1.0.0-beta.20+0.55.1-1.18.2
	- quilted_fabric_containers_v0 1.0.0-beta.20+0.55.1-1.18.2
	- quilted_fabric_content_registries_v0 1.0.0-beta.20+0.55.1-1.18.2
	- quilted_fabric_convention_tags_api_v1 1.0.0-beta.20+0.55.1-1.18.2
	- quilted_fabric_crash_report_info_v1 1.0.0-beta.20+0.55.1-1.18.2
	- quilted_fabric_data_generation_api_v1 1.0.0-beta.20+0.55.1-1.18.2
	- quilted_fabric_dimensions_v1 1.0.0-beta.20+0.55.1-1.18.2
	- quilted_fabric_entity_events_v1 1.0.0-beta.20+0.55.1-1.18.2
	- quilted_fabric_events_interaction_v0 1.0.0-beta.20+0.55.1-1.18.2
	- quilted_fabric_events_lifecycle_v0 1.0.0-beta.20+0.55.1-1.18.2
	- quilted_fabric_game_rule_api_v1 1.0.0-beta.20+0.55.1-1.18.2
	- quilted_fabric_gametest_api_v1 1.0.0-beta.20+0.55.1-1.18.2
	- quilted_fabric_item_api_v1 1.0.0-beta.20+0.55.1-1.18.2
	- quilted_fabric_item_groups_v0 1.0.0-beta.20+0.55.1-1.18.2
	- quilted_fabric_key_binding_api_v1 1.0.0-beta.20+0.55.1-1.18.2
	- quilted_fabric_keybindings_v0 1.0.0-beta.20+0.55.1-1.18.2
	- quilted_fabric_lifecycle_events_v1 1.0.0-beta.20+0.55.1-1.18.2
	- quilted_fabric_loot_api_v2 1.0.0-beta.20+0.55.1-1.18.2
	- quilted_fabric_loot_tables_v1 1.0.0-beta.20+0.55.1-1.18.2
	- quilted_fabric_mining_level_api_v1 1.0.0-beta.20+0.55.1-1.18.2
	- quilted_fabric_models_v0 1.0.0-beta.20+0.55.1-1.18.2
	- quilted_fabric_networking_api_v1 1.0.0-beta.20+0.55.1-1.18.2
	- quilted_fabric_networking_v0 1.0.0-beta.20+0.55.1-1.18.2
	- quilted_fabric_object_builder_api_v1 1.0.0-beta.20+0.55.1-1.18.2
	- quilted_fabric_particles_v1 1.0.0-beta.20+0.55.1-1.18.2
	- quilted_fabric_registry_sync_v0 1.0.0-beta.20+0.55.1-1.18.2
	- quilted_fabric_renderer_api_v1 1.0.0-beta.20+0.55.1-1.18.2
	- quilted_fabric_renderer_indigo 1.0.0-beta.20+0.55.1-1.18.2
	- quilted_fabric_renderer_registries_v1 1.0.0-beta.20+0.55.1-1.18.2
	- quilted_fabric_rendering_data_attachment_v1 1.0.0-beta.20+0.55.1-1.18.2
	- quilted_fabric_rendering_fluids_v1 1.0.0-beta.20+0.55.1-1.18.2
	- quilted_fabric_rendering_v0 1.0.0-beta.20+0.55.1-1.18.2
	- quilted_fabric_rendering_v1 1.0.0-beta.20+0.55.1-1.18.2
	- quilted_fabric_resource_conditions_api_v1 1.0.0-beta.20+0.55.1-1.18.2
	- quilted_fabric_resource_loader_v0 1.0.0-beta.20+0.55.1-1.18.2
	- quilted_fabric_screen_api_v1 1.0.0-beta.20+0.55.1-1.18.2
	- quilted_fabric_screen_handler_api_v1 1.0.0-beta.20+0.55.1-1.18.2
	- quilted_fabric_textures_v0 1.0.0-beta.20+0.55.1-1.18.2
	- quilted_fabric_transfer_api_v1 1.0.0-beta.20+0.55.1-1.18.2
	- quilted_fabric_transitive_access_wideners_v1 1.0.0-beta.20+0.55.1-1.18.2
[15:01:08] [main/INFO] (Quilt Loader/Mixin) SpongePowered MIXIN Subsystem Version=0.8.5 Source=file:/home/rhel/.gradle/caches/modules-2/files-2.1/net.fabricmc/sponge-mixin/0.11.2+mixin.0.8.5/f4ae569d559b5e3244b67321945261d83ff7ad8e/sponge-mixin-0.11.2+mixin.0.8.5.jar Service=Knot/Quilt Env=CLIENT
[15:01:08] [main/INFO] (Quilt Loader/Mixin) Loaded Quilt development mappings for mixin remapper!
[15:01:08] [main/INFO] (Quilt Loader/Mixin) Compatibility level set to JAVA_17
[15:01:19] [main/INFO] (modid) Loading FeatureCreep Initialisation Class
[15:01:20] [main/INFO] (Minecraft) [STDOUT]: javassist.CtClassType@54cc182a[changed frozen public class net.minecraft.client.option.GameOptions fields=net.minecraft.client.option.GameOptions.LOGGER:Lorg/slf4j/Logger;, net.minecraft.client.option.GameOptions.GSON:Lcom/google/gson/Gson;, net.minecraft.client.option.GameOptions.STRING_LIST_TYPE:Lcom/google/gson/reflect/TypeToken;, net.minecraft.client.option.GameOptions.field_32149:I, net.minecraft.client.option.GameOptions.field_32150:I, net.minecraft.client.option.GameOptions.field_32152:I, net.minecraft.client.option.GameOptions.field_32153:I, net.minecraft.client.option.GameOptions.field_32154:I, net.minecraft.client.option.GameOptions.field_32155:I, net.minecraft.client.option.GameOptions.COLON_SPLITTER:Lcom/google/common/base/Splitter;, net.minecraft.client.option.GameOptions.field_32151:F, net.minecraft.client.option.GameOptions.field_34785:Ljava/lang/String;, net.minecraft.client.option.GameOptions.monochromeLogo:Z, net.minecraft.client.option.GameOptions.hideLightningFlashes:Z, net.minecraft.client.option.GameOptions.mouseSensitivity:D, net.minecraft.client.option.GameOptions.viewDistance:I, net.minecraft.client.option.GameOptions.simulationDistance:I, net.minecraft.client.option.GameOptions.serverViewDistance:I, net.minecraft.client.option.GameOptions.entityDistanceScaling:F, net.minecraft.client.option.GameOptions.maxFps:I, net.minecraft.client.option.GameOptions.cloudRenderMode:Lnet/minecraft/client/option/CloudRenderMode;, net.minecraft.client.option.GameOptions.graphicsMode:Lnet/minecraft/client/option/GraphicsMode;, net.minecraft.client.option.GameOptions.ao:Lnet/minecraft/client/option/AoMode;, net.minecraft.client.option.GameOptions.chunkBuilderMode:Lnet/minecraft/client/render/ChunkBuilderMode;, net.minecraft.client.option.GameOptions.resourcePacks:Ljava/util/List;, net.minecraft.client.option.GameOptions.incompatibleResourcePacks:Ljava/util/List;, net.minecraft.client.option.GameOptions.chatVisibility:Lnet/minecraft/client/option/ChatVisibility;, net.minecraft.client.option.GameOptions.chatOpacity:D, net.minecraft.client.option.GameOptions.chatLineSpacing:D, net.minecraft.client.option.GameOptions.textBackgroundOpacity:D, net.minecraft.client.option.GameOptions.fullscreenResolution:Ljava/lang/String;, net.minecraft.client.option.GameOptions.hideServerAddress:Z, net.minecraft.client.option.GameOptions.advancedItemTooltips:Z, net.minecraft.client.option.GameOptions.pauseOnLostFocus:Z, net.minecraft.client.option.GameOptions.enabledPlayerModelParts:Ljava/util/Set;, net.minecraft.client.option.GameOptions.mainArm:Lnet/minecraft/util/Arm;, net.minecraft.client.option.GameOptions.overrideWidth:I, net.minecraft.client.option.GameOptions.overrideHeight:I, net.minecraft.client.option.GameOptions.heldItemTooltips:Z, net.minecraft.client.option.GameOptions.chatScale:D, net.minecraft.client.option.GameOptions.chatWidth:D, net.minecraft.client.option.GameOptions.chatHeightUnfocused:D, net.minecraft.client.option.GameOptions.chatHeightFocused:D, net.minecraft.client.option.GameOptions.chatDelay:D, net.minecraft.client.option.GameOptions.mipmapLevels:I, net.minecraft.client.option.GameOptions.soundVolumeLevels:Lit/unimi/dsi/fastutil/objects/Object2FloatMap;, net.minecraft.client.option.GameOptions.useNativeTransport:Z, net.minecraft.client.option.GameOptions.attackIndicator:Lnet/minecraft/client/option/AttackIndicator;, net.minecraft.client.option.GameOptions.tutorialStep:Lnet/minecraft/client/tutorial/TutorialStep;, net.minecraft.client.option.GameOptions.joinedFirstServer:Z, net.minecraft.client.option.GameOptions.hideBundleTutorial:Z, net.minecraft.client.option.GameOptions.biomeBlendRadius:I, net.minecraft.client.option.GameOptions.mouseWheelSensitivity:D, net.minecraft.client.option.GameOptions.rawMouseInput:Z, net.minecraft.client.option.GameOptions.glDebugVerbosity:I, net.minecraft.client.option.GameOptions.autoJump:Z, net.minecraft.client.option.GameOptions.autoSuggestions:Z, net.minecraft.client.option.GameOptions.chatColors:Z, net.minecraft.client.option.GameOptions.chatLinks:Z, net.minecraft.client.option.GameOptions.chatLinksPrompt:Z, net.minecraft.client.option.GameOptions.enableVsync:Z, net.minecraft.client.option.GameOptions.entityShadows:Z, net.minecraft.client.option.GameOptions.forceUnicodeFont:Z, net.minecraft.client.option.GameOptions.invertYMouse:Z, net.minecraft.client.option.GameOptions.discreteMouseScroll:Z, net.minecraft.client.option.GameOptions.realmsNotifications:Z, net.minecraft.client.option.GameOptions.allowServerListing:Z, net.minecraft.client.option.GameOptions.reducedDebugInfo:Z, net.minecraft.client.option.GameOptions.showSubtitles:Z, net.minecraft.client.option.GameOptions.backgroundForChatOnly:Z, net.minecraft.client.option.GameOptions.touchscreen:Z, net.minecraft.client.option.GameOptions.fullscreen:Z, net.minecraft.client.option.GameOptions.bobView:Z, net.minecraft.client.option.GameOptions.sneakToggled:Z, net.minecraft.client.option.GameOptions.sprintToggled:Z, net.minecraft.client.option.GameOptions.skipMultiplayerWarning:Z, net.minecraft.client.option.GameOptions.skipRealms32BitWarning:Z, net.minecraft.client.option.GameOptions.hideMatchedNames:Z, net.minecraft.client.option.GameOptions.showAutosaveIndicator:Z, net.minecraft.client.option.GameOptions.forwardKey:Lnet/minecraft/client/option/KeyBinding;, net.minecraft.client.option.GameOptions.leftKey:Lnet/minecraft/client/option/KeyBinding;, net.minecraft.client.option.GameOptions.backKey:Lnet/minecraft/client/option/KeyBinding;, net.minecraft.client.option.GameOptions.rightKey:Lnet/minecraft/client/option/KeyBinding;, net.minecraft.client.option.GameOptions.jumpKey:Lnet/minecraft/client/option/KeyBinding;, net.minecraft.client.option.GameOptions.sneakKey:Lnet/minecraft/client/option/KeyBinding;, net.minecraft.client.option.GameOptions.sprintKey:Lnet/minecraft/client/option/KeyBinding;, net.minecraft.client.option.GameOptions.inventoryKey:Lnet/minecraft/client/option/KeyBinding;, net.minecraft.client.option.GameOptions.swapHandsKey:Lnet/minecraft/client/option/KeyBinding;, net.minecraft.client.option.GameOptions.dropKey:Lnet/minecraft/client/option/KeyBinding;, net.minecraft.client.option.GameOptions.useKey:Lnet/minecraft/client/option/KeyBinding;, net.minecraft.client.option.GameOptions.attackKey:Lnet/minecraft/client/option/KeyBinding;, net.minecraft.client.option.GameOptions.pickItemKey:Lnet/minecraft/client/option/KeyBinding;, net.minecraft.client.option.GameOptions.chatKey:Lnet/minecraft/client/option/KeyBinding;, net.minecraft.client.option.GameOptions.playerListKey:Lnet/minecraft/client/option/KeyBinding;, net.minecraft.client.option.GameOptions.commandKey:Lnet/minecraft/client/option/KeyBinding;, net.minecraft.client.option.GameOptions.socialInteractionsKey:Lnet/minecraft/client/option/KeyBinding;, net.minecraft.client.option.GameOptions.screenshotKey:Lnet/minecraft/client/option/KeyBinding;, net.minecraft.client.option.GameOptions.togglePerspectiveKey:Lnet/minecraft/client/option/KeyBinding;, net.minecraft.client.option.GameOptions.smoothCameraKey:Lnet/minecraft/client/option/KeyBinding;, net.minecraft.client.option.GameOptions.fullscreenKey:Lnet/minecraft/client/option/KeyBinding;, net.minecraft.client.option.GameOptions.spectatorOutlinesKey:Lnet/minecraft/client/option/KeyBinding;, net.minecraft.client.option.GameOptions.advancementsKey:Lnet/minecraft/client/option/KeyBinding;, net.minecraft.client.option.GameOptions.hotbarKeys:[Lnet/minecraft/client/option/KeyBinding;, net.minecraft.client.option.GameOptions.saveToolbarActivatorKey:Lnet/minecraft/client/option/KeyBinding;, net.minecraft.client.option.GameOptions.loadToolbarActivatorKey:Lnet/minecraft/client/option/KeyBinding;, net.minecraft.client.option.GameOptions.allKeys:[Lnet/minecraft/client/option/KeyBinding;, net.minecraft.client.option.GameOptions.client:Lnet/minecraft/client/MinecraftClient;, net.minecraft.client.option.GameOptions.optionsFile:Ljava/io/File;, net.minecraft.client.option.GameOptions.difficulty:Lnet/minecraft/world/Difficulty;, net.minecraft.client.option.GameOptions.hudHidden:Z, net.minecraft.client.option.GameOptions.perspective:Lnet/minecraft/client/option/Perspective;, net.minecraft.client.option.GameOptions.debugEnabled:Z, net.minecraft.client.option.GameOptions.debugProfilerEnabled:Z, net.minecraft.client.option.GameOptions.debugTpsEnabled:Z, net.minecraft.client.option.GameOptions.lastServer:Ljava/lang/String;, net.minecraft.client.option.GameOptions.smoothCameraEnabled:Z, net.minecraft.client.option.GameOptions.fov:D, net.minecraft.client.option.GameOptions.distortionEffectScale:F, net.minecraft.client.option.GameOptions.fovEffectScale:F, net.minecraft.client.option.GameOptions.gamma:D, net.minecraft.client.option.GameOptions.guiScale:I, net.minecraft.client.option.GameOptions.particles:Lnet/minecraft/client/option/ParticlesMode;, net.minecraft.client.option.GameOptions.narrator:Lnet/minecraft/client/option/NarratorMode;, net.minecraft.client.option.GameOptions.language:Ljava/lang/String;, net.minecraft.client.option.GameOptions.soundDevice:Ljava/lang/String;, net.minecraft.client.option.GameOptions.syncChunkWrites:Z,  constructors=javassist.CtConstructor@4ea505e2[public GameOptions (Lnet/minecraft/client/MinecraftClient;Ljava/io/File;)V], javassist.CtConstructor@33ee3a84[static <clinit> ()V],  methods=javassist.CtMethod@c4dd68f1[public getTextBackgroundOpacity (F)F], javassist.CtMethod@5db222d9[public getTextBackgroundColor (F)I], javassist.CtMethod@5db22336[public getTextBackgroundColor (I)I], javassist.CtMethod@84be4449[public setKeyCode (Lnet/minecraft/client/option/KeyBinding;Lnet/minecraft/client/util/InputUtil$Key;)V], javassist.CtMethod@ab56824e[private accept (Lnet/minecraft/client/option/GameOptions$Visitor;)V], javassist.CtMethod@be952867[public load ()V], javassist.CtMethod@7870eb0f[static isTrue (Ljava/lang/String;)Z], javassist.CtMethod@d28fb4d0[static isFalse (Ljava/lang/String;)Z], javassist.CtMethod@21dbc249[private update (Lnet/minecraft/nbt/NbtCompound;)Lnet/minecraft/nbt/NbtCompound;], javassist.CtMethod@5f8be120[public write ()V], javassist.CtMethod@1db57b30[public getSoundVolume (Lnet/minecraft/sound/SoundCategory;)F], javassist.CtMethod@bf212af0[public setSoundVolume (Lnet/minecraft/sound/SoundCategory;F)V], javassist.CtMethod@16e91637[public sendClientSettings ()V], javassist.CtMethod@643ff0f5[private setPlayerModelPart (Lnet/minecraft/client/render/entity/PlayerModelPart;Z)V], javassist.CtMethod@e13175da[public isPlayerModelPartEnabled (Lnet/minecraft/client/render/entity/PlayerModelPart;)Z], javassist.CtMethod@4ea5e267[public togglePlayerModelPart (Lnet/minecraft/client/render/entity/PlayerModelPart;Z)V], javassist.CtMethod@35969939[public getCloudRenderMode ()Lnet/minecraft/client/option/CloudRenderMode;], javassist.CtMethod@99c7d4df[public shouldUseNativeTransport ()Z], javassist.CtMethod@3b8a470b[public addResourcePackProfilesToManager (Lnet/minecraft/resource/ResourcePackManager;)V], javassist.CtMethod@455f5c87[public getPerspective ()Lnet/minecraft/client/option/Perspective;], javassist.CtMethod@8d554c62[public setPerspective (Lnet/minecraft/client/option/Perspective;)V], javassist.CtMethod@5cab40a8[private static parseList (Ljava/lang/String;)Ljava/util/List;], javassist.CtMethod@24d44bdf[private static loadCloudRenderMode (Ljava/lang/String;)Lnet/minecraft/client/option/CloudRenderMode;], javassist.CtMethod@487c207d[private static saveCloudRenderMode (Lnet/minecraft/client/option/CloudRenderMode;)Ljava/lang/String;], javassist.CtMethod@55693eeb[private static loadAo (Ljava/lang/String;)Lnet/minecraft/client/option/AoMode;], javassist.CtMethod@c42799cd[private static loadArm (Ljava/lang/String;)Lnet/minecraft/util/Arm;], javassist.CtMethod@8f190114[private static saveArm (Lnet/minecraft/util/Arm;)Ljava/lang/String;], javassist.CtMethod@5cefcc05[public getOptionsFile ()Ljava/io/File;], javassist.CtMethod@6e7d0e7a[public collectProfiledOptions ()Ljava/lang/String;], javassist.CtMethod@17909629[public setServerViewDistance (I)V], javassist.CtMethod@1fc60131[public getViewDistance ()I], javassist.CtMethod@cd6e66a2[private static method_37293 (Lcom/mojang/datafixers/util/Pair;)Ljava/lang/String;], javassist.CtMethod@4a4657d9[private static method_24230 (Lnet/minecraft/nbt/NbtCompound;Ljava/lang/String;)V], javassist.CtMethod@795ae22c[private static method_33667 (Lnet/minecraft/client/option/GameOptions$Visitor;Lnet/minecraft/sound/SoundCategory;Ljava/lang/Float;)Ljava/lang/Float;], javassist.CtMethod@a9f665e3[private static method_33664 (Lnet/minecraft/client/option/AoMode;)Ljava/lang/String;], javassist.CtMethod@50a0cbb4[private method_23486 ()Z], javassist.CtMethod@50a0cf75[private method_23487 ()Z], javassist.CtMethod@2dc9179b[private static method_33668 (Lit/unimi/dsi/fastutil/objects/Object2FloatOpenHashMap;)V], ]
[15:01:21] [main/INFO] (Minecraft) [STDOUT]: resourcepacks/fcpack_8/assets/featurecreep/models/item/amethyst.json
[15:01:21] [main/INFO] (Minecraft) [STDOUT]: resourcepacks/fcpack_8/assets/featurecreep/models/item/amethyst_pickaxe.json
[15:01:21] [main/INFO] (Minecraft) [STDOUT]: resourcepacks/fcpack_8/assets/featurecreep/models/item/amethyst_shovel.json
[15:01:21] [main/INFO] (Minecraft) [STDOUT]: resourcepacks/fcpack_8/assets/featurecreep/models/item/amethyst_hoe.json
[15:01:21] [main/INFO] (Minecraft) [STDOUT]: resourcepacks/fcpack_8/assets/featurecreep/models/item/amethyst_sword.json
[15:01:21] [main/INFO] (Minecraft) [STDOUT]: resourcepacks/fcpack_8/assets/featurecreep/models/item/amethyst_axe.json
[15:01:21] [main/INFO] (Minecraft) [STDOUT]: resourcepacks/fcpack_8/assets/featurecreep/models/item/dmr_test.json
[15:01:21] [main/INFO] (Minecraft) [STDOUT]: /home/rhel/Documents/FeatureCreep/esr/1.18.2-Quilt/run/datafiedcontents/items/featurecreep/dmr_test.dmr
[15:01:21] [main/INFO] (Minecraft) [STDOUT]: resourcepacks/fcpack_8/assets/featurecreep/models/item/dmr_binary_test.json
[15:01:21] [main/INFO] (Minecraft) [STDOUT]: /home/rhel/Documents/FeatureCreep/esr/1.18.2-Quilt/run/datafiedcontents/items/featurecreep/dmr_binary_test.dmr
[15:01:21] [main/INFO] (Minecraft) [STDOUT]: resourcepacks/fcpack_8/assets/featurecreep/models/item/dmr_pickaxe.json
[15:01:21] [main/INFO] (Minecraft) [STDOUT]: /home/rhel/Documents/FeatureCreep/esr/1.18.2-Quilt/run/datafiedcontents/items/featurecreep/dmr_pickaxe.dmr
[15:01:21] [main/INFO] (Minecraft) [STDOUT]: resourcepacks/fcpack_8/assets/featurecreep/models/item/dmr_shovel.json
[15:01:21] [main/INFO] (Minecraft) [STDOUT]: /home/rhel/Documents/FeatureCreep/esr/1.18.2-Quilt/run/datafiedcontents/items/featurecreep/dmr_shovel.dmr
[15:01:21] [main/INFO] (Minecraft) [STDOUT]: resourcepacks/fcpack_8/assets/featurecreep/models/item/dmr_hoe.json
[15:01:21] [main/INFO] (Minecraft) [STDOUT]: /home/rhel/Documents/FeatureCreep/esr/1.18.2-Quilt/run/datafiedcontents/items/featurecreep/dmr_hoe.dmr
[15:01:21] [main/INFO] (Minecraft) [STDOUT]: resourcepacks/fcpack_8/assets/featurecreep/models/item/dmr_sword.json
[15:01:21] [main/INFO] (Minecraft) [STDOUT]: /home/rhel/Documents/FeatureCreep/esr/1.18.2-Quilt/run/datafiedcontents/items/featurecreep/dmr_sword.dmr
[15:01:21] [main/INFO] (Minecraft) [STDOUT]: resourcepacks/fcpack_8/assets/featurecreep/models/item/dmr_axe.json
[15:01:21] [main/INFO] (Minecraft) [STDOUT]: /home/rhel/Documents/FeatureCreep/esr/1.18.2-Quilt/run/datafiedcontents/items/featurecreep/dmr_axe.dmr
[15:01:21] [main/INFO] (Minecraft) [STDOUT]: 
[15:01:21] [main/INFO] (Minecraft) [STDOUT]: :/home/rhel/Documents/FeatureCreep/esr/1.18.2-Quilt/run/mods/FCExampleMod2.fpm:
[15:01:21] [main/INFO] (Minecraft) [STDOUT]: List of files and directories in the specified directory:
[15:01:21] [main/INFO] (Minecraft) [STDOUT]: FeatureCreep is trying to load /home/rhel/Documents/FeatureCreep/esr/1.18.2-Quilt/run/mods/FCExampleMod2.fpm
[15:01:23] [main/INFO] (Minecraft) [STDOUT]: null
[15:01:23] [main/INFO] (Minecraft) [STDOUT]: null
[15:01:23] [main/INFO] (Minecraft) [STDOUT]: /home/rhel/Documents/FeatureCreep/esr/1.18.2-Quilt/run/mods/FCExampleMod2.fpm
[15:01:23] [main/INFO] (Minecraft) [STDOUT]: examplemod.ExampleMod
[15:01:23] [main/INFO] (Minecraft) [STDOUT]: ModuleClassLoader for Module "/home/rhel/Documents/FeatureCreep/esr/1.18.2-Quilt/run/mods/FCExampleMod2.fpm" from ModuleLoader@46b70adb for finders [org.jboss.modules.FCFileSystemClassPathModuleFinder@2fc2ea96]
[15:01:23] [main/INFO] (Minecraft) [STDERR]: java.lang.reflect.InvocationTargetException: Failed to initialize main class 'examplemod.ExampleMod'
[15:01:23] [main/INFO] (Minecraft) [STDERR]: 	at org.jboss.modules.Module.run(Module.java:343)
[15:01:23] [main/INFO] (Minecraft) [STDERR]: 	at org.jboss.modules.Module.run(Module.java:321)
[15:01:23] [main/INFO] (Minecraft) [STDERR]: 	at featurecreep.loader.FCLoaderBasicR4.loadMods(FCLoaderBasicR4.java:289)
[15:01:23] [main/INFO] (Minecraft) [STDERR]: 	at featurecreep.FeatureCreep.onInitialise(FeatureCreep.java:35)
[15:01:23] [main/INFO] (Minecraft) [STDERR]: 	at featurecreep.FeatureCreepMCInit.onInitialize(FeatureCreepMCInit.java:30)
[15:01:23] [main/INFO] (Minecraft) [STDERR]: 	at net.minecraft.Bootstrap.handler$zho000$onInitialize(Bootstrap.java:1042)
[15:01:23] [main/INFO] (Minecraft) [STDERR]: 	at net.minecraft.Bootstrap.initialize(Bootstrap.java:58)
[15:01:23] [main/INFO] (Minecraft) [STDERR]: 	at net.minecraft.client.main.Main.main(Main.java:140)
[15:01:23] [main/INFO] (Minecraft) [STDERR]: 	at java.base/jdk.internal.reflect.NativeMethodAccessorImpl.invoke0(Native Method)
[15:01:23] [main/INFO] (Minecraft) [STDERR]: 	at java.base/jdk.internal.reflect.NativeMethodAccessorImpl.invoke(NativeMethodAccessorImpl.java:77)
[15:01:23] [main/INFO] (Minecraft) [STDERR]: 	at java.base/jdk.internal.reflect.DelegatingMethodAccessorImpl.invoke(DelegatingMethodAccessorImpl.java:43)
[15:01:23] [main/INFO] (Minecraft) [STDERR]: 	at java.base/java.lang.reflect.Method.invoke(Method.java:568)
[15:01:23] [main/INFO] (Minecraft) [STDERR]: 	at org.quiltmc.loader.impl.game.minecraft.MinecraftGameProvider.launch(MinecraftGameProvider.java:423)
[15:01:23] [main/INFO] (Minecraft) [STDERR]: 	at org.quiltmc.loader.impl.launch.knot.Knot.launch(Knot.java:76)
[15:01:23] [main/INFO] (Minecraft) [STDERR]: 	at org.quiltmc.loader.impl.launch.knot.KnotClient.main(KnotClient.java:24)
[15:01:23] [main/INFO] (Minecraft) [STDERR]: 	at net.fabricmc.devlaunchinjector.Main.main(Main.java:86)
[15:01:23] [main/INFO] (Minecraft) [STDERR]: Caused by: java.lang.ExceptionInInitializerError
[15:01:23] [main/INFO] (Minecraft) [STDERR]: 	at net.minecraft.item.Item.<init>(Item.java:73)
[15:01:23] [main/INFO] (Minecraft) [STDERR]: 	at featurecreep.api.items.FCItem.<init>(FCItem.java:22)
[15:01:23] [main/INFO] (Minecraft) [STDERR]: 	at featurecreep.api.items.FCItem.<init>(FCItem.java:32)
[15:01:23] [main/INFO] (Minecraft) [STDERR]: 	at examplemod.ExampleMod.<clinit>(ExampleMod.java:16)
[15:01:23] [main/INFO] (Minecraft) [STDERR]: 	at java.base/java.lang.Class.forName0(Native Method)
[15:01:23] [main/INFO] (Minecraft) [STDERR]: 	at java.base/java.lang.Class.forName(Class.java:467)
[15:01:23] [main/INFO] (Minecraft) [STDERR]: 	at org.jboss.modules.Module.run(Module.java:341)
[15:01:23] [main/INFO] (Minecraft) [STDERR]: 	... 15 more
[15:01:23] [main/INFO] (Minecraft) [STDERR]: Caused by: java.lang.IllegalArgumentException: Not bootstrapped (called from registry ResourceKey[minecraft:root / minecraft:root])
[15:01:23] [main/INFO] (Minecraft) [STDERR]: 	at net.minecraft.Bootstrap.createNotBootstrappedException(Bootstrap.java:111)
[15:01:23] [main/INFO] (Minecraft) [STDERR]: 	at net.minecraft.Bootstrap.ensureBootstrapped(Bootstrap.java:104)
[15:01:23] [main/INFO] (Minecraft) [STDERR]: 	at net.minecraft.util.registry.Registry.<init>(Registry.java:370)
[15:01:23] [main/INFO] (Minecraft) [STDERR]: 	at net.minecraft.util.registry.MutableRegistry.<init>(MutableRegistry.java:8)
[15:01:23] [main/INFO] (Minecraft) [STDERR]: 	at net.minecraft.util.registry.SimpleRegistry.<init>(SimpleRegistry.java:58)
[15:01:23] [main/INFO] (Minecraft) [STDERR]: 	at net.minecraft.util.registry.Registry.<clinit>(Registry.java:179)
[15:01:23] [main/INFO] (Minecraft) [STDERR]: 	... 22 more
[15:01:23] [main/INFO] (Minecraft) [STDOUT]: /home/rhel/Documents/FeatureCreep/esr/1.18.2-Quilt/run/datafiedcontents/items
[15:01:23] [main/INFO] (Minecraft) [STDOUT]: List of files and directories in the specified directory:
[15:01:23] [main/INFO] (Minecraft) [STDOUT]: FeatureCreep is trying to load featurecreep
[15:01:23] [main/INFO] (Minecraft) [STDOUT]: /home/rhel/Documents/FeatureCreep/esr/1.18.2-Quilt/run/datafiedcontents/items/featurecreep/
[15:01:23] [main/INFO] (Minecraft) [STDOUT]: {    "type" => "generic_item",    "modid" => "featurecreep",    "item_name" => "dmr_test",    "id" => 3011,    "group" => "MATERIALS"}
[15:01:23] [main/INFO] (Minecraft) [STDOUT]: {
    "type" => "generic_item",
    "modid" => "featurecreep",
    "item_name" => "dmr_test",
    "id" => 3011,
    "group" => "MATERIALS"
}
[15:01:23] [main/INFO] (Minecraft) [STDOUT]: {    "type" => "generic_pickaxe",    "modid" => "featurecreep",    "item_name" => "dmr_pickaxe",    "id" => 3006,    "group" => "TOOLS",    "attack_damage" => 0,    "attack_speed" => 0,    "material" => {        "max_uses" => 5000,        "efficiency" => 20,        "attack_damage" => 18,        "harvest_level" => 8,        "enchantability" => 20    }}
[15:01:23] [main/INFO] (Minecraft) [STDOUT]: {
    "type" => "generic_pickaxe",
    "modid" => "featurecreep",
    "item_name" => "dmr_pickaxe",
    "id" => 3006,
    "group" => "TOOLS",
    "attack_damage" => 0,
    "attack_speed" => 0,
    "material" => {
        "max_uses" => 5000,
        "efficiency" => 20,
        "attack_damage" => 18,
        "harvest_level" => 8,
        "enchantability" => 20
    }
}
[15:01:23] [main/INFO] (Minecraft) [STDOUT]: {    "type" => "generic_shovel",    "modid" => "featurecreep",    "item_name" => "dmr_shovel",    "id" => 3007,    "group" => "TOOLS",    "attack_damage" => 0,    "attack_speed" => 0,    "material" => {        "max_uses" => 5000,        "efficiency" => 20,        "attack_damage" => 18,        "harvest_level" => 8,        "enchantability" => 20    }}
[15:01:23] [main/INFO] (Minecraft) [STDOUT]: {
    "type" => "generic_shovel",
    "modid" => "featurecreep",
    "item_name" => "dmr_shovel",
    "id" => 3007,
    "group" => "TOOLS",
    "attack_damage" => 0,
    "attack_speed" => 0,
    "material" => {
        "max_uses" => 5000,
        "efficiency" => 20,
        "attack_damage" => 18,
        "harvest_level" => 8,
        "enchantability" => 20
    }
}
[15:01:23] [main/INFO] (Minecraft) [STDOUT]: {    "type" => "generic_hoe",    "modid" => "featurecreep",    "item_name" => "dmr_hoe",    "id" => 3008,    "group" => "TOOLS",    "attack_damage" => 0,    "attack_speed" => 0,    "material" => {        "max_uses" => 5000,        "efficiency" => 20,        "attack_damage" => 18,        "harvest_level" => 8,        "enchantability" => 20    }}
[15:01:23] [main/INFO] (Minecraft) [STDOUT]: {
    "type" => "generic_hoe",
    "modid" => "featurecreep",
    "item_name" => "dmr_hoe",
    "id" => 3008,
    "group" => "TOOLS",
    "attack_damage" => 0,
    "attack_speed" => 0,
    "material" => {
        "max_uses" => 5000,
        "efficiency" => 20,
        "attack_damage" => 18,
        "harvest_level" => 8,
        "enchantability" => 20
    }
}
[15:01:23] [main/INFO] (Minecraft) [STDOUT]: {    "type" => "generic_sword",    "modid" => "featurecreep",    "item_name" => "dmr_sword",    "id" => 3009,    "group" => "COMBAT",    "attack_damage" => 0,    "attack_speed" => 0,    "material" => {        "max_uses" => 5000,        "efficiency" => 20,        "attack_damage" => 18,        "harvest_level" => 8,        "enchantability" => 20    }}
[15:01:23] [main/INFO] (Minecraft) [STDOUT]: {
    "type" => "generic_sword",
    "modid" => "featurecreep",
    "item_name" => "dmr_sword",
    "id" => 3009,
    "group" => "COMBAT",
    "attack_damage" => 0,
    "attack_speed" => 0,
    "material" => {
        "max_uses" => 5000,
        "efficiency" => 20,
        "attack_damage" => 18,
        "harvest_level" => 8,
        "enchantability" => 20
    }
}
[15:01:23] [main/INFO] (Minecraft) [STDOUT]: {    "type" => "generic_axe",    "modid" => "featurecreep",    "item_name" => "dmr_axe",    "id" => 3010,    "group" => "TOOLS",    "attack_damage" => 0,    "attack_speed" => 0,    "material" => {        "max_uses" => 5000,        "efficiency" => 20,        "attack_damage" => 18,        "harvest_level" => 8,        "enchantability" => 20    }}
[15:01:23] [main/INFO] (Minecraft) [STDOUT]: {
    "type" => "generic_axe",
    "modid" => "featurecreep",
    "item_name" => "dmr_axe",
    "id" => 3010,
    "group" => "TOOLS",
    "attack_damage" => 0,
    "attack_speed" => 0,
    "material" => {
        "max_uses" => 5000,
        "efficiency" => 20,
        "attack_damage" => 18,
        "harvest_level" => 8,
        "enchantability" => 20
    }
}
[15:01:23] [main/INFO] (Minecraft) [STDOUT]: /home/rhel/Documents/FeatureCreep/esr/1.18.2-Quilt/run/tmp/gfx/interface/technologies
[15:01:23] [main/INFO] (Minecraft) [STDOUT]: List of files and directories in the specified directory:
[15:01:23] [main/INFO] (Minecraft) [STDOUT]: /home/rhel/Documents/FeatureCreep/esr/1.18.2-Quilt/run/resourcepacks/fcpack_8/pack.mcmeta
[15:01:24] [main/INFO] (Initializer) [Quilt Command] Networking support is enabled
[15:01:26] [Render thread/INFO] (Minecraft) Environment: authHost='https://authserver.mojang.com', accountsHost='https://api.mojang.com', sessionHost='https://sessionserver.mojang.com', servicesHost='https://api.minecraftservices.com', name='PROD'
[15:01:29] [Render thread/ERROR] (Minecraft) Failed to verify authentication
com.mojang.authlib.exceptions.InvalidCredentialsException: Status: 401
	at com.mojang.authlib.exceptions.MinecraftClientHttpException.toAuthenticationException(MinecraftClientHttpException.java:56) ~[authlib-3.3.39.jar:?]
	at com.mojang.authlib.yggdrasil.YggdrasilUserApiService.fetchProperties(YggdrasilUserApiService.java:132) ~[authlib-3.3.39.jar:?]
	at com.mojang.authlib.yggdrasil.YggdrasilUserApiService.<init>(YggdrasilUserApiService.java:44) ~[authlib-3.3.39.jar:?]
	at com.mojang.authlib.yggdrasil.YggdrasilAuthenticationService.createUserApiService(YggdrasilAuthenticationService.java:153) ~[authlib-3.3.39.jar:?]
	at net.minecraft.client.MinecraftClient.createUserApiService(MinecraftClient.java:700) [minecraft-project-@-merged-named.jar:?]
	at net.minecraft.client.MinecraftClient.<init>(MinecraftClient.java:489) [minecraft-project-@-merged-named.jar:?]
	at net.minecraft.client.main.Main.main(Main.java:179) [minecraft-project-@-merged-named.jar:?]
	at jdk.internal.reflect.NativeMethodAccessorImpl.invoke0(Native Method) ~[?:?]
	at jdk.internal.reflect.NativeMethodAccessorImpl.invoke(NativeMethodAccessorImpl.java:77) ~[?:?]
	at jdk.internal.reflect.DelegatingMethodAccessorImpl.invoke(DelegatingMethodAccessorImpl.java:43) ~[?:?]
	at java.lang.reflect.Method.invoke(Method.java:568) ~[?:?]
	at org.quiltmc.loader.impl.game.minecraft.MinecraftGameProvider.launch(MinecraftGameProvider.java:423) [quilt-loader-0.17.0.jar:?]
	at org.quiltmc.loader.impl.launch.knot.Knot.launch(Knot.java:76) [quilt-loader-0.17.0.jar:?]
	at org.quiltmc.loader.impl.launch.knot.KnotClient.main(KnotClient.java:24) [quilt-loader-0.17.0.jar:?]
	at net.fabricmc.devlaunchinjector.Main.main(Main.java:86) [dev-launch-injector-0.2.1+build.8.jar:?]
Caused by: com.mojang.authlib.exceptions.MinecraftClientHttpException: Status: 401
	at com.mojang.authlib.minecraft.client.MinecraftClient.readInputStream(MinecraftClient.java:78) ~[authlib-3.3.39.jar:?]
	at com.mojang.authlib.minecraft.client.MinecraftClient.get(MinecraftClient.java:48) ~[authlib-3.3.39.jar:?]
	at com.mojang.authlib.yggdrasil.YggdrasilUserApiService.fetchProperties(YggdrasilUserApiService.java:113) ~[authlib-3.3.39.jar:?]
	... 13 more
[15:01:29] [Render thread/INFO] (Minecraft) Setting user: Player342
[15:01:30] [Render thread/INFO] (Indigo) [Indigo] Registering Indigo renderer!
[15:01:32] [Render thread/INFO] (ClientInitializer) [Quilt Command|Client] Networking support is enabled
[15:01:34] [Render thread/INFO] (Minecraft) Backend library: LWJGL version 3.2.2 build 10
[15:01:44] [Render thread/WARN] (Minecraft) ERROR : Couldn't load Narrator library
java.lang.UnsatisfiedLinkError: Unable to load library 'fliteWrapper':
libflite.so.1: cannot open shared object file: No such file or directory
libflite.so.1: cannot open shared object file: No such file or directory
Native library (linux-x86-64/libfliteWrapper.so) not found in resource path (/home/rhel/Documents/FeatureCreep/esr/1.18.2-Quilt/build/classes/java/main:/home/rhel/Documents/FeatureCreep/esr/1.18.2-Quilt/build/resources/main:/home/rhel/.gradle/caches/quilt-loom/1.18.2/net.fabricmc.yarn.1_18_2.1.18.2+build.4-v2/mappings.jar:/home/rhel/.gradle/caches/modules-2/files-2.1/net.fabricmc/tiny-mappings-parser/0.3.0+build.17/2f10540a290e382a7cd35c16ec3900046a4e252/tiny-mappings-parser-0.3.0+build.17.jar:/home/rhel/.gradle/caches/modules-2/files-2.1/net.fabricmc/sponge-mixin/0.11.2+mixin.0.8.5/f4ae569d559b5e3244b67321945261d83ff7ad8e/sponge-mixin-0.11.2+mixin.0.8.5.jar:/home/rhel/.gradle/caches/modules-2/files-2.1/net.fabricmc/tiny-remapper/0.8.1/d220c092cd1446d5f2668b53e71abe23a12cb8cf/tiny-remapper-0.8.1.jar:/home/rhel/.gradle/caches/modules-2/files-2.1/net.fabricmc/access-widener/2.1.0/f62a27adbfd8ab4d4fa5681793039f2c0b177155/access-widener-2.1.0.jar:/home/rhel/.gradle/caches/modules-2/files-2.1/org.quiltmc/quilt-json5/1.0.1/41284edd812c0063253241ab2f942168f8fdd109/quilt-json5-1.0.1.jar:/home/rhel/.gradle/caches/modules-2/files-2.1/org.ow2.asm/asm/9.3/8e6300ef51c1d801a7ed62d07cd221aca3a90640/asm-9.3.jar:/home/rhel/.gradle/caches/modules-2/files-2.1/org.ow2.asm/asm-analysis/9.3/4b071f211b37c38e0e9f5998550197c8593f6ad8/asm-analysis-9.3.jar:/home/rhel/.gradle/caches/modules-2/files-2.1/org.ow2.asm/asm-commons/9.3/1f2a432d1212f5c352ae607d7b61dcae20c20af5/asm-commons-9.3.jar:/home/rhel/.gradle/caches/modules-2/files-2.1/org.ow2.asm/asm-tree/9.3/78d2ecd61318b5a58cd04fb237636c0e86b77d97/asm-tree-9.3.jar:/home/rhel/.gradle/caches/modules-2/files-2.1/org.ow2.asm/asm-util/9.3/9595bc05510d0bd4b610188b77333fe4851a1975/asm-util-9.3.jar:/home/rhel/.gradle/caches/modules-2/files-2.1/org.quiltmc/quilt-config/1.0.0-beta.4/ed548d8ff230de813552d9cb1a80fba4ac0938b2/quilt-config-1.0.0-beta.4.jar:/home/rhel/.gradle/caches/modules-2/files-2.1/net.fabricmc/dev-launch-injector/0.2.1+build.8/da8bef7e6e2f952da707f282bdb46882a0fce5e3/dev-launch-injector-0.2.1+build.8.jar:/home/rhel/.gradle/caches/modules-2/files-2.1/net.minecrell/terminalconsoleappender/1.2.0/96d02cd3b384ff015a8fef4223bcb4ccf1717c95/terminalconsoleappender-1.2.0.jar:/home/rhel/.gradle/caches/modules-2/files-2.1/com.mojang/patchy/2.2.10/da05971b07cbb379d002cf7eaec6a2048211fefc/patchy-2.2.10.jar:/home/rhel/.gradle/caches/modules-2/files-2.1/com.mojang/blocklist/1.0.10/5c685c5ffa94c4cd39496c7184c1d122e515ecef/blocklist-1.0.10.jar:/home/rhel/.gradle/caches/modules-2/files-2.1/com.ibm.icu/icu4j/70.1/dfa3a1fbc55bf5db8c6e79fc0935ac7ab1202950/icu4j-70.1.jar:/home/rhel/.gradle/caches/modules-2/files-2.1/org.apache.httpcomponents/httpclient/4.5.13/e5f6cae5ca7ecaac1ec2827a9e2d65ae2869cada/httpclient-4.5.13.jar:/home/rhel/.gradle/caches/modules-2/files-2.1/commons-codec/commons-codec/1.15/49d94806b6e3dc933dacbd8acb0fdbab8ebd1e5d/commons-codec-1.15.jar:/home/rhel/.gradle/caches/modules-2/files-2.1/org.apache.commons/commons-compress/1.21/4ec95b60d4e86b5c95a0e919cb172a0af98011ef/commons-compress-1.21.jar:/home/rhel/.gradle/caches/modules-2/files-2.1/commons-logging/commons-logging/1.2/4bfc12adfe4842bf07b657f0369c4cb522955686/commons-logging-1.2.jar:/home/rhel/.gradle/caches/modules-2/files-2.1/org.apache.httpcomponents/httpcore/4.4.14/9dd1a631c082d92ecd4bd8fd4cf55026c720a8c1/httpcore-4.4.14.jar:/home/rhel/.gradle/caches/modules-2/files-2.1/org.lwjgl/lwjgl-jemalloc/3.2.2/ee8e57a79300f78294576d87c4a587f8c99402e2/lwjgl-jemalloc-3.2.2.jar:/home/rhel/.gradle/caches/modules-2/files-2.1/org.lwjgl/lwjgl-openal/3.2.2/2b772a102b0a11ee5f2109a5b136f4dc7c630827/lwjgl-openal-3.2.2.jar:/home/rhel/.gradle/caches/modules-2/files-2.1/org.lwjgl/lwjgl-opengl/3.2.2/6ac5bb88b44c43ea195a570aab059f63da004cd8/lwjgl-opengl-3.2.2.jar:/home/rhel/.gradle/caches/modules-2/files-2.1/org.lwjgl/lwjgl-glfw/3.2.2/d3ad4df38e400b8afba1de63f84338809399df5b/lwjgl-glfw-3.2.2.jar:/home/rhel/.gradle/caches/modules-2/files-2.1/org.lwjgl/lwjgl-stb/3.2.2/3b8e6ebc5851dd3d17e37e5cadce2eff2a429f0f/lwjgl-stb-3.2.2.jar:/home/rhel/.gradle/caches/modules-2/files-2.1/org.lwjgl/lwjgl-tinyfd/3.2.2/fcbe606c8f8da6f8f9a05e2c540eb1ee8632b0e9/lwjgl-tinyfd-3.2.2.jar:/home/rhel/.gradle/caches/modules-2/files-2.1/org.lwjgl/lwjgl/3.2.2/8ad6294407e15780b43e84929c40e4c5e997972e/lwjgl-3.2.2.jar:/home/rhel/.gradle/caches/modules-2/files-2.1/com.mojang/text2speech/1.12.4/1f618f522dbdd93218c270bcfd8f8dd84be31717/text2speech-1.12.4.jar:/home/rhel/Documents/FeatureCreep/esr/1.18.2-Quilt/.gradle/quilt-loom-cache/1.18.2/net.fabricmc.yarn.1_18_2.1.18.2+build.4-v2/minecraft-project-@-merged-named.jar:/home/rhel/.gradle/caches/modules-2/files-2.1/com.mojang/logging/1.0.0/f6ca3b2eee0b80b384e8ed93d368faecb82dfb9b/logging-1.0.0.jar:/home/rhel/.gradle/caches/modules-2/files-2.1/com.github.oshi/oshi-core/5.8.5/1d0ec654d820741327f5a9229d513732a4b7ce50/oshi-core-5.8.5.jar:/home/rhel/.gradle/caches/modules-2/files-2.1/net.java.dev.jna/jna-platform/5.10.0/fbed7d9669dba47714ad0d4f4454290a997aee69/jna-platform-5.10.0.jar:/home/rhel/.gradle/caches/modules-2/files-2.1/ca.weblite/java-objc-bridge/1.0.0/6ef160c3133a78de015830860197602ca1c855d3/java-objc-bridge-1.0.0.jar:/home/rhel/.gradle/caches/modules-2/files-2.1/net.java.dev.jna/jna/5.10.0/7cf4c87dd802db50721db66947aa237d7ad09418/jna-5.10.0.jar:/home/rhel/.gradle/caches/modules-2/files-2.1/org.apache.logging.log4j/log4j-slf4j18-impl/2.17.0/bd7f6c0b9224dd214afb4e684957e2349b529a8d/log4j-slf4j18-impl-2.17.0.jar:/home/rhel/.gradle/caches/modules-2/files-2.1/com.mojang/datafixerupper/4.1.27/a02c43824ce57c3f7a7d7e744f0d99a040398b5/datafixerupper-4.1.27.jar:/home/rhel/.gradle/caches/modules-2/files-2.1/com.mojang/authlib/3.3.39/289405e70c0917eaeac017f7fba9adb4427baa36/authlib-3.3.39.jar:/home/rhel/.gradle/caches/modules-2/files-2.1/org.slf4j/slf4j-api/1.8.0-beta4/83b0359d847ee053d745be7ec0d8e9e8a44304b4/slf4j-api-1.8.0-beta4.jar:/home/rhel/.gradle/caches/modules-2/files-2.1/com.mojang/javabridge/1.2.24/c876796229b2ef5120f186eab5acc870699d3b9/javabridge-1.2.24.jar:/home/rhel/.gradle/caches/modules-2/files-2.1/net.sf.jopt-simple/jopt-simple/5.0.4/4fdac2fbe92dfad86aa6e9301736f6b4342a3f5c/jopt-simple-5.0.4.jar:/home/rhel/.gradle/caches/modules-2/files-2.1/io.netty/netty-all/4.1.68.Final/b8266a3c93c1c051109f71d3449e5dcd5d60b333/netty-all-4.1.68.Final.jar:/home/rhel/.gradle/caches/modules-2/files-2.1/com.google.guava/guava/31.0.1-jre/119ea2b2bc205b138974d351777b20f02b92704b/guava-31.0.1-jre.jar:/home/rhel/.gradle/caches/modules-2/files-2.1/com.google.guava/failureaccess/1.0.1/1dcf1de382a0bf95a3d8b0849546c88bac1292c9/failureaccess-1.0.1.jar:/home/rhel/.gradle/caches/modules-2/files-2.1/org.apache.commons/commons-lang3/3.12.0/c6842c86792ff03b9f1d1fe2aab8dc23aa6c6f0e/commons-lang3-3.12.0.jar:/home/rhel/.gradle/caches/modules-2/files-2.1/commons-io/commons-io/2.11.0/a2503f302b11ebde7ebc3df41daebe0e4eea3689/commons-io-2.11.0.jar:/home/rhel/.gradle/caches/modules-2/files-2.1/com.mojang/brigadier/1.0.18/c1ef1234282716483c92183f49bef47b1a89bfa9/brigadier-1.0.18.jar:/home/rhel/.gradle/caches/modules-2/files-2.1/com.google.code.gson/gson/2.8.9/8a432c1d6825781e21a02db2e2c33c5fde2833b9/gson-2.8.9.jar:/home/rhel/.gradle/caches/modules-2/files-2.1/it.unimi.dsi/fastutil/8.5.6/76f95700418a68fbc4ac050525261f05dc681ca1/fastutil-8.5.6.jar:/home/rhel/.gradle/caches/modules-2/files-2.1/org.apache.logging.log4j/log4j-core/2.17.0/fe6e7a32c1228884b9691a744f953a55d0dd8ead/log4j-core-2.17.0.jar:/home/rhel/.gradle/caches/modules-2/files-2.1/org.apache.logging.log4j/log4j-api/2.17.0/bbd791e9c8c9421e45337c4fe0a10851c086e36c/log4j-api-2.17.0.jar:/home/rhel/Documents/FeatureCreep/esr/1.18.2-Quilt/.gradle/quilt-loom-cache/remapped_mods/net_fabricmc_yarn_1_18_2_1_18_2_build_4_v2/org/quiltmc/quilted-fabric-api/quilted-fabric-api/1.0.0-beta.20+0.55.1-1.18.2/quilted-fabric-api-1.0.0-beta.20+0.55.1-1.18.2.jar:/home/rhel/Documents/FeatureCreep/esr/1.18.2-Quilt/.gradle/quilt-loom-cache/remapped_mods/net_fabricmc_yarn_1_18_2_1_18_2_build_4_v2/org/quiltmc/qsl/block/block_extensions/1.1.0-beta.17+1.18.2/block_extensions-1.1.0-beta.17+1.18.2.jar:/home/rhel/Documents/FeatureCreep/esr/1.18.2-Quilt/.gradle/quilt-loom-cache/remapped_mods/net_fabricmc_yarn_1_18_2_1_18_2_build_4_v2/org/quiltmc/qsl/core/crash_info/1.1.0-beta.17+1.18.2/crash_info-1.1.0-beta.17+1.18.2.jar:/home/rhel/Documents/FeatureCreep/esr/1.18.2-Quilt/.gradle/quilt-loom-cache/remapped_mods/net_fabricmc_yarn_1_18_2_1_18_2_build_4_v2/org/quiltmc/qsl/data/registry_entry_attachments/1.1.0-beta.17+1.18.2/registry_entry_attachments-1.1.0-beta.17+1.18.2.jar:/home/rhel/Documents/FeatureCreep/esr/1.18.2-Quilt/.gradle/quilt-loom-cache/remapped_mods/net_fabricmc_yarn_1_18_2_1_18_2_build_4_v2/org/quiltmc/qsl/core/networking/1.1.0-beta.17+1.18.2/networking-1.1.0-beta.17+1.18.2.jar:/home/rhel/Documents/FeatureCreep/esr/1.18.2-Quilt/.gradle/quilt-loom-cache/remapped_mods/net_fabricmc_yarn_1_18_2_1_18_2_build_4_v2/org/quiltmc/qsl/data/tags/1.1.0-beta.17+1.18.2/tags-1.1.0-beta.17+1.18.2.jar:/home/rhel/Documents/FeatureCreep/esr/1.18.2-Quilt/.gradle/quilt-loom-cache/remapped_mods/net_fabricmc_yarn_1_18_2_1_18_2_build_4_v2/org/quiltmc/qsl/core/lifecycle_events/1.1.0-beta.17+1.18.2/lifecycle_events-1.1.0-beta.17+1.18.2.jar:/home/rhel/Documents/FeatureCreep/esr/1.18.2-Quilt/.gradle/quilt-loom-cache/remapped_mods/net_fabricmc_yarn_1_18_2_1_18_2_build_4_v2/org/quiltmc/qsl/core/registry/1.1.0-beta.17+1.18.2/registry-1.1.0-beta.17+1.18.2.jar:/home/rhel/Documents/FeatureCreep/esr/1.18.2-Quilt/.gradle/quilt-loom-cache/remapped_mods/net_fabricmc_yarn_1_18_2_1_18_2_build_4_v2/org/quiltmc/qsl/item/item_group/1.1.0-beta.17+1.18.2/item_group-1.1.0-beta.17+1.18.2.jar:/home/rhel/Documents/FeatureCreep/esr/1.18.2-Quilt/.gradle/quilt-loom-cache/remapped_mods/net_fabricmc_yarn_1_18_2_1_18_2_build_4_v2/org/quiltmc/qsl/management/command/1.1.0-beta.17+1.18.2/command-1.1.0-beta.17+1.18.2.jar:/home/rhel/Documents/FeatureCreep/esr/1.18.2-Quilt/.gradle/quilt-loom-cache/remapped_mods/net_fabricmc_yarn_1_18_2_1_18_2_build_4_v2/org/quiltmc/qsl/core/resource_loader/1.1.0-beta.17+1.18.2/resource_loader-1.1.0-beta.17+1.18.2.jar:/home/rhel/Documents/FeatureCreep/esr/1.18.2-Quilt/.gradle/quilt-loom-cache/remapped_mods/net_fabricmc_yarn_1_18_2_1_18_2_build_4_v2/org/quiltmc/qsl/data/recipe/1.1.0-beta.17+1.18.2/recipe-1.1.0-beta.17+1.18.2.jar:/home/rhel/Documents/FeatureCreep/esr/1.18.2-Quilt/.gradle/quilt-loom-cache/remapped_mods/net_fabricmc_yarn_1_18_2_1_18_2_build_4_v2/org/quiltmc/qsl/gui/screen/1.1.0-beta.17+1.18.2/screen-1.1.0-beta.17+1.18.2.jar:/home/rhel/Documents/FeatureCreep/esr/1.18.2-Quilt/.gradle/quilt-loom-cache/remapped_mods/net_fabricmc_yarn_1_18_2_1_18_2_build_4_v2/org/quiltmc/qsl/gui/tooltip/1.1.0-beta.17+1.18.2/tooltip-1.1.0-beta.17+1.18.2.jar:/home/rhel/Documents/FeatureCreep/esr/1.18.2-Quilt/.gradle/quilt-loom-cache/remapped_mods/net_fabricmc_yarn_1_18_2_1_18_2_build_4_v2/org/quiltmc/qsl/item/item_setting/1.1.0-beta.17+1.18.2/item_setting-1.1.0-beta.17+1.18.2.jar:/home/rhel/Documents/FeatureCreep/esr/1.18.2-Quilt/.gradle/quilt-loom-cache/remapped_mods/net_fabricmc_yarn_1_18_2_1_18_2_build_4_v2/org/quiltmc/qsl/management/client_command/1.1.0-beta.17+1.18.2/client_command-1.1.0-beta.17+1.18.2.jar:/home/rhel/Documents/FeatureCreep/esr/1.18.2-Quilt/.gradle/quilt-loom-cache/remapped_mods/net_fabricmc_yarn_1_18_2_1_18_2_build_4_v2/org/quiltmc/qsl/worldgen/biome/1.1.0-beta.17+1.18.2/biome-1.1.0-beta.17+1.18.2.jar:/home/rhel/Documents/FeatureCreep/esr/1.18.2-Quilt/.gradle/quilt-loom-cache/remapped_mods/net_fabricmc_yarn_1_18_2_1_18_2_build_4_v2/org/quiltmc/qsl/worldgen/dimension/1.1.0-beta.17+1.18.2/dimension-1.1.0-beta.17+1.18.2.jar:/home/rhel/Documents/FeatureCreep/esr/1.18.2-Quilt/.gradle/quilt-loom-cache/remapped_mods/net_fabricmc_yarn_1_18_2_1_18_2_build_4_v2/org/quiltmc/qsl/core/qsl_base/1.1.0-beta.17+1.18.2/qsl_base-1.1.0-beta.17+1.18.2.jar:/home/rhel/Documents/FeatureCreep/esr/1.18.2-Quilt/.gradle/quilt-loom-cache/remapped_mods/net_fabricmc_yarn_1_18_2_1_18_2_build_4_v2/org/quiltmc/quilt-loader/0.17.0/quilt-loader-0.17.0.jar:/home/rhel/Documents/FeatureCreep/esr/1.18.2-Quilt/.gradle/quilt-loom-cache/remapped_mods/net_fabricmc_yarn_1_18_2_1_18_2_build_4_v2/org/quiltmc/quilted-fabric-api/fabric-transfer-api-v1/1.0.0-beta.20+0.55.1-1.18.2/fabric-transfer-api-v1-1.0.0-beta.20+0.55.1-1.18.2.jar:/home/rhel/Documents/FeatureCreep/esr/1.18.2-Quilt/.gradle/quilt-loom-cache/remapped_mods/net_fabricmc_yarn_1_18_2_1_18_2_build_4_v2/org/quiltmc/quilted-fabric-api/fabric-api-lookup-api-v1/1.0.0-beta.20+0.55.1-1.18.2/fabric-api-lookup-api-v1-1.0.0-beta.20+0.55.1-1.18.2.jar:/home/rhel/Documents/FeatureCreep/esr/1.18.2-Quilt/.gradle/quilt-loom-cache/remapped_mods/net_fabricmc_yarn_1_18_2_1_18_2_build_4_v2/org/quiltmc/quilted-fabric-api/fabric-blockrenderlayer-v1/1.0.0-beta.20+0.55.1-1.18.2/fabric-blockrenderlayer-v1-1.0.0-beta.20+0.55.1-1.18.2.jar:/home/rhel/Documents/FeatureCreep/esr/1.18.2-Quilt/.gradle/quilt-loom-cache/remapped_mods/net_fabricmc_yarn_1_18_2_1_18_2_build_4_v2/org/quiltmc/quilted-fabric-api/fabric-commands-v0/1.0.0-beta.20+0.55.1-1.18.2/fabric-commands-v0-1.0.0-beta.20+0.55.1-1.18.2.jar:/home/rhel/Documents/FeatureCreep/esr/1.18.2-Quilt/.gradle/quilt-loom-cache/remapped_mods/net_fabricmc_yarn_1_18_2_1_18_2_build_4_v2/org/quiltmc/quilted-fabric-api/fabric-command-api-v1/1.0.0-beta.20+0.55.1-1.18.2/fabric-command-api-v1-1.0.0-beta.20+0.55.1-1.18.2.jar:/home/rhel/Documents/FeatureCreep/esr/1.18.2-Quilt/.gradle/quilt-loom-cache/remapped_mods/net_fabricmc_yarn_1_18_2_1_18_2_build_4_v2/org/quiltmc/quilted-fabric-api/fabric-containers-v0/1.0.0-beta.20+0.55.1-1.18.2/fabric-containers-v0-1.0.0-beta.20+0.55.1-1.18.2.jar:/home/rhel/Documents/FeatureCreep/esr/1.18.2-Quilt/.gradle/quilt-loom-cache/remapped_mods/net_fabricmc_yarn_1_18_2_1_18_2_build_4_v2/org/quiltmc/quilted-fabric-api/fabric-content-registries-v0/1.0.0-beta.20+0.55.1-1.18.2/fabric-content-registries-v0-1.0.0-beta.20+0.55.1-1.18.2.jar:/home/rhel/Documents/FeatureCreep/esr/1.18.2-Quilt/.gradle/quilt-loom-cache/remapped_mods/net_fabricmc_yarn_1_18_2_1_18_2_build_4_v2/org/quiltmc/quilted-fabric-api/fabric-convention-tags-v1/1.0.0-beta.20+0.55.1-1.18.2/fabric-convention-tags-v1-1.0.0-beta.20+0.55.1-1.18.2.jar:/home/rhel/Documents/FeatureCreep/esr/1.18.2-Quilt/.gradle/quilt-loom-cache/remapped_mods/net_fabricmc_yarn_1_18_2_1_18_2_build_4_v2/org/quiltmc/quilted-fabric-api/fabric-data-generation-api-v1/1.0.0-beta.20+0.55.1-1.18.2/fabric-data-generation-api-v1-1.0.0-beta.20+0.55.1-1.18.2.jar:/home/rhel/Documents/FeatureCreep/esr/1.18.2-Quilt/.gradle/quilt-loom-cache/remapped_mods/net_fabricmc_yarn_1_18_2_1_18_2_build_4_v2/org/quiltmc/quilted-fabric-api/fabric-dimensions-v1/1.0.0-beta.20+0.55.1-1.18.2/fabric-dimensions-v1-1.0.0-beta.20+0.55.1-1.18.2.jar:/home/rhel/Documents/FeatureCreep/esr/1.18.2-Quilt/.gradle/quilt-loom-cache/remapped_mods/net_fabricmc_yarn_1_18_2_1_18_2_build_4_v2/org/quiltmc/quilted-fabric-api/fabric-entity-events-v1/1.0.0-beta.20+0.55.1-1.18.2/fabric-entity-events-v1-1.0.0-beta.20+0.55.1-1.18.2.jar:/home/rhel/Documents/FeatureCreep/esr/1.18.2-Quilt/.gradle/quilt-loom-cache/remapped_mods/net_fabricmc_yarn_1_18_2_1_18_2_build_4_v2/org/quiltmc/quilted-fabric-api/fabric-events-interaction-v0/1.0.0-beta.20+0.55.1-1.18.2/fabric-events-interaction-v0-1.0.0-beta.20+0.55.1-1.18.2.jar:/home/rhel/Documents/FeatureCreep/esr/1.18.2-Quilt/.gradle/quilt-loom-cache/remapped_mods/net_fabricmc_yarn_1_18_2_1_18_2_build_4_v2/org/quiltmc/quilted-fabric-api/fabric-events-lifecycle-v0/1.0.0-beta.20+0.55.1-1.18.2/fabric-events-lifecycle-v0-1.0.0-beta.20+0.55.1-1.18.2.jar:/home/rhel/Documents/FeatureCreep/esr/1.18.2-Quilt/.gradle/quilt-loom-cache/remapped_mods/net_fabricmc_yarn_1_18_2_1_18_2_build_4_v2/org/quiltmc/quilted-fabric-api/fabric-gametest-api-v1/1.0.0-beta.20+0.55.1-1.18.2/fabric-gametest-api-v1-1.0.0-beta.20+0.55.1-1.18.2.jar:/home/rhel/Documents/FeatureCreep/esr/1.18.2-Quilt/.gradle/quilt-loom-cache/remapped_mods/net_fabricmc_yarn_1_18_2_1_18_2_build_4_v2/org/quiltmc/quilted-fabric-api/fabric-item-api-v1/1.0.0-beta.20+0.55.1-1.18.2/fabric-item-api-v1-1.0.0-beta.20+0.55.1-1.18.2.jar:/home/rhel/Documents/FeatureCreep/esr/1.18.2-Quilt/.gradle/quilt-loom-cache/remapped_mods/net_fabricmc_yarn_1_18_2_1_18_2_build_4_v2/org/quiltmc/quilted-fabric-api/fabric-item-groups-v0/1.0.0-beta.20+0.55.1-1.18.2/fabric-item-groups-v0-1.0.0-beta.20+0.55.1-1.18.2.jar:/home/rhel/Documents/FeatureCreep/esr/1.18.2-Quilt/.gradle/quilt-loom-cache/remapped_mods/net_fabricmc_yarn_1_18_2_1_18_2_build_4_v2/org/quiltmc/quilted-fabric-api/fabric-lifecycle-events-v1/1.0.0-beta.20+0.55.1-1.18.2/fabric-lifecycle-events-v1-1.0.0-beta.20+0.55.1-1.18.2.jar:/home/rhel/Documents/FeatureCreep/esr/1.18.2-Quilt/.gradle/quilt-loom-cache/remapped_mods/net_fabricmc_yarn_1_18_2_1_18_2_build_4_v2/org/quiltmc/quilted-fabric-api/fabric-loot-tables-v1/1.0.0-beta.20+0.55.1-1.18.2/fabric-loot-tables-v1-1.0.0-beta.20+0.55.1-1.18.2.jar:/home/rhel/Documents/FeatureCreep/esr/1.18.2-Quilt/.gradle/quilt-loom-cache/remapped_mods/net_fabricmc_yarn_1_18_2_1_18_2_build_4_v2/org/quiltmc/quilted-fabric-api/fabric-loot-api-v2/1.0.0-beta.20+0.55.1-1.18.2/fabric-loot-api-v2-1.0.0-beta.20+0.55.1-1.18.2.jar:/home/rhel/Documents/FeatureCreep/esr/1.18.2-Quilt/.gradle/quilt-loom-cache/remapped_mods/net_fabricmc_yarn_1_18_2_1_18_2_build_4_v2/org/quiltmc/quilted-fabric-api/fabric-mining-level-api-v1/1.0.0-beta.20+0.55.1-1.18.2/fabric-mining-level-api-v1-1.0.0-beta.20+0.55.1-1.18.2.jar:/home/rhel/Documents/FeatureCreep/esr/1.18.2-Quilt/.gradle/quilt-loom-cache/remapped_mods/net_fabricmc_yarn_1_18_2_1_18_2_build_4_v2/org/quiltmc/quilted-fabric-api/fabric-models-v0/1.0.0-beta.20+0.55.1-1.18.2/fabric-models-v0-1.0.0-beta.20+0.55.1-1.18.2.jar:/home/rhel/Documents/FeatureCreep/esr/1.18.2-Quilt/.gradle/quilt-loom-cache/remapped_mods/net_fabricmc_yarn_1_18_2_1_18_2_build_4_v2/org/quiltmc/quilted-fabric-api/fabric-networking-v0/1.0.0-beta.20+0.55.1-1.18.2/fabric-networking-v0-1.0.0-beta.20+0.55.1-1.18.2.jar:/home/rhel/Documents/FeatureCreep/esr/1.18.2-Quilt/.gradle/quilt-loom-cache/remapped_mods/net_fabricmc_yarn_1_18_2_1_18_2_build_4_v2/org/quiltmc/quilted-fabric-api/fabric-registry-sync-v0/1.0.0-beta.20+0.55.1-1.18.2/fabric-registry-sync-v0-1.0.0-beta.20+0.55.1-1.18.2.jar:/home/rhel/Documents/FeatureCreep/esr/1.18.2-Quilt/.gradle/quilt-loom-cache/remapped_mods/net_fabricmc_yarn_1_18_2_1_18_2_build_4_v2/org/quiltmc/quilted-fabric-api/fabric-screen-handler-api-v1/1.0.0-beta.20+0.55.1-1.18.2/fabric-screen-handler-api-v1-1.0.0-beta.20+0.55.1-1.18.2.jar:/home/rhel/Documents/FeatureCreep/esr/1.18.2-Quilt/.gradle/quilt-loom-cache/remapped_mods/net_fabricmc_yarn_1_18_2_1_18_2_build_4_v2/org/quiltmc/quilted-fabric-api/fabric-networking-api-v1/1.0.0-beta.20+0.55.1-1.18.2/fabric-networking-api-v1-1.0.0-beta.20+0.55.1-1.18.2.jar:/home/rhel/Documents/FeatureCreep/esr/1.18.2-Quilt/.gradle/quilt-loom-cache/remapped_mods/net_fabricmc_yarn_1_18_2_1_18_2_build_4_v2/org/quiltmc/quilted-fabric-api/fabric-object-builder-api-v1/1.0.0-beta.20+0.55.1-1.18.2/fabric-object-builder-api-v1-1.0.0-beta.20+0.55.1-1.18.2.jar:/home/rhel/Documents/FeatureCreep/esr/1.18.2-Quilt/.gradle/quilt-loom-cache/remapped_mods/net_fabricmc_yarn_1_18_2_1_18_2_build_4_v2/org/quiltmc/quilted-fabric-api/fabric-particles-v1/1.0.0-beta.20+0.55.1-1.18.2/fabric-particles-v1-1.0.0-beta.20+0.55.1-1.18.2.jar:/home/rhel/Documents/FeatureCreep/esr/1.18.2-Quilt/.gradle/quilt-loom-cache/remapped_mods/net_fabricmc_yarn_1_18_2_1_18_2_build_4_v2/org/quiltmc/quilted-fabric-api/fabric-renderer-indigo/1.0.0-beta.20+0.55.1-1.18.2/fabric-renderer-indigo-1.0.0-beta.20+0.55.1-1.18.2.jar:/home/rhel/Documents/FeatureCreep/esr/1.18.2-Quilt/.gradle/quilt-loom-cache/remapped_mods/net_fabricmc_yarn_1_18_2_1_18_2_build_4_v2/org/quiltmc/quilted-fabric-api/fabric-renderer-api-v1/1.0.0-beta.20+0.55.1-1.18.2/fabric-renderer-api-v1-1.0.0-beta.20+0.55.1-1.18.2.jar:/home/rhel/Documents/FeatureCreep/esr/1.18.2-Quilt/.gradle/quilt-loom-cache/remapped_mods/net_fabricmc_yarn_1_18_2_1_18_2_build_4_v2/org/quiltmc/quilted-fabric-api/fabric-renderer-registries-v1/1.0.0-beta.20+0.55.1-1.18.2/fabric-renderer-registries-v1-1.0.0-beta.20+0.55.1-1.18.2.jar:/home/rhel/Documents/FeatureCreep/esr/1.18.2-Quilt/.gradle/quilt-loom-cache/remapped_mods/net_fabricmc_yarn_1_18_2_1_18_2_build_4_v2/org/quiltmc/quilted-fabric-api/fabric-rendering-data-attachment-v1/1.0.0-beta.20+0.55.1-1.18.2/fabric-rendering-data-attachment-v1-1.0.0-beta.20+0.55.1-1.18.2.jar:/home/rhel/Documents/FeatureCreep/esr/1.18.2-Quilt/.gradle/quilt-loom-cache/remapped_mods/net_fabricmc_yarn_1_18_2_1_18_2_build_4_v2/org/quiltmc/quilted-fabric-api/fabric-rendering-fluids-v1/1.0.0-beta.20+0.55.1-1.18.2/fabric-rendering-fluids-v1-1.0.0-beta.20+0.55.1-1.18.2.jar:/home/rhel/Documents/FeatureCreep/esr/1.18.2-Quilt/.gradle/quilt-loom-cache/remapped_mods/net_fabricmc_yarn_1_18_2_1_18_2_build_4_v2/org/quiltmc/quilted-fabric-api/fabric-rendering-v0/1.0.0-beta.20+0.55.1-1.18.2/fabric-rendering-v0-1.0.0-beta.20+0.55.1-1.18.2.jar:/home/rhel/Documents/FeatureCreep/esr/1.18.2-Quilt/.gradle/quilt-loom-cache/remapped_mods/net_fabricmc_yarn_1_18_2_1_18_2_build_4_v2/org/quiltmc/quilted-fabric-api/fabric-rendering-v1/1.0.0-beta.20+0.55.1-1.18.2/fabric-rendering-v1-1.0.0-beta.20+0.55.1-1.18.2.jar:/home/rhel/Documents/FeatureCreep/esr/1.18.2-Quilt/.gradle/quilt-loom-cache/remapped_mods/net_fabricmc_yarn_1_18_2_1_18_2_build_4_v2/org/quiltmc/quilted-fabric-api/fabric-screen-api-v1/1.0.0-beta.20+0.55.1-1.18.2/fabric-screen-api-v1-1.0.0-beta.20+0.55.1-1.18.2.jar:/home/rhel/Documents/FeatureCreep/esr/1.18.2-Quilt/.gradle/quilt-loom-cache/remapped_mods/net_fabricmc_yarn_1_18_2_1_18_2_build_4_v2/org/quiltmc/quilted-fabric-api/fabric-textures-v0/1.0.0-beta.20+0.55.1-1.18.2/fabric-textures-v0-1.0.0-beta.20+0.55.1-1.18.2.jar:/home/rhel/Documents/FeatureCreep/esr/1.18.2-Quilt/.gradle/quilt-loom-cache/remapped_mods/net_fabricmc_yarn_1_18_2_1_18_2_build_4_v2/org/quiltmc/quilted-fabric-api/fabric-api-base/1.0.0-beta.20+0.55.1-1.18.2/fabric-api-base-1.0.0-beta.20+0.55.1-1.18.2.jar:/home/rhel/Documents/FeatureCreep/esr/1.18.2-Quilt/.gradle/quilt-loom-cache/remapped_mods/net_fabricmc_yarn_1_18_2_1_18_2_build_4_v2/org/quiltmc/quilted-fabric-api/fabric-biome-api-v1/1.0.0-beta.20+0.55.1-1.18.2/fabric-biome-api-v1-1.0.0-beta.20+0.55.1-1.18.2.jar:/home/rhel/Documents/FeatureCreep/esr/1.18.2-Quilt/.gradle/quilt-loom-cache/remapped_mods/net_fabricmc_yarn_1_18_2_1_18_2_build_4_v2/org/quiltmc/quilted-fabric-api/fabric-crash-report-info-v1/1.0.0-beta.20+0.55.1-1.18.2/fabric-crash-report-info-v1-1.0.0-beta.20+0.55.1-1.18.2.jar:/home/rhel/Documents/FeatureCreep/esr/1.18.2-Quilt/.gradle/quilt-loom-cache/remapped_mods/net_fabricmc_yarn_1_18_2_1_18_2_build_4_v2/org/quiltmc/quilted-fabric-api/fabric-game-rule-api-v1/1.0.0-beta.20+0.55.1-1.18.2/fabric-game-rule-api-v1-1.0.0-beta.20+0.55.1-1.18.2.jar:/home/rhel/Documents/FeatureCreep/esr/1.18.2-Quilt/.gradle/quilt-loom-cache/remapped_mods/net_fabricmc_yarn_1_18_2_1_18_2_build_4_v2/org/quiltmc/quilted-fabric-api/fabric-keybindings-v0/1.0.0-beta.20+0.55.1-1.18.2/fabric-keybindings-v0-1.0.0-beta.20+0.55.1-1.18.2.jar:/home/rhel/Documents/FeatureCreep/esr/1.18.2-Quilt/.gradle/quilt-loom-cache/remapped_mods/net_fabricmc_yarn_1_18_2_1_18_2_build_4_v2/org/quiltmc/quilted-fabric-api/fabric-key-binding-api-v1/1.0.0-beta.20+0.55.1-1.18.2/fabric-key-binding-api-v1-1.0.0-beta.20+0.55.1-1.18.2.jar:/home/rhel/Documents/FeatureCreep/esr/1.18.2-Quilt/.gradle/quilt-loom-cache/remapped_mods/net_fabricmc_yarn_1_18_2_1_18_2_build_4_v2/org/quiltmc/quilted-fabric-api/fabric-resource-conditions-api-v1/1.0.0-beta.20+0.55.1-1.18.2/fabric-resource-conditions-api-v1-1.0.0-beta.20+0.55.1-1.18.2.jar:/home/rhel/Documents/FeatureCreep/esr/1.18.2-Quilt/.gradle/quilt-loom-cache/remapped_mods/net_fabricmc_yarn_1_18_2_1_18_2_build_4_v2/org/quiltmc/quilted-fabric-api/fabric-resource-loader-v0/1.0.0-beta.20+0.55.1-1.18.2/fabric-resource-loader-v0-1.0.0-beta.20+0.55.1-1.18.2.jar:/home/rhel/Documents/FeatureCreep/esr/1.18.2-Quilt/.gradle/quilt-loom-cache/remapped_mods/net_fabricmc_yarn_1_18_2_1_18_2_build_4_v2/org/quiltmc/quilted-fabric-api/fabric-transitive-access-wideners-v1/1.0.0-beta.20+0.55.1-1.18.2/fabric-transitive-access-wideners-v1-1.0.0-beta.20+0.55.1-1.18.2.jar:/home/rhel/.gradle/caches/modules-2/files-2.1/org.jline/jline-reader/3.12.1/4382ab1382c7b6f379377ed5f665dc2f6e1218bc/jline-reader-3.12.1.jar:/home/rhel/.gradle/caches/modules-2/files-2.1/com.google.guava/listenablefuture/9999.0-empty-to-avoid-conflict-with-guava/b421526c5f297295adef1c886e5246c39d4ac629/listenablefuture-9999.0-empty-to-avoid-conflict-with-guava.jar:/home/rhel/.gradle/caches/modules-2/files-2.1/com.google.code.findbugs/jsr305/3.0.2/25ea2e8b0c338a877313bd4672d3fe056ea78f0d/jsr305-3.0.2.jar:/home/rhel/.gradle/caches/modules-2/files-2.1/org.checkerframework/checker-qual/3.12.0/d5692f0526415fcc6de94bb5bfbd3afd9dd3b3e5/checker-qual-3.12.0.jar:/home/rhel/.gradle/caches/modules-2/files-2.1/com.google.errorprone/error_prone_annotations/2.7.1/458d9042f7aa6fa9a634df902b37f544e15aacac/error_prone_annotations-2.7.1.jar:/home/rhel/.gradle/caches/modules-2/files-2.1/com.google.j2objc/j2objc-annotations/1.3/ba035118bc8bac37d7eff77700720999acd9986d/j2objc-annotations-1.3.jar:/home/rhel/.gradle/caches/modules-2/files-2.1/org.jline/jline-terminal/3.12.1/c777448314e050d980a6b697c140f3bfe9eb7416/jline-terminal-3.12.1.jar)
	at com.sun.jna.NativeLibrary.loadLibrary(NativeLibrary.java:301) ~[jna-5.10.0.jar:5.10.0 (b0)]
	at com.sun.jna.NativeLibrary.getInstance(NativeLibrary.java:461) ~[jna-5.10.0.jar:5.10.0 (b0)]
	at com.sun.jna.NativeLibrary.getInstance(NativeLibrary.java:403) ~[jna-5.10.0.jar:5.10.0 (b0)]
	at com.mojang.text2speech.NarratorLinux.<clinit>(NarratorLinux.java:18) [text2speech-1.12.4.jar:?]
	at com.mojang.text2speech.Narrator.getNarrator(Narrator.java:21) [text2speech-1.12.4.jar:?]
	at net.minecraft.client.util.NarratorManager.<init>(NarratorManager.java:29) [minecraft-project-@-merged-named.jar:?]
	at net.minecraft.client.util.NarratorManager.<clinit>(NarratorManager.java:29) [minecraft-project-@-merged-named.jar:?]
	at net.minecraft.client.gui.hud.InGameHud.<init>(InGameHud.java:155) [minecraft-project-@-merged-named.jar:?]
	at net.minecraft.client.MinecraftClient.<init>(MinecraftClient.java:609) [minecraft-project-@-merged-named.jar:?]
	at net.minecraft.client.main.Main.main(Main.java:179) [minecraft-project-@-merged-named.jar:?]
	at jdk.internal.reflect.NativeMethodAccessorImpl.invoke0(Native Method) ~[?:?]
	at jdk.internal.reflect.NativeMethodAccessorImpl.invoke(NativeMethodAccessorImpl.java:77) ~[?:?]
	at jdk.internal.reflect.DelegatingMethodAccessorImpl.invoke(DelegatingMethodAccessorImpl.java:43) ~[?:?]
	at java.lang.reflect.Method.invoke(Method.java:568) ~[?:?]
	at org.quiltmc.loader.impl.game.minecraft.MinecraftGameProvider.launch(MinecraftGameProvider.java:423) [quilt-loader-0.17.0.jar:?]
	at org.quiltmc.loader.impl.launch.knot.Knot.launch(Knot.java:76) [quilt-loader-0.17.0.jar:?]
	at org.quiltmc.loader.impl.launch.knot.KnotClient.main(KnotClient.java:24) [quilt-loader-0.17.0.jar:?]
	at net.fabricmc.devlaunchinjector.Main.main(Main.java:86) [dev-launch-injector-0.2.1+build.8.jar:?]
	Suppressed: java.lang.UnsatisfiedLinkError: libflite.so.1: cannot open shared object file: No such file or directory
		at com.sun.jna.Native.open(Native Method) ~[jna-5.10.0.jar:5.10.0 (b0)]
		at com.sun.jna.NativeLibrary.loadLibrary(NativeLibrary.java:191) ~[jna-5.10.0.jar:5.10.0 (b0)]
		at com.sun.jna.NativeLibrary.getInstance(NativeLibrary.java:461) ~[jna-5.10.0.jar:5.10.0 (b0)]
		at com.sun.jna.NativeLibrary.getInstance(NativeLibrary.java:403) ~[jna-5.10.0.jar:5.10.0 (b0)]
		at com.mojang.text2speech.NarratorLinux.<clinit>(NarratorLinux.java:18) [text2speech-1.12.4.jar:?]
		at com.mojang.text2speech.Narrator.getNarrator(Narrator.java:21) [text2speech-1.12.4.jar:?]
		at net.minecraft.client.util.NarratorManager.<init>(NarratorManager.java:29) [minecraft-project-@-merged-named.jar:?]
		at net.minecraft.client.util.NarratorManager.<clinit>(NarratorManager.java:29) [minecraft-project-@-merged-named.jar:?]
		at net.minecraft.client.gui.hud.InGameHud.<init>(InGameHud.java:155) [minecraft-project-@-merged-named.jar:?]
		at net.minecraft.client.MinecraftClient.<init>(MinecraftClient.java:609) [minecraft-project-@-merged-named.jar:?]
		at net.minecraft.client.main.Main.main(Main.java:179) [minecraft-project-@-merged-named.jar:?]
		at jdk.internal.reflect.NativeMethodAccessorImpl.invoke0(Native Method) ~[?:?]
		at jdk.internal.reflect.NativeMethodAccessorImpl.invoke(NativeMethodAccessorImpl.java:77) ~[?:?]
		at jdk.internal.reflect.DelegatingMethodAccessorImpl.invoke(DelegatingMethodAccessorImpl.java:43) ~[?:?]
		at java.lang.reflect.Method.invoke(Method.java:568) ~[?:?]
		at org.quiltmc.loader.impl.game.minecraft.MinecraftGameProvider.launch(MinecraftGameProvider.java:423) [quilt-loader-0.17.0.jar:?]
		at org.quiltmc.loader.impl.launch.knot.Knot.launch(Knot.java:76) [quilt-loader-0.17.0.jar:?]
		at org.quiltmc.loader.impl.launch.knot.KnotClient.main(KnotClient.java:24) [quilt-loader-0.17.0.jar:?]
		at net.fabricmc.devlaunchinjector.Main.main(Main.java:86) [dev-launch-injector-0.2.1+build.8.jar:?]
	Suppressed: java.lang.UnsatisfiedLinkError: libflite.so.1: cannot open shared object file: No such file or directory
		at com.sun.jna.Native.open(Native Method) ~[jna-5.10.0.jar:5.10.0 (b0)]
		at com.sun.jna.NativeLibrary.loadLibrary(NativeLibrary.java:204) ~[jna-5.10.0.jar:5.10.0 (b0)]
		at com.sun.jna.NativeLibrary.getInstance(NativeLibrary.java:461) ~[jna-5.10.0.jar:5.10.0 (b0)]
		at com.sun.jna.NativeLibrary.getInstance(NativeLibrary.java:403) ~[jna-5.10.0.jar:5.10.0 (b0)]
		at com.mojang.text2speech.NarratorLinux.<clinit>(NarratorLinux.java:18) [text2speech-1.12.4.jar:?]
		at com.mojang.text2speech.Narrator.getNarrator(Narrator.java:21) [text2speech-1.12.4.jar:?]
		at net.minecraft.client.util.NarratorManager.<init>(NarratorManager.java:29) [minecraft-project-@-merged-named.jar:?]
		at net.minecraft.client.util.NarratorManager.<clinit>(NarratorManager.java:29) [minecraft-project-@-merged-named.jar:?]
		at net.minecraft.client.gui.hud.InGameHud.<init>(InGameHud.java:155) [minecraft-project-@-merged-named.jar:?]
		at net.minecraft.client.MinecraftClient.<init>(MinecraftClient.java:609) [minecraft-project-@-merged-named.jar:?]
		at net.minecraft.client.main.Main.main(Main.java:179) [minecraft-project-@-merged-named.jar:?]
		at jdk.internal.reflect.NativeMethodAccessorImpl.invoke0(Native Method) ~[?:?]
		at jdk.internal.reflect.NativeMethodAccessorImpl.invoke(NativeMethodAccessorImpl.java:77) ~[?:?]
		at jdk.internal.reflect.DelegatingMethodAccessorImpl.invoke(DelegatingMethodAccessorImpl.java:43) ~[?:?]
		at java.lang.reflect.Method.invoke(Method.java:568) ~[?:?]
		at org.quiltmc.loader.impl.game.minecraft.MinecraftGameProvider.launch(MinecraftGameProvider.java:423) [quilt-loader-0.17.0.jar:?]
		at org.quiltmc.loader.impl.launch.knot.Knot.launch(Knot.java:76) [quilt-loader-0.17.0.jar:?]
		at org.quiltmc.loader.impl.launch.knot.KnotClient.main(KnotClient.java:24) [quilt-loader-0.17.0.jar:?]
		at net.fabricmc.devlaunchinjector.Main.main(Main.java:86) [dev-launch-injector-0.2.1+build.8.jar:?]
	Suppressed: java.io.IOException: Native library (linux-x86-64/libfliteWrapper.so) not found in resource path (/home/rhel/Documents/FeatureCreep/esr/1.18.2-Quilt/build/classes/java/main:/home/rhel/Documents/FeatureCreep/esr/1.18.2-Quilt/build/resources/main:/home/rhel/.gradle/caches/quilt-loom/1.18.2/net.fabricmc.yarn.1_18_2.1.18.2+build.4-v2/mappings.jar:/home/rhel/.gradle/caches/modules-2/files-2.1/net.fabricmc/tiny-mappings-parser/0.3.0+build.17/2f10540a290e382a7cd35c16ec3900046a4e252/tiny-mappings-parser-0.3.0+build.17.jar:/home/rhel/.gradle/caches/modules-2/files-2.1/net.fabricmc/sponge-mixin/0.11.2+mixin.0.8.5/f4ae569d559b5e3244b67321945261d83ff7ad8e/sponge-mixin-0.11.2+mixin.0.8.5.jar:/home/rhel/.gradle/caches/modules-2/files-2.1/net.fabricmc/tiny-remapper/0.8.1/d220c092cd1446d5f2668b53e71abe23a12cb8cf/tiny-remapper-0.8.1.jar:/home/rhel/.gradle/caches/modules-2/files-2.1/net.fabricmc/access-widener/2.1.0/f62a27adbfd8ab4d4fa5681793039f2c0b177155/access-widener-2.1.0.jar:/home/rhel/.gradle/caches/modules-2/files-2.1/org.quiltmc/quilt-json5/1.0.1/41284edd812c0063253241ab2f942168f8fdd109/quilt-json5-1.0.1.jar:/home/rhel/.gradle/caches/modules-2/files-2.1/org.ow2.asm/asm/9.3/8e6300ef51c1d801a7ed62d07cd221aca3a90640/asm-9.3.jar:/home/rhel/.gradle/caches/modules-2/files-2.1/org.ow2.asm/asm-analysis/9.3/4b071f211b37c38e0e9f5998550197c8593f6ad8/asm-analysis-9.3.jar:/home/rhel/.gradle/caches/modules-2/files-2.1/org.ow2.asm/asm-commons/9.3/1f2a432d1212f5c352ae607d7b61dcae20c20af5/asm-commons-9.3.jar:/home/rhel/.gradle/caches/modules-2/files-2.1/org.ow2.asm/asm-tree/9.3/78d2ecd61318b5a58cd04fb237636c0e86b77d97/asm-tree-9.3.jar:/home/rhel/.gradle/caches/modules-2/files-2.1/org.ow2.asm/asm-util/9.3/9595bc05510d0bd4b610188b77333fe4851a1975/asm-util-9.3.jar:/home/rhel/.gradle/caches/modules-2/files-2.1/org.quiltmc/quilt-config/1.0.0-beta.4/ed548d8ff230de813552d9cb1a80fba4ac0938b2/quilt-config-1.0.0-beta.4.jar:/home/rhel/.gradle/caches/modules-2/files-2.1/net.fabricmc/dev-launch-injector/0.2.1+build.8/da8bef7e6e2f952da707f282bdb46882a0fce5e3/dev-launch-injector-0.2.1+build.8.jar:/home/rhel/.gradle/caches/modules-2/files-2.1/net.minecrell/terminalconsoleappender/1.2.0/96d02cd3b384ff015a8fef4223bcb4ccf1717c95/terminalconsoleappender-1.2.0.jar:/home/rhel/.gradle/caches/modules-2/files-2.1/com.mojang/patchy/2.2.10/da05971b07cbb379d002cf7eaec6a2048211fefc/patchy-2.2.10.jar:/home/rhel/.gradle/caches/modules-2/files-2.1/com.mojang/blocklist/1.0.10/5c685c5ffa94c4cd39496c7184c1d122e515ecef/blocklist-1.0.10.jar:/home/rhel/.gradle/caches/modules-2/files-2.1/com.ibm.icu/icu4j/70.1/dfa3a1fbc55bf5db8c6e79fc0935ac7ab1202950/icu4j-70.1.jar:/home/rhel/.gradle/caches/modules-2/files-2.1/org.apache.httpcomponents/httpclient/4.5.13/e5f6cae5ca7ecaac1ec2827a9e2d65ae2869cada/httpclient-4.5.13.jar:/home/rhel/.gradle/caches/modules-2/files-2.1/commons-codec/commons-codec/1.15/49d94806b6e3dc933dacbd8acb0fdbab8ebd1e5d/commons-codec-1.15.jar:/home/rhel/.gradle/caches/modules-2/files-2.1/org.apache.commons/commons-compress/1.21/4ec95b60d4e86b5c95a0e919cb172a0af98011ef/commons-compress-1.21.jar:/home/rhel/.gradle/caches/modules-2/files-2.1/commons-logging/commons-logging/1.2/4bfc12adfe4842bf07b657f0369c4cb522955686/commons-logging-1.2.jar:/home/rhel/.gradle/caches/modules-2/files-2.1/org.apache.httpcomponents/httpcore/4.4.14/9dd1a631c082d92ecd4bd8fd4cf55026c720a8c1/httpcore-4.4.14.jar:/home/rhel/.gradle/caches/modules-2/files-2.1/org.lwjgl/lwjgl-jemalloc/3.2.2/ee8e57a79300f78294576d87c4a587f8c99402e2/lwjgl-jemalloc-3.2.2.jar:/home/rhel/.gradle/caches/modules-2/files-2.1/org.lwjgl/lwjgl-openal/3.2.2/2b772a102b0a11ee5f2109a5b136f4dc7c630827/lwjgl-openal-3.2.2.jar:/home/rhel/.gradle/caches/modules-2/files-2.1/org.lwjgl/lwjgl-opengl/3.2.2/6ac5bb88b44c43ea195a570aab059f63da004cd8/lwjgl-opengl-3.2.2.jar:/home/rhel/.gradle/caches/modules-2/files-2.1/org.lwjgl/lwjgl-glfw/3.2.2/d3ad4df38e400b8afba1de63f84338809399df5b/lwjgl-glfw-3.2.2.jar:/home/rhel/.gradle/caches/modules-2/files-2.1/org.lwjgl/lwjgl-stb/3.2.2/3b8e6ebc5851dd3d17e37e5cadce2eff2a429f0f/lwjgl-stb-3.2.2.jar:/home/rhel/.gradle/caches/modules-2/files-2.1/org.lwjgl/lwjgl-tinyfd/3.2.2/fcbe606c8f8da6f8f9a05e2c540eb1ee8632b0e9/lwjgl-tinyfd-3.2.2.jar:/home/rhel/.gradle/caches/modules-2/files-2.1/org.lwjgl/lwjgl/3.2.2/8ad6294407e15780b43e84929c40e4c5e997972e/lwjgl-3.2.2.jar:/home/rhel/.gradle/caches/modules-2/files-2.1/com.mojang/text2speech/1.12.4/1f618f522dbdd93218c270bcfd8f8dd84be31717/text2speech-1.12.4.jar:/home/rhel/Documents/FeatureCreep/esr/1.18.2-Quilt/.gradle/quilt-loom-cache/1.18.2/net.fabricmc.yarn.1_18_2.1.18.2+build.4-v2/minecraft-project-@-merged-named.jar:/home/rhel/.gradle/caches/modules-2/files-2.1/com.mojang/logging/1.0.0/f6ca3b2eee0b80b384e8ed93d368faecb82dfb9b/logging-1.0.0.jar:/home/rhel/.gradle/caches/modules-2/files-2.1/com.github.oshi/oshi-core/5.8.5/1d0ec654d820741327f5a9229d513732a4b7ce50/oshi-core-5.8.5.jar:/home/rhel/.gradle/caches/modules-2/files-2.1/net.java.dev.jna/jna-platform/5.10.0/fbed7d9669dba47714ad0d4f4454290a997aee69/jna-platform-5.10.0.jar:/home/rhel/.gradle/caches/modules-2/files-2.1/ca.weblite/java-objc-bridge/1.0.0/6ef160c3133a78de015830860197602ca1c855d3/java-objc-bridge-1.0.0.jar:/home/rhel/.gradle/caches/modules-2/files-2.1/net.java.dev.jna/jna/5.10.0/7cf4c87dd802db50721db66947aa237d7ad09418/jna-5.10.0.jar:/home/rhel/.gradle/caches/modules-2/files-2.1/org.apache.logging.log4j/log4j-slf4j18-impl/2.17.0/bd7f6c0b9224dd214afb4e684957e2349b529a8d/log4j-slf4j18-impl-2.17.0.jar:/home/rhel/.gradle/caches/modules-2/files-2.1/com.mojang/datafixerupper/4.1.27/a02c43824ce57c3f7a7d7e744f0d99a040398b5/datafixerupper-4.1.27.jar:/home/rhel/.gradle/caches/modules-2/files-2.1/com.mojang/authlib/3.3.39/289405e70c0917eaeac017f7fba9adb4427baa36/authlib-3.3.39.jar:/home/rhel/.gradle/caches/modules-2/files-2.1/org.slf4j/slf4j-api/1.8.0-beta4/83b0359d847ee053d745be7ec0d8e9e8a44304b4/slf4j-api-1.8.0-beta4.jar:/home/rhel/.gradle/caches/modules-2/files-2.1/com.mojang/javabridge/1.2.24/c876796229b2ef5120f186eab5acc870699d3b9/javabridge-1.2.24.jar:/home/rhel/.gradle/caches/modules-2/files-2.1/net.sf.jopt-simple/jopt-simple/5.0.4/4fdac2fbe92dfad86aa6e9301736f6b4342a3f5c/jopt-simple-5.0.4.jar:/home/rhel/.gradle/caches/modules-2/files-2.1/io.netty/netty-all/4.1.68.Final/b8266a3c93c1c051109f71d3449e5dcd5d60b333/netty-all-4.1.68.Final.jar:/home/rhel/.gradle/caches/modules-2/files-2.1/com.google.guava/guava/31.0.1-jre/119ea2b2bc205b138974d351777b20f02b92704b/guava-31.0.1-jre.jar:/home/rhel/.gradle/caches/modules-2/files-2.1/com.google.guava/failureaccess/1.0.1/1dcf1de382a0bf95a3d8b0849546c88bac1292c9/failureaccess-1.0.1.jar:/home/rhel/.gradle/caches/modules-2/files-2.1/org.apache.commons/commons-lang3/3.12.0/c6842c86792ff03b9f1d1fe2aab8dc23aa6c6f0e/commons-lang3-3.12.0.jar:/home/rhel/.gradle/caches/modules-2/files-2.1/commons-io/commons-io/2.11.0/a2503f302b11ebde7ebc3df41daebe0e4eea3689/commons-io-2.11.0.jar:/home/rhel/.gradle/caches/modules-2/files-2.1/com.mojang/brigadier/1.0.18/c1ef1234282716483c92183f49bef47b1a89bfa9/brigadier-1.0.18.jar:/home/rhel/.gradle/caches/modules-2/files-2.1/com.google.code.gson/gson/2.8.9/8a432c1d6825781e21a02db2e2c33c5fde2833b9/gson-2.8.9.jar:/home/rhel/.gradle/caches/modules-2/files-2.1/it.unimi.dsi/fastutil/8.5.6/76f95700418a68fbc4ac050525261f05dc681ca1/fastutil-8.5.6.jar:/home/rhel/.gradle/caches/modules-2/files-2.1/org.apache.logging.log4j/log4j-core/2.17.0/fe6e7a32c1228884b9691a744f953a55d0dd8ead/log4j-core-2.17.0.jar:/home/rhel/.gradle/caches/modules-2/files-2.1/org.apache.logging.log4j/log4j-api/2.17.0/bbd791e9c8c9421e45337c4fe0a10851c086e36c/log4j-api-2.17.0.jar:/home/rhel/Documents/FeatureCreep/esr/1.18.2-Quilt/.gradle/quilt-loom-cache/remapped_mods/net_fabricmc_yarn_1_18_2_1_18_2_build_4_v2/org/quiltmc/quilted-fabric-api/quilted-fabric-api/1.0.0-beta.20+0.55.1-1.18.2/quilted-fabric-api-1.0.0-beta.20+0.55.1-1.18.2.jar:/home/rhel/Documents/FeatureCreep/esr/1.18.2-Quilt/.gradle/quilt-loom-cache/remapped_mods/net_fabricmc_yarn_1_18_2_1_18_2_build_4_v2/org/quiltmc/qsl/block/block_extensions/1.1.0-beta.17+1.18.2/block_extensions-1.1.0-beta.17+1.18.2.jar:/home/rhel/Documents/FeatureCreep/esr/1.18.2-Quilt/.gradle/quilt-loom-cache/remapped_mods/net_fabricmc_yarn_1_18_2_1_18_2_build_4_v2/org/quiltmc/qsl/core/crash_info/1.1.0-beta.17+1.18.2/crash_info-1.1.0-beta.17+1.18.2.jar:/home/rhel/Documents/FeatureCreep/esr/1.18.2-Quilt/.gradle/quilt-loom-cache/remapped_mods/net_fabricmc_yarn_1_18_2_1_18_2_build_4_v2/org/quiltmc/qsl/data/registry_entry_attachments/1.1.0-beta.17+1.18.2/registry_entry_attachments-1.1.0-beta.17+1.18.2.jar:/home/rhel/Documents/FeatureCreep/esr/1.18.2-Quilt/.gradle/quilt-loom-cache/remapped_mods/net_fabricmc_yarn_1_18_2_1_18_2_build_4_v2/org/quiltmc/qsl/core/networking/1.1.0-beta.17+1.18.2/networking-1.1.0-beta.17+1.18.2.jar:/home/rhel/Documents/FeatureCreep/esr/1.18.2-Quilt/.gradle/quilt-loom-cache/remapped_mods/net_fabricmc_yarn_1_18_2_1_18_2_build_4_v2/org/quiltmc/qsl/data/tags/1.1.0-beta.17+1.18.2/tags-1.1.0-beta.17+1.18.2.jar:/home/rhel/Documents/FeatureCreep/esr/1.18.2-Quilt/.gradle/quilt-loom-cache/remapped_mods/net_fabricmc_yarn_1_18_2_1_18_2_build_4_v2/org/quiltmc/qsl/core/lifecycle_events/1.1.0-beta.17+1.18.2/lifecycle_events-1.1.0-beta.17+1.18.2.jar:/home/rhel/Documents/FeatureCreep/esr/1.18.2-Quilt/.gradle/quilt-loom-cache/remapped_mods/net_fabricmc_yarn_1_18_2_1_18_2_build_4_v2/org/quiltmc/qsl/core/registry/1.1.0-beta.17+1.18.2/registry-1.1.0-beta.17+1.18.2.jar:/home/rhel/Documents/FeatureCreep/esr/1.18.2-Quilt/.gradle/quilt-loom-cache/remapped_mods/net_fabricmc_yarn_1_18_2_1_18_2_build_4_v2/org/quiltmc/qsl/item/item_group/1.1.0-beta.17+1.18.2/item_group-1.1.0-beta.17+1.18.2.jar:/home/rhel/Documents/FeatureCreep/esr/1.18.2-Quilt/.gradle/quilt-loom-cache/remapped_mods/net_fabricmc_yarn_1_18_2_1_18_2_build_4_v2/org/quiltmc/qsl/management/command/1.1.0-beta.17+1.18.2/command-1.1.0-beta.17+1.18.2.jar:/home/rhel/Documents/FeatureCreep/esr/1.18.2-Quilt/.gradle/quilt-loom-cache/remapped_mods/net_fabricmc_yarn_1_18_2_1_18_2_build_4_v2/org/quiltmc/qsl/core/resource_loader/1.1.0-beta.17+1.18.2/resource_loader-1.1.0-beta.17+1.18.2.jar:/home/rhel/Documents/FeatureCreep/esr/1.18.2-Quilt/.gradle/quilt-loom-cache/remapped_mods/net_fabricmc_yarn_1_18_2_1_18_2_build_4_v2/org/quiltmc/qsl/data/recipe/1.1.0-beta.17+1.18.2/recipe-1.1.0-beta.17+1.18.2.jar:/home/rhel/Documents/FeatureCreep/esr/1.18.2-Quilt/.gradle/quilt-loom-cache/remapped_mods/net_fabricmc_yarn_1_18_2_1_18_2_build_4_v2/org/quiltmc/qsl/gui/screen/1.1.0-beta.17+1.18.2/screen-1.1.0-beta.17+1.18.2.jar:/home/rhel/Documents/FeatureCreep/esr/1.18.2-Quilt/.gradle/quilt-loom-cache/remapped_mods/net_fabricmc_yarn_1_18_2_1_18_2_build_4_v2/org/quiltmc/qsl/gui/tooltip/1.1.0-beta.17+1.18.2/tooltip-1.1.0-beta.17+1.18.2.jar:/home/rhel/Documents/FeatureCreep/esr/1.18.2-Quilt/.gradle/quilt-loom-cache/remapped_mods/net_fabricmc_yarn_1_18_2_1_18_2_build_4_v2/org/quiltmc/qsl/item/item_setting/1.1.0-beta.17+1.18.2/item_setting-1.1.0-beta.17+1.18.2.jar:/home/rhel/Documents/FeatureCreep/esr/1.18.2-Quilt/.gradle/quilt-loom-cache/remapped_mods/net_fabricmc_yarn_1_18_2_1_18_2_build_4_v2/org/quiltmc/qsl/management/client_command/1.1.0-beta.17+1.18.2/client_command-1.1.0-beta.17+1.18.2.jar:/home/rhel/Documents/FeatureCreep/esr/1.18.2-Quilt/.gradle/quilt-loom-cache/remapped_mods/net_fabricmc_yarn_1_18_2_1_18_2_build_4_v2/org/quiltmc/qsl/worldgen/biome/1.1.0-beta.17+1.18.2/biome-1.1.0-beta.17+1.18.2.jar:/home/rhel/Documents/FeatureCreep/esr/1.18.2-Quilt/.gradle/quilt-loom-cache/remapped_mods/net_fabricmc_yarn_1_18_2_1_18_2_build_4_v2/org/quiltmc/qsl/worldgen/dimension/1.1.0-beta.17+1.18.2/dimension-1.1.0-beta.17+1.18.2.jar:/home/rhel/Documents/FeatureCreep/esr/1.18.2-Quilt/.gradle/quilt-loom-cache/remapped_mods/net_fabricmc_yarn_1_18_2_1_18_2_build_4_v2/org/quiltmc/qsl/core/qsl_base/1.1.0-beta.17+1.18.2/qsl_base-1.1.0-beta.17+1.18.2.jar:/home/rhel/Documents/FeatureCreep/esr/1.18.2-Quilt/.gradle/quilt-loom-cache/remapped_mods/net_fabricmc_yarn_1_18_2_1_18_2_build_4_v2/org/quiltmc/quilt-loader/0.17.0/quilt-loader-0.17.0.jar:/home/rhel/Documents/FeatureCreep/esr/1.18.2-Quilt/.gradle/quilt-loom-cache/remapped_mods/net_fabricmc_yarn_1_18_2_1_18_2_build_4_v2/org/quiltmc/quilted-fabric-api/fabric-transfer-api-v1/1.0.0-beta.20+0.55.1-1.18.2/fabric-transfer-api-v1-1.0.0-beta.20+0.55.1-1.18.2.jar:/home/rhel/Documents/FeatureCreep/esr/1.18.2-Quilt/.gradle/quilt-loom-cache/remapped_mods/net_fabricmc_yarn_1_18_2_1_18_2_build_4_v2/org/quiltmc/quilted-fabric-api/fabric-api-lookup-api-v1/1.0.0-beta.20+0.55.1-1.18.2/fabric-api-lookup-api-v1-1.0.0-beta.20+0.55.1-1.18.2.jar:/home/rhel/Documents/FeatureCreep/esr/1.18.2-Quilt/.gradle/quilt-loom-cache/remapped_mods/net_fabricmc_yarn_1_18_2_1_18_2_build_4_v2/org/quiltmc/quilted-fabric-api/fabric-blockrenderlayer-v1/1.0.0-beta.20+0.55.1-1.18.2/fabric-blockrenderlayer-v1-1.0.0-beta.20+0.55.1-1.18.2.jar:/home/rhel/Documents/FeatureCreep/esr/1.18.2-Quilt/.gradle/quilt-loom-cache/remapped_mods/net_fabricmc_yarn_1_18_2_1_18_2_build_4_v2/org/quiltmc/quilted-fabric-api/fabric-commands-v0/1.0.0-beta.20+0.55.1-1.18.2/fabric-commands-v0-1.0.0-beta.20+0.55.1-1.18.2.jar:/home/rhel/Documents/FeatureCreep/esr/1.18.2-Quilt/.gradle/quilt-loom-cache/remapped_mods/net_fabricmc_yarn_1_18_2_1_18_2_build_4_v2/org/quiltmc/quilted-fabric-api/fabric-command-api-v1/1.0.0-beta.20+0.55.1-1.18.2/fabric-command-api-v1-1.0.0-beta.20+0.55.1-1.18.2.jar:/home/rhel/Documents/FeatureCreep/esr/1.18.2-Quilt/.gradle/quilt-loom-cache/remapped_mods/net_fabricmc_yarn_1_18_2_1_18_2_build_4_v2/org/quiltmc/quilted-fabric-api/fabric-containers-v0/1.0.0-beta.20+0.55.1-1.18.2/fabric-containers-v0-1.0.0-beta.20+0.55.1-1.18.2.jar:/home/rhel/Documents/FeatureCreep/esr/1.18.2-Quilt/.gradle/quilt-loom-cache/remapped_mods/net_fabricmc_yarn_1_18_2_1_18_2_build_4_v2/org/quiltmc/quilted-fabric-api/fabric-content-registries-v0/1.0.0-beta.20+0.55.1-1.18.2/fabric-content-registries-v0-1.0.0-beta.20+0.55.1-1.18.2.jar:/home/rhel/Documents/FeatureCreep/esr/1.18.2-Quilt/.gradle/quilt-loom-cache/remapped_mods/net_fabricmc_yarn_1_18_2_1_18_2_build_4_v2/org/quiltmc/quilted-fabric-api/fabric-convention-tags-v1/1.0.0-beta.20+0.55.1-1.18.2/fabric-convention-tags-v1-1.0.0-beta.20+0.55.1-1.18.2.jar:/home/rhel/Documents/FeatureCreep/esr/1.18.2-Quilt/.gradle/quilt-loom-cache/remapped_mods/net_fabricmc_yarn_1_18_2_1_18_2_build_4_v2/org/quiltmc/quilted-fabric-api/fabric-data-generation-api-v1/1.0.0-beta.20+0.55.1-1.18.2/fabric-data-generation-api-v1-1.0.0-beta.20+0.55.1-1.18.2.jar:/home/rhel/Documents/FeatureCreep/esr/1.18.2-Quilt/.gradle/quilt-loom-cache/remapped_mods/net_fabricmc_yarn_1_18_2_1_18_2_build_4_v2/org/quiltmc/quilted-fabric-api/fabric-dimensions-v1/1.0.0-beta.20+0.55.1-1.18.2/fabric-dimensions-v1-1.0.0-beta.20+0.55.1-1.18.2.jar:/home/rhel/Documents/FeatureCreep/esr/1.18.2-Quilt/.gradle/quilt-loom-cache/remapped_mods/net_fabricmc_yarn_1_18_2_1_18_2_build_4_v2/org/quiltmc/quilted-fabric-api/fabric-entity-events-v1/1.0.0-beta.20+0.55.1-1.18.2/fabric-entity-events-v1-1.0.0-beta.20+0.55.1-1.18.2.jar:/home/rhel/Documents/FeatureCreep/esr/1.18.2-Quilt/.gradle/quilt-loom-cache/remapped_mods/net_fabricmc_yarn_1_18_2_1_18_2_build_4_v2/org/quiltmc/quilted-fabric-api/fabric-events-interaction-v0/1.0.0-beta.20+0.55.1-1.18.2/fabric-events-interaction-v0-1.0.0-beta.20+0.55.1-1.18.2.jar:/home/rhel/Documents/FeatureCreep/esr/1.18.2-Quilt/.gradle/quilt-loom-cache/remapped_mods/net_fabricmc_yarn_1_18_2_1_18_2_build_4_v2/org/quiltmc/quilted-fabric-api/fabric-events-lifecycle-v0/1.0.0-beta.20+0.55.1-1.18.2/fabric-events-lifecycle-v0-1.0.0-beta.20+0.55.1-1.18.2.jar:/home/rhel/Documents/FeatureCreep/esr/1.18.2-Quilt/.gradle/quilt-loom-cache/remapped_mods/net_fabricmc_yarn_1_18_2_1_18_2_build_4_v2/org/quiltmc/quilted-fabric-api/fabric-gametest-api-v1/1.0.0-beta.20+0.55.1-1.18.2/fabric-gametest-api-v1-1.0.0-beta.20+0.55.1-1.18.2.jar:/home/rhel/Documents/FeatureCreep/esr/1.18.2-Quilt/.gradle/quilt-loom-cache/remapped_mods/net_fabricmc_yarn_1_18_2_1_18_2_build_4_v2/org/quiltmc/quilted-fabric-api/fabric-item-api-v1/1.0.0-beta.20+0.55.1-1.18.2/fabric-item-api-v1-1.0.0-beta.20+0.55.1-1.18.2.jar:/home/rhel/Documents/FeatureCreep/esr/1.18.2-Quilt/.gradle/quilt-loom-cache/remapped_mods/net_fabricmc_yarn_1_18_2_1_18_2_build_4_v2/org/quiltmc/quilted-fabric-api/fabric-item-groups-v0/1.0.0-beta.20+0.55.1-1.18.2/fabric-item-groups-v0-1.0.0-beta.20+0.55.1-1.18.2.jar:/home/rhel/Documents/FeatureCreep/esr/1.18.2-Quilt/.gradle/quilt-loom-cache/remapped_mods/net_fabricmc_yarn_1_18_2_1_18_2_build_4_v2/org/quiltmc/quilted-fabric-api/fabric-lifecycle-events-v1/1.0.0-beta.20+0.55.1-1.18.2/fabric-lifecycle-events-v1-1.0.0-beta.20+0.55.1-1.18.2.jar:/home/rhel/Documents/FeatureCreep/esr/1.18.2-Quilt/.gradle/quilt-loom-cache/remapped_mods/net_fabricmc_yarn_1_18_2_1_18_2_build_4_v2/org/quiltmc/quilted-fabric-api/fabric-loot-tables-v1/1.0.0-beta.20+0.55.1-1.18.2/fabric-loot-tables-v1-1.0.0-beta.20+0.55.1-1.18.2.jar:/home/rhel/Documents/FeatureCreep/esr/1.18.2-Quilt/.gradle/quilt-loom-cache/remapped_mods/net_fabricmc_yarn_1_18_2_1_18_2_build_4_v2/org/quiltmc/quilted-fabric-api/fabric-loot-api-v2/1.0.0-beta.20+0.55.1-1.18.2/fabric-loot-api-v2-1.0.0-beta.20+0.55.1-1.18.2.jar:/home/rhel/Documents/FeatureCreep/esr/1.18.2-Quilt/.gradle/quilt-loom-cache/remapped_mods/net_fabricmc_yarn_1_18_2_1_18_2_build_4_v2/org/quiltmc/quilted-fabric-api/fabric-mining-level-api-v1/1.0.0-beta.20+0.55.1-1.18.2/fabric-mining-level-api-v1-1.0.0-beta.20+0.55.1-1.18.2.jar:/home/rhel/Documents/FeatureCreep/esr/1.18.2-Quilt/.gradle/quilt-loom-cache/remapped_mods/net_fabricmc_yarn_1_18_2_1_18_2_build_4_v2/org/quiltmc/quilted-fabric-api/fabric-models-v0/1.0.0-beta.20+0.55.1-1.18.2/fabric-models-v0-1.0.0-beta.20+0.55.1-1.18.2.jar:/home/rhel/Documents/FeatureCreep/esr/1.18.2-Quilt/.gradle/quilt-loom-cache/remapped_mods/net_fabricmc_yarn_1_18_2_1_18_2_build_4_v2/org/quiltmc/quilted-fabric-api/fabric-networking-v0/1.0.0-beta.20+0.55.1-1.18.2/fabric-networking-v0-1.0.0-beta.20+0.55.1-1.18.2.jar:/home/rhel/Documents/FeatureCreep/esr/1.18.2-Quilt/.gradle/quilt-loom-cache/remapped_mods/net_fabricmc_yarn_1_18_2_1_18_2_build_4_v2/org/quiltmc/quilted-fabric-api/fabric-registry-sync-v0/1.0.0-beta.20+0.55.1-1.18.2/fabric-registry-sync-v0-1.0.0-beta.20+0.55.1-1.18.2.jar:/home/rhel/Documents/FeatureCreep/esr/1.18.2-Quilt/.gradle/quilt-loom-cache/remapped_mods/net_fabricmc_yarn_1_18_2_1_18_2_build_4_v2/org/quiltmc/quilted-fabric-api/fabric-screen-handler-api-v1/1.0.0-beta.20+0.55.1-1.18.2/fabric-screen-handler-api-v1-1.0.0-beta.20+0.55.1-1.18.2.jar:/home/rhel/Documents/FeatureCreep/esr/1.18.2-Quilt/.gradle/quilt-loom-cache/remapped_mods/net_fabricmc_yarn_1_18_2_1_18_2_build_4_v2/org/quiltmc/quilted-fabric-api/fabric-networking-api-v1/1.0.0-beta.20+0.55.1-1.18.2/fabric-networking-api-v1-1.0.0-beta.20+0.55.1-1.18.2.jar:/home/rhel/Documents/FeatureCreep/esr/1.18.2-Quilt/.gradle/quilt-loom-cache/remapped_mods/net_fabricmc_yarn_1_18_2_1_18_2_build_4_v2/org/quiltmc/quilted-fabric-api/fabric-object-builder-api-v1/1.0.0-beta.20+0.55.1-1.18.2/fabric-object-builder-api-v1-1.0.0-beta.20+0.55.1-1.18.2.jar:/home/rhel/Documents/FeatureCreep/esr/1.18.2-Quilt/.gradle/quilt-loom-cache/remapped_mods/net_fabricmc_yarn_1_18_2_1_18_2_build_4_v2/org/quiltmc/quilted-fabric-api/fabric-particles-v1/1.0.0-beta.20+0.55.1-1.18.2/fabric-particles-v1-1.0.0-beta.20+0.55.1-1.18.2.jar:/home/rhel/Documents/FeatureCreep/esr/1.18.2-Quilt/.gradle/quilt-loom-cache/remapped_mods/net_fabricmc_yarn_1_18_2_1_18_2_build_4_v2/org/quiltmc/quilted-fabric-api/fabric-renderer-indigo/1.0.0-beta.20+0.55.1-1.18.2/fabric-renderer-indigo-1.0.0-beta.20+0.55.1-1.18.2.jar:/home/rhel/Documents/FeatureCreep/esr/1.18.2-Quilt/.gradle/quilt-loom-cache/remapped_mods/net_fabricmc_yarn_1_18_2_1_18_2_build_4_v2/org/quiltmc/quilted-fabric-api/fabric-renderer-api-v1/1.0.0-beta.20+0.55.1-1.18.2/fabric-renderer-api-v1-1.0.0-beta.20+0.55.1-1.18.2.jar:/home/rhel/Documents/FeatureCreep/esr/1.18.2-Quilt/.gradle/quilt-loom-cache/remapped_mods/net_fabricmc_yarn_1_18_2_1_18_2_build_4_v2/org/quiltmc/quilted-fabric-api/fabric-renderer-registries-v1/1.0.0-beta.20+0.55.1-1.18.2/fabric-renderer-registries-v1-1.0.0-beta.20+0.55.1-1.18.2.jar:/home/rhel/Documents/FeatureCreep/esr/1.18.2-Quilt/.gradle/quilt-loom-cache/remapped_mods/net_fabricmc_yarn_1_18_2_1_18_2_build_4_v2/org/quiltmc/quilted-fabric-api/fabric-rendering-data-attachment-v1/1.0.0-beta.20+0.55.1-1.18.2/fabric-rendering-data-attachment-v1-1.0.0-beta.20+0.55.1-1.18.2.jar:/home/rhel/Documents/FeatureCreep/esr/1.18.2-Quilt/.gradle/quilt-loom-cache/remapped_mods/net_fabricmc_yarn_1_18_2_1_18_2_build_4_v2/org/quiltmc/quilted-fabric-api/fabric-rendering-fluids-v1/1.0.0-beta.20+0.55.1-1.18.2/fabric-rendering-fluids-v1-1.0.0-beta.20+0.55.1-1.18.2.jar:/home/rhel/Documents/FeatureCreep/esr/1.18.2-Quilt/.gradle/quilt-loom-cache/remapped_mods/net_fabricmc_yarn_1_18_2_1_18_2_build_4_v2/org/quiltmc/quilted-fabric-api/fabric-rendering-v0/1.0.0-beta.20+0.55.1-1.18.2/fabric-rendering-v0-1.0.0-beta.20+0.55.1-1.18.2.jar:/home/rhel/Documents/FeatureCreep/esr/1.18.2-Quilt/.gradle/quilt-loom-cache/remapped_mods/net_fabricmc_yarn_1_18_2_1_18_2_build_4_v2/org/quiltmc/quilted-fabric-api/fabric-rendering-v1/1.0.0-beta.20+0.55.1-1.18.2/fabric-rendering-v1-1.0.0-beta.20+0.55.1-1.18.2.jar:/home/rhel/Documents/FeatureCreep/esr/1.18.2-Quilt/.gradle/quilt-loom-cache/remapped_mods/net_fabricmc_yarn_1_18_2_1_18_2_build_4_v2/org/quiltmc/quilted-fabric-api/fabric-screen-api-v1/1.0.0-beta.20+0.55.1-1.18.2/fabric-screen-api-v1-1.0.0-beta.20+0.55.1-1.18.2.jar:/home/rhel/Documents/FeatureCreep/esr/1.18.2-Quilt/.gradle/quilt-loom-cache/remapped_mods/net_fabricmc_yarn_1_18_2_1_18_2_build_4_v2/org/quiltmc/quilted-fabric-api/fabric-textures-v0/1.0.0-beta.20+0.55.1-1.18.2/fabric-textures-v0-1.0.0-beta.20+0.55.1-1.18.2.jar:/home/rhel/Documents/FeatureCreep/esr/1.18.2-Quilt/.gradle/quilt-loom-cache/remapped_mods/net_fabricmc_yarn_1_18_2_1_18_2_build_4_v2/org/quiltmc/quilted-fabric-api/fabric-api-base/1.0.0-beta.20+0.55.1-1.18.2/fabric-api-base-1.0.0-beta.20+0.55.1-1.18.2.jar:/home/rhel/Documents/FeatureCreep/esr/1.18.2-Quilt/.gradle/quilt-loom-cache/remapped_mods/net_fabricmc_yarn_1_18_2_1_18_2_build_4_v2/org/quiltmc/quilted-fabric-api/fabric-biome-api-v1/1.0.0-beta.20+0.55.1-1.18.2/fabric-biome-api-v1-1.0.0-beta.20+0.55.1-1.18.2.jar:/home/rhel/Documents/FeatureCreep/esr/1.18.2-Quilt/.gradle/quilt-loom-cache/remapped_mods/net_fabricmc_yarn_1_18_2_1_18_2_build_4_v2/org/quiltmc/quilted-fabric-api/fabric-crash-report-info-v1/1.0.0-beta.20+0.55.1-1.18.2/fabric-crash-report-info-v1-1.0.0-beta.20+0.55.1-1.18.2.jar:/home/rhel/Documents/FeatureCreep/esr/1.18.2-Quilt/.gradle/quilt-loom-cache/remapped_mods/net_fabricmc_yarn_1_18_2_1_18_2_build_4_v2/org/quiltmc/quilted-fabric-api/fabric-game-rule-api-v1/1.0.0-beta.20+0.55.1-1.18.2/fabric-game-rule-api-v1-1.0.0-beta.20+0.55.1-1.18.2.jar:/home/rhel/Documents/FeatureCreep/esr/1.18.2-Quilt/.gradle/quilt-loom-cache/remapped_mods/net_fabricmc_yarn_1_18_2_1_18_2_build_4_v2/org/quiltmc/quilted-fabric-api/fabric-keybindings-v0/1.0.0-beta.20+0.55.1-1.18.2/fabric-keybindings-v0-1.0.0-beta.20+0.55.1-1.18.2.jar:/home/rhel/Documents/FeatureCreep/esr/1.18.2-Quilt/.gradle/quilt-loom-cache/remapped_mods/net_fabricmc_yarn_1_18_2_1_18_2_build_4_v2/org/quiltmc/quilted-fabric-api/fabric-key-binding-api-v1/1.0.0-beta.20+0.55.1-1.18.2/fabric-key-binding-api-v1-1.0.0-beta.20+0.55.1-1.18.2.jar:/home/rhel/Documents/FeatureCreep/esr/1.18.2-Quilt/.gradle/quilt-loom-cache/remapped_mods/net_fabricmc_yarn_1_18_2_1_18_2_build_4_v2/org/quiltmc/quilted-fabric-api/fabric-resource-conditions-api-v1/1.0.0-beta.20+0.55.1-1.18.2/fabric-resource-conditions-api-v1-1.0.0-beta.20+0.55.1-1.18.2.jar:/home/rhel/Documents/FeatureCreep/esr/1.18.2-Quilt/.gradle/quilt-loom-cache/remapped_mods/net_fabricmc_yarn_1_18_2_1_18_2_build_4_v2/org/quiltmc/quilted-fabric-api/fabric-resource-loader-v0/1.0.0-beta.20+0.55.1-1.18.2/fabric-resource-loader-v0-1.0.0-beta.20+0.55.1-1.18.2.jar:/home/rhel/Documents/FeatureCreep/esr/1.18.2-Quilt/.gradle/quilt-loom-cache/remapped_mods/net_fabricmc_yarn_1_18_2_1_18_2_build_4_v2/org/quiltmc/quilted-fabric-api/fabric-transitive-access-wideners-v1/1.0.0-beta.20+0.55.1-1.18.2/fabric-transitive-access-wideners-v1-1.0.0-beta.20+0.55.1-1.18.2.jar:/home/rhel/.gradle/caches/modules-2/files-2.1/org.jline/jline-reader/3.12.1/4382ab1382c7b6f379377ed5f665dc2f6e1218bc/jline-reader-3.12.1.jar:/home/rhel/.gradle/caches/modules-2/files-2.1/com.google.guava/listenablefuture/9999.0-empty-to-avoid-conflict-with-guava/b421526c5f297295adef1c886e5246c39d4ac629/listenablefuture-9999.0-empty-to-avoid-conflict-with-guava.jar:/home/rhel/.gradle/caches/modules-2/files-2.1/com.google.code.findbugs/jsr305/3.0.2/25ea2e8b0c338a877313bd4672d3fe056ea78f0d/jsr305-3.0.2.jar:/home/rhel/.gradle/caches/modules-2/files-2.1/org.checkerframework/checker-qual/3.12.0/d5692f0526415fcc6de94bb5bfbd3afd9dd3b3e5/checker-qual-3.12.0.jar:/home/rhel/.gradle/caches/modules-2/files-2.1/com.google.errorprone/error_prone_annotations/2.7.1/458d9042f7aa6fa9a634df902b37f544e15aacac/error_prone_annotations-2.7.1.jar:/home/rhel/.gradle/caches/modules-2/files-2.1/com.google.j2objc/j2objc-annotations/1.3/ba035118bc8bac37d7eff77700720999acd9986d/j2objc-annotations-1.3.jar:/home/rhel/.gradle/caches/modules-2/files-2.1/org.jline/jline-terminal/3.12.1/c777448314e050d980a6b697c140f3bfe9eb7416/jline-terminal-3.12.1.jar)
		at com.sun.jna.Native.extractFromResourcePath(Native.java:1145) ~[jna-5.10.0.jar:5.10.0 (b0)]
		at com.sun.jna.NativeLibrary.loadLibrary(NativeLibrary.java:275) ~[jna-5.10.0.jar:5.10.0 (b0)]
		at com.sun.jna.NativeLibrary.getInstance(NativeLibrary.java:461) ~[jna-5.10.0.jar:5.10.0 (b0)]
		at com.sun.jna.NativeLibrary.getInstance(NativeLibrary.java:403) ~[jna-5.10.0.jar:5.10.0 (b0)]
		at com.mojang.text2speech.NarratorLinux.<clinit>(NarratorLinux.java:18) [text2speech-1.12.4.jar:?]
		at com.mojang.text2speech.Narrator.getNarrator(Narrator.java:21) [text2speech-1.12.4.jar:?]
		at net.minecraft.client.util.NarratorManager.<init>(NarratorManager.java:29) [minecraft-project-@-merged-named.jar:?]
		at net.minecraft.client.util.NarratorManager.<clinit>(NarratorManager.java:29) [minecraft-project-@-merged-named.jar:?]
		at net.minecraft.client.gui.hud.InGameHud.<init>(InGameHud.java:155) [minecraft-project-@-merged-named.jar:?]
		at net.minecraft.client.MinecraftClient.<init>(MinecraftClient.java:609) [minecraft-project-@-merged-named.jar:?]
		at net.minecraft.client.main.Main.main(Main.java:179) [minecraft-project-@-merged-named.jar:?]
		at jdk.internal.reflect.NativeMethodAccessorImpl.invoke0(Native Method) ~[?:?]
		at jdk.internal.reflect.NativeMethodAccessorImpl.invoke(NativeMethodAccessorImpl.java:77) ~[?:?]
		at jdk.internal.reflect.DelegatingMethodAccessorImpl.invoke(DelegatingMethodAccessorImpl.java:43) ~[?:?]
		at java.lang.reflect.Method.invoke(Method.java:568) ~[?:?]
		at org.quiltmc.loader.impl.game.minecraft.MinecraftGameProvider.launch(MinecraftGameProvider.java:423) [quilt-loader-0.17.0.jar:?]
		at org.quiltmc.loader.impl.launch.knot.Knot.launch(Knot.java:76) [quilt-loader-0.17.0.jar:?]
		at org.quiltmc.loader.impl.launch.knot.KnotClient.main(KnotClient.java:24) [quilt-loader-0.17.0.jar:?]
		at net.fabricmc.devlaunchinjector.Main.main(Main.java:86) [dev-launch-injector-0.2.1+build.8.jar:?]
[15:01:44] [Render thread/INFO] (Minecraft) Reloading ResourceManager: Default (Quilted Fabric Lifecycle Events (v1), FeatureCreepMC, Quilt Item Setting API, Quilted Fabric Renderer - Indigo, Quilted Fabric Transitive Access Wideners (v1), Quilted Fabric API Lookup API (v1), Quilted Fabric Loot Tables (v1), Quilt Item Group API, Quilt Registry API, Quilted Fabric Rendering Fluids (v1), Quilted Fabric Item Groups (v0), Quilted Fabric Renderer API (v1), Quilt Screen API, Quilted Fabric Networking API (v1), Quilt Tags API, Quilted Fabric Rendering (v0), Quilt Resource Loader, Quilted Fabric Rendering (v1), Quilted Fabric Crash Report Info (v1), Quilted Fabric Transfer API (v1), Quilt Command API, Quilted Fabric Game Rule API (v1), Quilted Fabric Networking (v0), Quilt Block Extensions API, Quilt Networking, Quilted Fabric Renderer Registries (v1), Quilted Fabric API, Quilted Fabric Game Test API (v1), Quilted Fabric Dimensions API (v1), Quilted Fabric Resource Conditions API (v1), Quilted Fabric Commands (v0), Quilted Fabric Screen Handler API (v1), Quilt Recipe API, Quilted Fabric Command API (v1), Quilted Fabric Textures (v0), Quilted Fabric Loot API (v2), Quilt Dimension API, Quilted Fabric Events Interaction (v0), Quilt Tooltip API, Quilted Fabric Rendering Data Attachment (v1), Quilted Fabric Registry Sync (v0), Quilted Fabric Object Builder API (v1), Quilted Fabric Key Bindings (v0), Quilted Fabric Convention Tags API (v1), Quilted Fabric Entity Events (v1), Quilted Fabric Containers (v0), Quilt Base API, Quilt Registry Entry Attachments, Quilt Lifecycle Events, Quilted Fabric Resource Loader (v0), Quilted Fabric Item API (v1), Quilted Fabric Screen API (v1), Quilted Fabric Models (v0), Quilted Fabric Biome API (v1), Quilted Fabric Events Lifecycle (v0), Quilted Fabric API Base, Quilted Fabric Content Registries (v0), Quilted Fabric Particles (v1), Quilted Fabric Mining Level API (v1), Quilt Crash Info, Quilted Fabric Data Generation API (v1), Quilted Fabric BlockRenderLayer Registration (v1), Quilt Client Command API, Quilt Biome API, Quilt Loader, Quilted Fabric Key Binding API (v1))
[15:01:45] [Render thread/INFO] (modid) This line is printed by an example mod mixin!
[15:01:45] [Render thread/INFO] (modid) Boycott Modrinth
[15:01:46] [Realms Notification Availability checker #1/INFO] (Minecraft) Could not authorize you against Realms server: Invalid session id
[15:01:47] [Worker-Main-73/WARN] (Minecraft) Unable to load model: 'featurecreep:dmr_sword#inventory' referenced from: featurecreep:dmr_sword#inventory: java.io.FileNotFoundException: featurecreep:models/item/dmr_sword.json
[15:01:47] [Worker-Main-73/WARN] (Minecraft) Unable to load model: 'featurecreep:dmr_pickaxe#inventory' referenced from: featurecreep:dmr_pickaxe#inventory: java.io.FileNotFoundException: featurecreep:models/item/dmr_pickaxe.json
[15:01:47] [Worker-Main-73/WARN] (Minecraft) Unable to load model: 'featurecreep:amethyst_sword#inventory' referenced from: featurecreep:amethyst_sword#inventory: java.io.FileNotFoundException: featurecreep:models/item/amethyst_sword.json
[15:01:47] [Worker-Main-73/WARN] (Minecraft) Unable to load model: 'featurecreep:amethyst_shovel#inventory' referenced from: featurecreep:amethyst_shovel#inventory: java.io.FileNotFoundException: featurecreep:models/item/amethyst_shovel.json
[15:01:47] [Worker-Main-73/WARN] (Minecraft) Unable to load model: 'featurecreep:dmr_shovel#inventory' referenced from: featurecreep:dmr_shovel#inventory: java.io.FileNotFoundException: featurecreep:models/item/dmr_shovel.json
[15:01:47] [Worker-Main-73/WARN] (Minecraft) Unable to load model: 'featurecreep:amethyst#inventory' referenced from: featurecreep:amethyst#inventory: java.io.FileNotFoundException: featurecreep:models/item/amethyst.json
[15:01:47] [Worker-Main-73/WARN] (Minecraft) Unable to load model: 'featurecreep:amethyst_pickaxe#inventory' referenced from: featurecreep:amethyst_pickaxe#inventory: java.io.FileNotFoundException: featurecreep:models/item/amethyst_pickaxe.json
[15:01:47] [Worker-Main-73/WARN] (Minecraft) Unable to load model: 'featurecreep:dmr_binary_test#inventory' referenced from: featurecreep:dmr_binary_test#inventory: java.io.FileNotFoundException: featurecreep:models/item/dmr_binary_test.json
[15:01:47] [Worker-Main-73/WARN] (Minecraft) Unable to load model: 'featurecreep:dmr_test#inventory' referenced from: featurecreep:dmr_test#inventory: java.io.FileNotFoundException: featurecreep:models/item/dmr_test.json
[15:01:47] [Worker-Main-73/WARN] (Minecraft) Unable to load model: 'featurecreep:amethyst_hoe#inventory' referenced from: featurecreep:amethyst_hoe#inventory: java.io.FileNotFoundException: featurecreep:models/item/amethyst_hoe.json
[15:01:47] [Worker-Main-73/WARN] (Minecraft) Unable to load model: 'featurecreep:dmr_hoe#inventory' referenced from: featurecreep:dmr_hoe#inventory: java.io.FileNotFoundException: featurecreep:models/item/dmr_hoe.json
[15:01:47] [Worker-Main-73/WARN] (Minecraft) Unable to load model: 'featurecreep:dmr_axe#inventory' referenced from: featurecreep:dmr_axe#inventory: java.io.FileNotFoundException: featurecreep:models/item/dmr_axe.json
[15:01:47] [Worker-Main-73/WARN] (Minecraft) Unable to load model: 'featurecreep:amethyst_axe#inventory' referenced from: featurecreep:amethyst_axe#inventory: java.io.FileNotFoundException: featurecreep:models/item/amethyst_axe.json
[15:01:49] [Render thread/INFO] (Minecraft) OpenAL initialized on device JACK Default
[15:01:49] [Render thread/INFO] (Minecraft) Sound engine started
[15:01:50] [Render thread/INFO] (Minecraft) Created: 1024x1024x4 minecraft:textures/atlas/blocks.png-atlas
[15:01:50] [Render thread/INFO] (Minecraft) Created: 256x128x4 minecraft:textures/atlas/signs.png-atlas
[15:01:50] [Render thread/INFO] (Minecraft) Created: 1024x512x4 minecraft:textures/atlas/banner_patterns.png-atlas
[15:01:50] [Render thread/INFO] (Minecraft) Created: 1024x512x4 minecraft:textures/atlas/shield_patterns.png-atlas
[15:01:50] [Render thread/INFO] (Minecraft) Created: 256x256x4 minecraft:textures/atlas/chest.png-atlas
[15:01:50] [Render thread/INFO] (Minecraft) Created: 512x256x4 minecraft:textures/atlas/beds.png-atlas
[15:01:50] [Render thread/INFO] (Minecraft) Created: 512x256x4 minecraft:textures/atlas/shulker_boxes.png-atlas
[15:01:52] [Render thread/INFO] (Minecraft) Created: 256x256x0 minecraft:textures/atlas/particles.png-atlas
[15:01:52] [Render thread/INFO] (Minecraft) Created: 256x256x0 minecraft:textures/atlas/paintings.png-atlas
[15:01:52] [Render thread/INFO] (Minecraft) Created: 256x128x0 minecraft:textures/atlas/mob_effects.png-atlas
[15:01:52] [Render thread/INFO] (modid) This line is printed by an example mod mixin!
[15:01:52] [Render thread/INFO] (modid) Boycott Modrinth
