[14:19:20] [main/INFO] (FabricLoader/GameProvider) Loading Minecraft 22w42a with Fabric Loader 0.14.10
[14:19:21] [main/INFO] (FabricLoader) Loading 46 mods:
	- advanced_runtime_resource_pack 0.5.7
	- fabric-api 0.65.0+1.19.3
	- fabric-api-base 0.4.13+93d8cb822d
	- fabric-api-lookup-api-v1 1.6.11+75e982112d
	- fabric-biome-api-v1 10.0.0+75e982112d
	- fabric-blockrenderlayer-v1 1.1.22+c6af733c2d
	- fabric-client-tags-api-v1 1.0.3+b35fea832d
	- fabric-command-api-v2 2.1.9+75e982112d
	- fabric-content-registries-v0 3.4.1+75e982112d
	- fabric-convention-tags-v1 1.1.3+93d8cb822d
	- fabric-crash-report-info-v1 0.2.7+aeb40ebe2d
	- fabric-data-generation-api-v1 6.0.0+75e982112d
	- fabric-dimensions-v1 2.1.33+75e982112d
	- fabric-entity-events-v1 1.4.20+75e982112d
	- fabric-events-interaction-v0 0.4.30+c6af733c2d
	- fabric-game-rule-api-v1 1.0.23+c6af733c2d
	- fabric-gametest-api-v1 1.1.2+75e982112d
	- fabric-item-api-v1 2.0.0+75e982112d
	- fabric-item-group-api-v1 1.0.0+75e982112d
	- fabric-key-binding-api-v1 1.0.23+aaaf9d332d
	- fabric-lifecycle-events-v1 2.2.1+75e982112d
	- fabric-loot-api-v2 1.1.7+75e982112d
	- fabric-message-api-v1 5.0.5+75e982112d
	- fabric-mining-level-api-v1 2.1.18+75e982112d
	- fabric-models-v0 0.3.19+75e982112d
	- fabric-networking-api-v1 1.2.6+c6af733c2d
	- fabric-object-builder-api-v1 4.0.15+75e982112d
	- fabric-particles-v1 1.0.12+79adfe0a2d
	- fabric-registry-sync-v0 0.9.27+75e982112d
	- fabric-renderer-api-v1 1.0.13+75e982112d
	- fabric-renderer-indigo 0.6.15+aeb40ebe2d
	- fabric-rendering-data-attachment-v1 0.3.16+aeb40ebe2d
	- fabric-rendering-fluids-v1 3.0.9+75e982112d
	- fabric-rendering-v1 1.11.1+75e982112d
	- fabric-resource-conditions-api-v1 2.1.1+aae9039d2d
	- fabric-resource-loader-v0 0.8.0+75e982112d
	- fabric-screen-api-v1 1.0.28+93d8cb822d
	- fabric-screen-handler-api-v1 1.3.2+75e982112d
	- fabric-sound-api-v1 1.0.1+75e982112d
	- fabric-textures-v0 2.0.0+75e982112d
	- fabric-transfer-api-v1 2.1.2+75e982112d
	- fabric-transitive-access-wideners-v1 1.3.2+75e982112d
	- fabricloader 0.14.10
	- featurecreep 1.0.0
	- java 17
	- minecraft 1.19.3-alpha.22.42.a
[14:19:27] [main/INFO] (FabricLoader/Mixin) SpongePowered MIXIN Subsystem Version=0.8.5 Source=file:/home/rhel/.gradle/caches/modules-2/files-2.1/net.fabricmc/sponge-mixin/0.11.4+mixin.0.8.5/c1dc27696aa4006e492c2485c9ccbcb26045a971/sponge-mixin-0.11.4+mixin.0.8.5.jar Service=Knot/Fabric Env=CLIENT
[14:19:27] [main/INFO] (FabricLoader/Mixin) Loaded Fabric development mappings for mixin remapper!
[14:19:27] [main/INFO] (FabricLoader/Mixin) Compatibility level set to JAVA_16
[14:19:27] [main/INFO] (FabricLoader/Mixin) Compatibility level set to JAVA_17
[14:19:29] [main/ERROR] (FabricLoader/Mixin) Error encountered during mixin config postInit step 'featurecreep.mixins.json' from mod 'featurecreep': Unable to make protected final java.lang.Class java.lang.ClassLoader.defineClass(java.lang.String,byte[],int,int,java.security.ProtectionDomain) throws java.lang.ClassFormatError accessible: module java.base does not "opens java.lang" to unnamed module @776aec5c
java.lang.reflect.InaccessibleObjectException: Unable to make protected final java.lang.Class java.lang.ClassLoader.defineClass(java.lang.String,byte[],int,int,java.security.ProtectionDomain) throws java.lang.ClassFormatError accessible: module java.base does not "opens java.lang" to unnamed module @776aec5c
	at java.lang.reflect.AccessibleObject.checkCanSetAccessible(AccessibleObject.java:354) ~[?:?]
	at java.lang.reflect.AccessibleObject.checkCanSetAccessible(AccessibleObject.java:297) ~[?:?]
	at java.lang.reflect.Method.checkCanSetAccessible(Method.java:199) ~[?:?]
	at java.lang.reflect.Method.setAccessible(Method.java:193) ~[?:?]
	at javassist.util.proxy.SecurityActions.setAccessible(SecurityActions.java:159) ~[main/:?]
	at javassist.util.proxy.DefineClassHelper$JavaOther.defineClass(DefineClassHelper.java:213) ~[main/:?]
	at javassist.util.proxy.DefineClassHelper$Java11.defineClass(DefineClassHelper.java:52) ~[main/:?]
	at javassist.util.proxy.DefineClassHelper.toClass(DefineClassHelper.java:260) ~[main/:?]
	at javassist.ClassPool.toClass(ClassPool.java:1240) ~[main/:?]
	at javassist.ClassPool.toClass(ClassPool.java:1098) ~[main/:?]
	at javassist.ClassPool.toClass(ClassPool.java:1056) ~[main/:?]
	at javassist.CtClass.toClass(CtClass.java:1298) ~[main/:?]
	at featurecreep.mixin.CoreMod.fakespongemixingen(CoreMod.java:50) ~[main/:?]
	at featurecreep.mixin.CoreMod.getMixins(CoreMod.java:147) ~[main/:?]
	at org.spongepowered.asm.mixin.transformer.PluginHandle.getMixins(PluginHandle.java:128) ~[sponge-mixin-0.11.4+mixin.0.8.5.jar:0.11.4+mixin.0.8.5]
	at org.spongepowered.asm.mixin.transformer.MixinConfig.postInitialise(MixinConfig.java:796) ~[sponge-mixin-0.11.4+mixin.0.8.5.jar:0.11.4+mixin.0.8.5]
	at org.spongepowered.asm.mixin.transformer.MixinProcessor.prepareConfigs(MixinProcessor.java:568) [sponge-mixin-0.11.4+mixin.0.8.5.jar:0.11.4+mixin.0.8.5]
	at org.spongepowered.asm.mixin.transformer.MixinProcessor.select(MixinProcessor.java:462) [sponge-mixin-0.11.4+mixin.0.8.5.jar:0.11.4+mixin.0.8.5]
	at org.spongepowered.asm.mixin.transformer.MixinProcessor.checkSelect(MixinProcessor.java:438) [sponge-mixin-0.11.4+mixin.0.8.5.jar:0.11.4+mixin.0.8.5]
	at org.spongepowered.asm.mixin.transformer.MixinProcessor.applyMixins(MixinProcessor.java:290) [sponge-mixin-0.11.4+mixin.0.8.5.jar:0.11.4+mixin.0.8.5]
	at org.spongepowered.asm.mixin.transformer.MixinTransformer.transformClass(MixinTransformer.java:234) [sponge-mixin-0.11.4+mixin.0.8.5.jar:0.11.4+mixin.0.8.5]
	at org.spongepowered.asm.mixin.transformer.MixinTransformer.transformClassBytes(MixinTransformer.java:202) [sponge-mixin-0.11.4+mixin.0.8.5.jar:0.11.4+mixin.0.8.5]
	at net.fabricmc.loader.impl.launch.knot.KnotClassDelegate.getPostMixinClassByteArray(KnotClassDelegate.java:414) [fabric-loader-0.14.10.jar:?]
	at net.fabricmc.loader.impl.launch.knot.KnotClassDelegate.tryLoadClass(KnotClassDelegate.java:323) [fabric-loader-0.14.10.jar:?]
	at net.fabricmc.loader.impl.launch.knot.KnotClassDelegate.loadClass(KnotClassDelegate.java:218) [fabric-loader-0.14.10.jar:?]
	at net.fabricmc.loader.impl.launch.knot.KnotClassLoader.loadClass(KnotClassLoader.java:145) [fabric-loader-0.14.10.jar:?]
	at java.lang.ClassLoader.loadClass(ClassLoader.java:520) [?:?]
	at java.lang.Class.forName0(Native Method) ~[?:?]
	at java.lang.Class.forName(Class.java:467) [?:?]
	at net.fabricmc.loader.impl.util.DefaultLanguageAdapter.create(DefaultLanguageAdapter.java:50) [fabric-loader-0.14.10.jar:?]
	at net.fabricmc.loader.impl.entrypoint.EntrypointStorage$NewEntry.getOrCreate(EntrypointStorage.java:117) [fabric-loader-0.14.10.jar:?]
	at net.fabricmc.loader.impl.entrypoint.EntrypointContainerImpl.getEntrypoint(EntrypointContainerImpl.java:53) [fabric-loader-0.14.10.jar:?]
	at net.fabricmc.loader.impl.entrypoint.EntrypointUtils.invoke0(EntrypointUtils.java:47) [fabric-loader-0.14.10.jar:?]
	at net.fabricmc.loader.impl.entrypoint.EntrypointUtils.invoke(EntrypointUtils.java:35) [fabric-loader-0.14.10.jar:?]
	at net.fabricmc.loader.impl.launch.knot.Knot.init(Knot.java:162) [fabric-loader-0.14.10.jar:?]
	at net.fabricmc.loader.impl.launch.knot.Knot.launch(Knot.java:68) [fabric-loader-0.14.10.jar:?]
	at net.fabricmc.loader.impl.launch.knot.KnotClient.main(KnotClient.java:23) [fabric-loader-0.14.10.jar:?]
	at net.fabricmc.devlaunchinjector.Main.main(Main.java:86) [dev-launch-injector-0.2.1+build.8.jar:?]
[14:19:29] [main/INFO] (ARRP) I used the json to destroy the json
[14:19:29] [main/WARN] (FileUtil) Configuration conflict: there is more than one oshi.properties file on the classpath
[14:19:30] [main/WARN] (FileUtil) Configuration conflict: there is more than one oshi.architecture.properties file on the classpath
[14:19:36] [main/INFO] (Minecraft) Building optimized datafixer
[14:19:47] [Render thread/INFO] (Minecraft) [STDOUT]: net.minecraft.client.gui.screen.TitleScreen
[14:19:47] [Render thread/INFO] (Minecraft) [STDOUT]: Yay Javaassist Worked!, though its capability is limted
[14:19:48] [Render thread/INFO] (Minecraft) Environment: authHost='https://authserver.mojang.com', accountsHost='https://api.mojang.com', sessionHost='https://sessionserver.mojang.com', servicesHost='https://api.minecraftservices.com', name='PROD'
[14:19:53] [Render thread/ERROR] (fabric-screen-api-v1) Failed to verify authentication
com.mojang.authlib.exceptions.InvalidCredentialsException: Status: 401
	at com.mojang.authlib.exceptions.MinecraftClientHttpException.toAuthenticationException(MinecraftClientHttpException.java:56) ~[authlib-3.13.56.jar:?]
	at com.mojang.authlib.yggdrasil.YggdrasilUserApiService.fetchProperties(YggdrasilUserApiService.java:155) ~[authlib-3.13.56.jar:?]
	at com.mojang.authlib.yggdrasil.YggdrasilUserApiService.<init>(YggdrasilUserApiService.java:55) ~[authlib-3.13.56.jar:?]
	at com.mojang.authlib.yggdrasil.YggdrasilAuthenticationService.createUserApiService(YggdrasilAuthenticationService.java:161) ~[authlib-3.13.56.jar:?]
	at net.minecraft.client.MinecraftClient.createUserApiService(MinecraftClient.java:706) [minecraft-project-@-merged-named.jar:?]
	at net.minecraft.client.MinecraftClient.<init>(MinecraftClient.java:503) [minecraft-project-@-merged-named.jar:?]
	at net.minecraft.client.main.Main.main(Main.java:185) [minecraft-project-@-merged-named.jar:?]
	at net.minecraft.client.main.Main.main(Main.java:56) [minecraft-project-@-merged-named.jar:?]
	at net.fabricmc.loader.impl.game.minecraft.MinecraftGameProvider.launch(MinecraftGameProvider.java:461) [fabric-loader-0.14.10.jar:?]
	at net.fabricmc.loader.impl.launch.knot.Knot.launch(Knot.java:74) [fabric-loader-0.14.10.jar:?]
	at net.fabricmc.loader.impl.launch.knot.KnotClient.main(KnotClient.java:23) [fabric-loader-0.14.10.jar:?]
	at net.fabricmc.devlaunchinjector.Main.main(Main.java:86) [dev-launch-injector-0.2.1+build.8.jar:?]
Caused by: com.mojang.authlib.exceptions.MinecraftClientHttpException: Status: 401
	at com.mojang.authlib.minecraft.client.MinecraftClient.readInputStream(MinecraftClient.java:85) ~[authlib-3.13.56.jar:?]
	at com.mojang.authlib.minecraft.client.MinecraftClient.get(MinecraftClient.java:48) ~[authlib-3.13.56.jar:?]
	at com.mojang.authlib.yggdrasil.YggdrasilUserApiService.fetchProperties(YggdrasilUserApiService.java:129) ~[authlib-3.13.56.jar:?]
	... 10 more
[14:19:53] [Render thread/INFO] (fabric-screen-api-v1) Setting user: Player15
[14:19:54] [Render thread/INFO] (modid) Loading FeatureCreep Initialisation Class
[14:19:54] [Render thread/INFO] (Minecraft) [STDOUT]: Fabric
[14:19:55] [Render thread/INFO] (Minecraft) [STDOUT]: Running FC on LINUX with Process ID 42594
[14:19:55] [Render thread/INFO] (Minecraft) [STDOUT]: /home/rhel/Documents/FeatureCreep/esr/1.19.3-Fabric/run/datafiedcontents/items/featurecreep/dmr_binary_test.dmr
[14:19:55] [Render thread/INFO] (Minecraft) [STDOUT]: /home/rhel/Documents/FeatureCreep/esr/1.19.3-Fabric/run/datafiedcontents/items/featurecreep/dmr_axe.dmr
[14:19:56] [Render thread/INFO] (Minecraft) [STDOUT]: com/mojang/datafixers/types/templates
[14:19:56] [Render thread/INFO] (Minecraft) [STDOUT]: com/mojang/blaze3d/systems
[14:19:56] [Render thread/INFO] (Minecraft) [STDOUT]: org/apache/logging/log4j/core/config/plugins/validation/validators
[14:19:56] [Render thread/INFO] (Minecraft) [STDOUT]: com/mojang/authlib/properties
[14:19:56] [Render thread/INFO] (Minecraft) [STDOUT]: net/fabricmc/fabric/impl/content/registry
[14:19:56] [Render thread/INFO] (Minecraft) [STDOUT]: featurecreep/loader
[14:19:56] [Render thread/INFO] (Minecraft) [STDOUT]: net/minecraft/world/gen/treedecorator
[14:19:56] [Render thread/INFO] (Minecraft) [STDOUT]: it/unimi/dsi/fastutil/objects
[14:19:56] [Render thread/INFO] (Minecraft) [STDOUT]: net/minecraft/structure/pool
[14:19:56] [Render thread/INFO] (Minecraft) [STDOUT]: net/minecraft/world/dimension
[14:19:56] [Render thread/INFO] (Minecraft) [STDOUT]: org/apache/logging/log4j/core/config/properties
[14:19:56] [Render thread/INFO] (Minecraft) [STDOUT]: com/mojang/authlib/exceptions
[14:19:56] [Render thread/INFO] (Minecraft) [STDOUT]: org/slf4j/spi
[14:19:56] [Render thread/INFO] (Minecraft) [STDOUT]: org/apache/commons/lang3/exception
[14:19:56] [Render thread/INFO] (Minecraft) [STDOUT]: it/unimi/dsi/fastutil/floats
[14:19:56] [Render thread/INFO] (Minecraft) [STDOUT]: com/mojang/datafixers/util
[14:19:56] [Render thread/INFO] (Minecraft) [STDOUT]: net/minecraft/network
[14:19:56] [Render thread/INFO] (Minecraft) [STDOUT]: net/minecraft/client/render
[14:19:56] [Render thread/INFO] (Minecraft) [STDOUT]: net/minecraft/client/gui/screen
[14:19:56] [Render thread/INFO] (Minecraft) [STDOUT]: org/apache/logging/log4j/core/config/arbiters
[14:19:56] [Render thread/INFO] (Minecraft) [STDOUT]: net/fabricmc/fabric/impl/biome
[14:19:56] [Render thread/INFO] (Minecraft) [STDOUT]: net/minecraft/loot
[14:19:56] [Render thread/INFO] (Minecraft) [STDOUT]: org/apache/logging/log4j/core/filter
[14:19:56] [Render thread/INFO] (Minecraft) [STDOUT]: com/mojang/datafixers/types/constant
[14:19:56] [Render thread/INFO] (Minecraft) [STDOUT]: net/fabricmc/fabric/mixin/rendering/data/attachment
[14:19:56] [Render thread/INFO] (Minecraft) [STDOUT]: org/apache/commons/lang3/mutable
[14:19:56] [Render thread/INFO] (Minecraft) [STDOUT]: net/minecraft/util/math/random
[14:19:56] [Render thread/INFO] (Minecraft) [STDOUT]: featurecreep/api
[14:19:56] [Render thread/INFO] (Minecraft) [STDOUT]: net/fabricmc/fabric/mixin/networking/accessor
[14:19:56] [Render thread/INFO] (Minecraft) [STDOUT]: org/apache/logging/log4j/core/layout
[14:19:56] [Render thread/INFO] (Minecraft) [STDOUT]: oshi/hardware
[14:19:56] [Render thread/INFO] (Minecraft) [STDOUT]: net/minecraft/world/gen
[14:19:56] [Render thread/INFO] (Minecraft) [STDOUT]: net/minecraft/world/gen/root
[14:19:56] [Render thread/INFO] (Minecraft) [STDOUT]: net/minecraft/enchantment
[14:19:56] [Render thread/INFO] (Minecraft) [STDOUT]: net/fabricmc/fabric/impl/registry/sync/trackers/vanilla
[14:19:56] [Render thread/INFO] (Minecraft) [STDOUT]: net/minecraft/world/biome/source
[14:19:56] [Render thread/INFO] (Minecraft) [STDOUT]: net/minecraft/datafixer/schema
[14:19:56] [Render thread/INFO] (Minecraft) [STDOUT]: net/minecraft/world/biome/source/util
[14:19:56] [Render thread/INFO] (Minecraft) [STDOUT]: net/minecraft/command
[14:19:56] [Render thread/INFO] (Minecraft) [STDOUT]: com/google/gson/internal
[14:19:56] [Render thread/INFO] (Minecraft) [STDOUT]: net/minecraft/world/gen/carver
[14:19:56] [Render thread/INFO] (Minecraft) [STDOUT]: org/apache/commons/io/output
[14:19:56] [Render thread/INFO] (Minecraft) [STDOUT]: net/minecraft/block/sapling
[14:19:56] [Render thread/INFO] (Minecraft) [STDOUT]: net/minecraft/client/search
[14:19:56] [Render thread/INFO] (Minecraft) [STDOUT]: org/apache/commons/io
[14:19:56] [Render thread/INFO] (Minecraft) [STDOUT]: net/minecraft/resource/featuretoggle
[14:19:56] [Render thread/INFO] (Minecraft) [STDOUT]: net/minecraft/network/encryption
[14:19:56] [Render thread/INFO] (Minecraft) [STDOUT]: io/netty/util/internal
[14:19:56] [Render thread/INFO] (Minecraft) [STDOUT]: net/minecraft/world/gen/foliage
[14:19:56] [Render thread/INFO] (Minecraft) [STDOUT]: org/apache/logging/log4j
[14:19:56] [Render thread/INFO] (Minecraft) [STDOUT]: com/mojang/logging
[14:19:56] [Render thread/INFO] (Minecraft) [STDOUT]: net/minecraft/block
[14:19:56] [Render thread/INFO] (Minecraft) [STDOUT]: javassist/bytecode/stackmap
[14:19:56] [Render thread/INFO] (Minecraft) [STDOUT]: org/apache/logging/log4j/core/appender/rolling/action
[14:19:56] [Render thread/INFO] (Minecraft) [STDOUT]: net/minecraft/world/tick
[14:19:56] [Render thread/INFO] (Minecraft) [STDOUT]: org/slf4j/event
[14:19:56] [Render thread/INFO] (Minecraft) [STDOUT]: org/apache/logging/log4j/message
[14:19:56] [Render thread/INFO] (Minecraft) [STDOUT]: javassist/bytecode
[14:19:56] [Render thread/INFO] (Minecraft) [STDOUT]: org/lwjgl/system/jni
[14:19:56] [Render thread/INFO] (Minecraft) [STDOUT]: net/minecraft/inventory
[14:19:56] [Render thread/INFO] (Minecraft) [STDOUT]: net/minecraft/entity/ai
[14:19:56] [Render thread/INFO] (Minecraft) [STDOUT]: net/minecraft/world/entity
[14:19:56] [Render thread/INFO] (Minecraft) [STDOUT]: net/fabricmc/fabric/impl/networking
[14:19:56] [Render thread/INFO] (Minecraft) [STDOUT]: com/mojang/bridge/game
[14:19:56] [Render thread/INFO] (Minecraft) [STDOUT]: net/minecraft/world/border
[14:19:56] [Render thread/INFO] (Minecraft) [STDOUT]: org/apache/logging/log4j/core/appender/rewrite
[14:19:56] [Render thread/INFO] (Minecraft) [STDOUT]: net/fabricmc/fabric/mixin/transfer
[14:19:56] [Render thread/INFO] (Minecraft) [STDOUT]: com/mojang/datafixers/functions
[14:19:56] [Render thread/INFO] (Minecraft) [STDOUT]: com/google/common/base
[14:19:56] [Render thread/INFO] (Minecraft) [STDOUT]: com/mojang/datafixers/optics/profunctors
[14:19:56] [Render thread/INFO] (Minecraft) [STDOUT]: net/minecraft/resource/metadata
[14:19:56] [Render thread/INFO] (Minecraft) [STDOUT]: net/minecraft/block/dispenser
[14:19:56] [Render thread/INFO] (Minecraft) [STDOUT]: com/google/common/cache
[14:19:56] [Render thread/INFO] (Minecraft) [STDOUT]: net/fabricmc/fabric/mixin/screenhandler
[14:19:56] [Render thread/INFO] (Minecraft) [STDOUT]: net/fabricmc/fabric/mixin/client/keybinding
[14:19:56] [Render thread/INFO] (Minecraft) [STDOUT]: org/jboss/logging
[14:19:56] [Render thread/INFO] (Minecraft) [STDOUT]: net/minecraft/world/gen/densityfunction
[14:19:56] [Render thread/INFO] (Minecraft) [STDOUT]: org/apache/logging/log4j/core/appender/mom/kafka
[14:19:56] [Render thread/INFO] (Minecraft) [STDOUT]: oshi/hardware/common
[14:19:56] [Render thread/INFO] (Minecraft) [STDOUT]: net/minecraft/loot/condition
[14:19:56] [Render thread/INFO] (Minecraft) [STDOUT]: org/apache/logging/log4j/status
[14:19:56] [Render thread/INFO] (Minecraft) [STDOUT]: net/minecraft/util
[14:19:56] [Render thread/INFO] (Minecraft) [STDOUT]: org/apache/logging/log4j/core/config/yaml
[14:19:56] [Render thread/INFO] (Minecraft) [STDOUT]: featurecreep/api/ui
[14:19:56] [Render thread/INFO] (Minecraft) [STDOUT]: featurecreep/api/ui/tabs/vanilla
[14:19:56] [Render thread/INFO] (Minecraft) [STDOUT]: featurecreep/api/items
[14:19:56] [Render thread/INFO] (Minecraft) [STDOUT]: featurecreep/api/blocks/drop
[14:19:56] [Render thread/INFO] (Minecraft) [STDOUT]: org/slf4j
[14:19:56] [Render thread/INFO] (Minecraft) [STDOUT]: net/minecraft/entity/attribute
[14:19:56] [Render thread/INFO] (Minecraft) [STDOUT]: org/apache/logging/log4j/core/config
[14:19:56] [Render thread/INFO] (Minecraft) [STDOUT]: org/apache/logging/log4j/core/selector
[14:19:56] [Render thread/INFO] (Minecraft) [STDOUT]: net/fabricmc/fabric/mixin/command
[14:19:56] [Render thread/INFO] (Minecraft) [STDOUT]: net/fabricmc/fabric/impl/client/screen
[14:19:56] [Render thread/INFO] (Minecraft) [STDOUT]: net/fabricmc/fabric/api/registry
[14:19:56] [Render thread/INFO] (Minecraft) [STDOUT]: featurecreep/api/items/armour
[14:19:56] [Render thread/INFO] (Minecraft) [STDOUT]: net/minecraft/util/thread
[14:19:56] [Render thread/INFO] (Minecraft) [STDOUT]: net/fabricmc/fabric/mixin/lookup
[14:19:56] [Render thread/INFO] (Minecraft) [STDOUT]: com/sun/jna
[14:19:56] [Render thread/INFO] (Minecraft) [STDOUT]: net/minecraft/screen
[14:19:56] [Render thread/INFO] (Minecraft) [STDOUT]: featurecreep/mixin
[14:19:56] [Render thread/INFO] (Minecraft) [STDOUT]: net/minecraft/client/toast
[14:19:56] [Render thread/INFO] (Minecraft) [STDOUT]: javassist/compiler
[14:19:56] [Render thread/INFO] (Minecraft) [STDOUT]: org/apache/logging/slf4j
[14:19:56] [Render thread/INFO] (Minecraft) [STDOUT]: net/fabricmc/fabric/impl/networking/server
[14:19:56] [Render thread/INFO] (Minecraft) [STDOUT]: net/fabricmc/fabric/api/util
[14:19:56] [Render thread/INFO] (Minecraft) [STDOUT]: org/apache/logging/log4j/core/config/plugins/util
[14:19:56] [Render thread/INFO] (Minecraft) [STDOUT]: net/minecraft/state/property
[14:19:56] [Render thread/INFO] (Minecraft) [STDOUT]: javassist/compiler/ast
[14:19:56] [Render thread/INFO] (Minecraft) [STDOUT]: net/minecraft/loot/entry
[14:19:56] [Render thread/INFO] (Minecraft) [STDOUT]: net/minecraft/entity/projectile
[14:19:56] [Render thread/INFO] (Minecraft) [STDOUT]: net/minecraft/client/gui/screen/advancement
[14:19:56] [Render thread/INFO] (Minecraft) [STDOUT]: it/unimi/dsi/fastutil
[14:19:56] [Render thread/INFO] (Minecraft) [STDOUT]: net/minecraft/predicate/block
[14:19:56] [Render thread/INFO] (Minecraft) [STDOUT]: net/minecraft/util/math
[14:19:56] [Render thread/INFO] (Minecraft) [STDOUT]: net/minecraft/entity/ai/goal
[14:19:56] [Render thread/INFO] (Minecraft) [STDOUT]: org/apache/logging/log4j/core/lookup
[14:19:56] [Render thread/INFO] (Minecraft) [STDOUT]: org/apache/logging/log4j/core/config/plugins/validation/constraints
[14:19:56] [Render thread/INFO] (Minecraft) [STDOUT]: net/minecraft/entity/ai/control
[14:19:56] [Render thread/INFO] (Minecraft) [STDOUT]: org/lwjgl/system
[14:19:56] [Render thread/INFO] (Minecraft) [STDOUT]: org/apache/logging/log4j/core/util/datetime
[14:19:56] [Render thread/INFO] (Minecraft) [STDOUT]: com/google/common/math
[14:19:56] [Render thread/INFO] (Minecraft) [STDOUT]: net/fabricmc/fabric/api/item/v1
[14:19:56] [Render thread/INFO] (Minecraft) [STDOUT]: net/minecraft/loot/function
[14:19:56] [Render thread/INFO] (Minecraft) [STDOUT]: net/minecraft/world/gen/feature
[14:19:56] [Render thread/INFO] (Minecraft) [STDOUT]: net/minecraft/datafixer
[14:19:56] [Render thread/INFO] (Minecraft) [STDOUT]: net/minecraft/util/crash
[14:19:56] [Render thread/INFO] (Minecraft) [STDOUT]: net/minecraft/world/gen/noise
[14:19:56] [Render thread/INFO] (Minecraft) [STDOUT]: net/minecraft/resource
[14:19:56] [Render thread/INFO] (Minecraft) [STDOUT]: net/fabricmc/fabric/impl/base/event
[14:19:56] [Render thread/INFO] (Minecraft) [STDOUT]: com/mojang/datafixers/optics
[14:19:56] [Render thread/INFO] (Minecraft) [STDOUT]: org/apache/logging/log4j/core/appender/rolling
[14:19:56] [Render thread/INFO] (Minecraft) [STDOUT]: net/fabricmc/fabric/impl/gametest
[14:19:56] [Render thread/INFO] (Minecraft) [STDOUT]: com/mojang/bridge/launcher
[14:19:56] [Render thread/INFO] (Minecraft) [STDOUT]: oshi/hardware/platform/linux
[14:19:56] [Render thread/INFO] (Minecraft) [STDOUT]: net/fabricmc/fabric/api/event/registry
[14:19:56] [Render thread/INFO] (Minecraft) [STDOUT]: net/minecraft/command/argument
[14:19:56] [Render thread/INFO] (Minecraft) [STDOUT]: net/minecraft/block/enums
[14:19:56] [Render thread/INFO] (Minecraft) [STDOUT]: net/minecraft/client/option
[14:19:56] [Render thread/INFO] (Minecraft) [STDOUT]: net/minecraft/world/storage
[14:19:56] [Render thread/INFO] (Minecraft) [STDOUT]: com/mojang/serialization/codecs
[14:19:56] [Render thread/INFO] (Minecraft) [STDOUT]: net/minecraft/block/cauldron
[14:19:56] [Render thread/INFO] (Minecraft) [STDOUT]: net/minecraft/entity/ai/pathing
[14:19:56] [Render thread/INFO] (Minecraft) [STDOUT]: net/minecraft/client/resource
[14:19:56] [Render thread/INFO] (Minecraft) [STDOUT]: net/minecraft/client/gui/screen/ingame
[14:19:56] [Render thread/INFO] (Minecraft) [STDOUT]: org/jboss/dmr
[14:19:56] [Render thread/INFO] (Minecraft) [STDOUT]: io/netty/util/internal/logging
[14:19:56] [Render thread/INFO] (Minecraft) [STDOUT]: net/fabricmc/fabric/api/event
[14:19:56] [Render thread/INFO] (Minecraft) [STDOUT]: net/minecraft/world/gen/placementmodifier
[14:19:56] [Render thread/INFO] (Minecraft) [STDOUT]: featurecreep/api/items/tools
[14:19:56] [Render thread/INFO] (Minecraft) [STDOUT]: net/minecraft/client/gl
[14:19:56] [Render thread/INFO] (Minecraft) [STDOUT]: net/minecraft/nbt
[14:19:56] [Render thread/INFO] (Minecraft) [STDOUT]: org/slf4j/helpers
[14:19:56] [Render thread/INFO] (Minecraft) [STDOUT]: net/minecraft/world/gen/structure
[14:19:56] [Render thread/INFO] (Minecraft) [STDOUT]: net/minecraft/fluid
[14:19:56] [Render thread/INFO] (Minecraft) [STDOUT]: net/minecraft/util/registry
[14:19:56] [Render thread/INFO] (Minecraft) [STDOUT]: net/minecraft/sound
[14:19:56] [Render thread/INFO] (Minecraft) [STDOUT]: it/unimi/dsi/fastutil/shorts
[14:19:56] [Render thread/INFO] (Minecraft) [STDOUT]: net/minecraft/advancement
[14:19:56] [Render thread/INFO] (Minecraft) [STDOUT]: org/lwjgl
[14:19:56] [Render thread/INFO] (Minecraft) [STDOUT]: featurecreep/api/tooltypes
[14:19:56] [Render thread/INFO] (Minecraft) [STDOUT]: net/minecraft/world/gen/heightprovider
[14:19:56] [Render thread/INFO] (Minecraft) [STDOUT]: net/fabricmc/fabric/impl/client/indigo
[14:19:56] [Render thread/INFO] (Minecraft) [STDOUT]: oshi/util/tuples
[14:19:56] [Render thread/INFO] (Minecraft) [STDOUT]: org/apache/logging/log4j/core/config/plugins/convert
[14:19:56] [Render thread/INFO] (Minecraft) [STDOUT]: com/mojang/brigadier/arguments
[14:19:56] [Render thread/INFO] (Minecraft) [STDOUT]: net/minecraft/recipe
[14:19:56] [Render thread/INFO] (Minecraft) [STDOUT]: net/fabricmc/fabric/api/transfer/v1/item
[14:19:56] [Render thread/INFO] (Minecraft) [STDOUT]: net/fabricmc/fabric/impl/item
[14:19:56] [Render thread/INFO] (Minecraft) [STDOUT]: com/google/common/primitives
[14:19:56] [Render thread/INFO] (Minecraft) [STDOUT]: net/fabricmc/fabric/api/rendering/data/v1
[14:19:56] [Render thread/INFO] (Minecraft) [STDOUT]: net/minecraft/recipe/book
[14:19:56] [Render thread/INFO] (Minecraft) [STDOUT]: net/fabricmc/fabric/impl/registry/sync/trackers
[14:19:56] [Render thread/INFO] (Minecraft) [STDOUT]: org/apache/logging/log4j/core/config/plugins/visitors
[14:19:56] [Render thread/INFO] (Minecraft) [STDOUT]: net/minecraft/stat
[14:19:56] [Render thread/INFO] (Minecraft) [STDOUT]: net/fabricmc/fabric/impl/lookup
[14:19:56] [Render thread/INFO] (Minecraft) [STDOUT]: org/apache/commons/lang3
[14:19:56] [Render thread/INFO] (Minecraft) [STDOUT]: com/mojang/brigadier/exceptions
[14:19:56] [Render thread/INFO] (Minecraft) [STDOUT]: net/minecraft/loot/provider/nbt
[14:19:56] [Render thread/INFO] (Minecraft) [STDOUT]: org/apache/logging/log4j/core/appender/nosql
[14:19:56] [Render thread/INFO] (Minecraft) [STDOUT]: com/mojang/datafixers/types
[14:19:56] [Render thread/INFO] (Minecraft) [STDOUT]: com/google/gson/reflect
[14:19:56] [Render thread/INFO] (Minecraft) [STDOUT]: net/minecrell/terminalconsole/util
[14:19:56] [Render thread/INFO] (Minecraft) [STDOUT]: org/apache/logging/log4j/core/appender/db/jdbc
[14:19:56] [Render thread/INFO] (Minecraft) [STDOUT]: net/minecraft/entity/passive
[14:19:56] [Render thread/INFO] (Minecraft) [STDOUT]: org/apache/logging/log4j/core
[14:19:56] [Render thread/INFO] (Minecraft) [STDOUT]: org/apache/logging/log4j/internal
[14:19:56] [Render thread/INFO] (Minecraft) [STDOUT]: org/apache/logging/log4j/core/appender
[14:19:56] [Render thread/INFO] (Minecraft) [STDOUT]: net/minecraft/world/poi
[14:19:56] [Render thread/INFO] (Minecraft) [STDOUT]: net/minecraft/entity/boss
[14:19:56] [Render thread/INFO] (Minecraft) [STDOUT]: com/google/common/reflect
[14:19:56] [Render thread/INFO] (Minecraft) [STDOUT]: org/lwjgl/system/jemalloc
[14:19:56] [Render thread/INFO] (Minecraft) [STDOUT]: net/fabricmc/fabric/impl/registry/sync/packet
[14:19:56] [Render thread/INFO] (Minecraft) [STDOUT]: net/minecraft/util/collection
[14:19:56] [Render thread/INFO] (Minecraft) [STDOUT]: net/fabricmc/fabric/api/lookup/v1/entity
[14:19:56] [Render thread/INFO] (Minecraft) [STDOUT]: io/smallrye/common/os
[14:19:56] [Render thread/INFO] (Minecraft) [STDOUT]: org/apache/logging/log4j/core/net
[14:19:56] [Render thread/INFO] (Minecraft) [STDOUT]: org/apache/logging/log4j/core/appender/mom
[14:19:56] [Render thread/INFO] (Minecraft) [STDOUT]: net/devtech/arrp
[14:19:56] [Render thread/INFO] (Minecraft) [STDOUT]: net/fabricmc/fabric/impl/dimension
[14:19:56] [Render thread/INFO] (Minecraft) [STDOUT]: com/mojang/datafixers/kinds
[14:19:56] [Render thread/INFO] (Minecraft) [STDOUT]: net/minecraft/server/world
[14:19:56] [Render thread/INFO] (Minecraft) [STDOUT]: net/minecraft/item/map
[14:19:56] [Render thread/INFO] (Minecraft) [STDOUT]: net/fabricmc/fabric/impl/transfer/fluid
[14:19:56] [Render thread/INFO] (Minecraft) [STDOUT]: net/minecraft/loot/context
[14:19:56] [Render thread/INFO] (Minecraft) [STDOUT]: io/netty/handler/codec
[14:19:56] [Render thread/INFO] (Minecraft) [STDOUT]: org/apache/logging/log4j/core/appender/mom/jeromq
[14:19:56] [Render thread/INFO] (Minecraft) [STDOUT]: com/google/gson/stream
[14:19:56] [Render thread/INFO] (Minecraft) [STDOUT]: net/minecraft/util/profiler
[14:19:56] [Render thread/INFO] (Minecraft) [STDOUT]: net/minecrell/terminalconsole
[14:19:56] [Render thread/INFO] (Minecraft) [STDOUT]: net/minecraft/entity/projectile/thrown
[14:19:56] [Render thread/INFO] (Minecraft) [STDOUT]: net/minecraft/entity/ai/brain/task
[14:19:56] [Render thread/INFO] (Minecraft) [STDOUT]: org/apache/logging/log4j/core/net/ssl
[14:19:56] [Render thread/INFO] (Minecraft) [STDOUT]: org/apache/logging/log4j/core/config/status
[14:19:56] [Render thread/INFO] (Minecraft) [STDOUT]: net/fabricmc/loader/impl/game/minecraft
[14:19:56] [Render thread/INFO] (Minecraft) [STDOUT]: net/fabricmc/fabric/mixin/screen
[14:19:56] [Render thread/INFO] (Minecraft) [STDOUT]: net/minecraft/client/world
[14:19:56] [Render thread/INFO] (Minecraft) [STDOUT]: it/unimi/dsi/fastutil/ints
[14:19:56] [Render thread/INFO] (Minecraft) [STDOUT]: net/minecraft/entity/raid
[14:19:56] [Render thread/INFO] (Minecraft) [STDOUT]: net/minecraft/client/main
[14:19:56] [Render thread/INFO] (Minecraft) [STDOUT]: oshi/util
[14:19:56] [Render thread/INFO] (Minecraft) [STDOUT]: com/google/gson/internal/sql
[14:19:56] [Render thread/INFO] (Minecraft) [STDOUT]: featurecreep/api/items/datafied/dmr
[14:19:56] [Render thread/INFO] (Minecraft) [STDOUT]: net/minecraft/server/command
[14:19:56] [Render thread/INFO] (Minecraft) [STDOUT]: net/minecraft
[14:19:56] [Render thread/INFO] (Minecraft) [STDOUT]: net/fabricmc/fabric/api/screenhandler/v1
[14:19:56] [Render thread/INFO] (Minecraft) [STDOUT]: net/minecraft/command/argument/serialize
[14:19:56] [Render thread/INFO] (Minecraft) [STDOUT]: net/minecraft/entity/decoration/painting
[14:19:56] [Render thread/INFO] (Minecraft) [STDOUT]: net/minecraft/client/gui/screen/recipebook
[14:19:56] [Render thread/INFO] (Minecraft) [STDOUT]: org/apache/logging/log4j/core/impl
[14:19:56] [Render thread/INFO] (Minecraft) [STDOUT]: org/apache/logging/log4j/core/config/json
[14:19:56] [Render thread/INFO] (Minecraft) [STDOUT]: net/minecraft/entity/mob
[14:19:56] [Render thread/INFO] (Minecraft) [STDOUT]: net/minecraft/server/network
[14:19:56] [Render thread/INFO] (Minecraft) [STDOUT]: net/minecraft/client/gui
[14:19:56] [Render thread/INFO] (Minecraft) [STDOUT]: oshi/util/platform/linux
[14:19:56] [Render thread/INFO] (Minecraft) [STDOUT]: net/fabricmc/fabric/api/transfer/v1/fluid
[14:19:56] [Render thread/INFO] (Minecraft) [STDOUT]: com/mojang/authlib/minecraft
[14:19:56] [Render thread/INFO] (Minecraft) [STDOUT]: net/fabricmc/fabric/api/networking/v1
[14:19:56] [Render thread/INFO] (Minecraft) [STDOUT]: net/minecraft/util/dynamic
[14:19:56] [Render thread/INFO] (Minecraft) [STDOUT]: joptsimple/internal
[14:19:56] [Render thread/INFO] (Minecraft) [STDOUT]: net/minecraft/server
[14:19:56] [Render thread/INFO] (Minecraft) [STDOUT]: net/minecraft/world/gen/stateprovider
[14:19:56] [Render thread/INFO] (Minecraft) [STDOUT]: net/minecraft/entity
[14:19:56] [Render thread/INFO] (Minecraft) [STDOUT]: org/apache/logging/log4j/util
[14:19:56] [Render thread/INFO] (Minecraft) [STDOUT]: com/mojang/brigadier
[14:19:56] [Render thread/INFO] (Minecraft) [STDOUT]: net/minecraft/block/entity
[14:19:56] [Render thread/INFO] (Minecraft) [STDOUT]: net/minecraft/structure/processor
[14:19:56] [Render thread/INFO] (Minecraft) [STDOUT]: com/mojang/authlib/minecraft/client
[14:19:56] [Render thread/INFO] (Minecraft) [STDOUT]: net/minecraft/particle
[14:19:56] [Render thread/INFO] (Minecraft) [STDOUT]: net/minecraft/client/network
[14:19:56] [Render thread/INFO] (Minecraft) [STDOUT]: net/minecraft/state
[14:19:56] [Render thread/INFO] (Minecraft) [STDOUT]: org/apache/logging/log4j/core/util
[14:19:56] [Render thread/INFO] (Minecraft) [STDOUT]: net/minecraft/world/chunk/light
[14:19:56] [Render thread/INFO] (Minecraft) [STDOUT]: org/apache/logging/log4j/core/script
[14:19:56] [Render thread/INFO] (Minecraft) [STDOUT]: net/minecraft/entity/boss/dragon
[14:19:56] [Render thread/INFO] (Minecraft) [STDOUT]: net/minecraft/world/gen/feature/size
[14:19:56] [Render thread/INFO] (Minecraft) [STDOUT]: net/minecraft/predicate/entity
[14:19:56] [Render thread/INFO] (Minecraft) [STDOUT]: net/fabricmc/fabric/impl/itemgroup
[14:19:56] [Render thread/INFO] (Minecraft) [STDOUT]: net/fabricmc/fabric/impl/transfer/item
[14:19:56] [Render thread/INFO] (Minecraft) [STDOUT]: net/minecraft/util/math/intprovider
[14:19:56] [Render thread/INFO] (Minecraft) [STDOUT]: org/apache/commons/lang3/tuple
[14:19:56] [Render thread/INFO] (Minecraft) [STDOUT]: net/minecraft/structure/rule
[14:19:56] [Render thread/INFO] (Minecraft) [STDOUT]: net/minecraft/network/message
[14:19:56] [Render thread/INFO] (Minecraft) [STDOUT]: net/minecraft/resource/fs
[14:19:56] [Render thread/INFO] (Minecraft) [STDOUT]: net/minecraft/util/logging
[14:19:56] [Render thread/INFO] (Minecraft) [STDOUT]: net/minecraft/scoreboard
[14:19:56] [Render thread/INFO] (Minecraft) [STDOUT]: net/minecraft/datafixer/fix
[14:19:56] [Render thread/INFO] (Minecraft) [STDOUT]: featurecreep/api/blocks
[14:19:56] [Render thread/INFO] (Minecraft) [STDOUT]: javassist/util/proxy
[14:19:56] [Render thread/INFO] (Minecraft) [STDOUT]: org/apache/logging/log4j/core/jmx
[14:19:56] [Render thread/INFO] (Minecraft) [STDOUT]: oshi/software/os
[14:19:56] [Render thread/INFO] (Minecraft) [STDOUT]: net/minecraft/client/util
[14:19:56] [Render thread/INFO] (Minecraft) [STDOUT]: net/minecraft/network/listener
[14:19:56] [Render thread/INFO] (Minecraft) [STDOUT]: net/minecraft/structure
[14:19:56] [Render thread/INFO] (Minecraft) [STDOUT]: net/fabricmc/fabric/mixin/registry/sync
[14:19:56] [Render thread/INFO] (Minecraft) [STDOUT]: com/google/gson
[14:19:56] [Render thread/INFO] (Minecraft) [STDOUT]: net/minecraft/tag
[14:19:56] [Render thread/INFO] (Minecraft) [STDOUT]: it/unimi/dsi/fastutil/doubles
[14:19:56] [Render thread/INFO] (Minecraft) [STDOUT]: net/minecraft/entity/decoration
[14:19:56] [Render thread/INFO] (Minecraft) [STDOUT]: com/mojang/authlib/yggdrasil
[14:19:56] [Render thread/INFO] (Minecraft) [STDOUT]: net/minecraft/client/item
[14:19:56] [Render thread/INFO] (Minecraft) [STDOUT]: featurecreep
[14:19:56] [Render thread/INFO] (Minecraft) [STDOUT]: net/fabricmc/fabric/mixin/content/registry
[14:19:56] [Render thread/INFO] (Minecraft) [STDOUT]: com/mojang/datafixers/types/families
[14:19:56] [Render thread/INFO] (Minecraft) [STDOUT]: net/fabricmc/fabric/impl/event/interaction
[14:19:56] [Render thread/INFO] (Minecraft) [STDOUT]: joptsimple/util
[14:19:56] [Render thread/INFO] (Minecraft) [STDOUT]: net/minecraft/world/event
[14:19:56] [Render thread/INFO] (Minecraft) [STDOUT]: com/google/common/util/concurrent
[14:19:56] [Render thread/INFO] (Minecraft) [STDOUT]: net/minecraft/entity/effect
[14:19:56] [Render thread/INFO] (Minecraft) [STDOUT]: net/minecraft/client/sound
[14:19:56] [Render thread/INFO] (Minecraft) [STDOUT]: org/lwjgl/system/linux
[14:19:56] [Render thread/INFO] (Minecraft) [STDOUT]: com/mojang/logging/plugins
[14:19:56] [Render thread/INFO] (Minecraft) [STDOUT]: org/apache/logging/log4j/core/config/plugins/validation
[14:19:56] [Render thread/INFO] (Minecraft) [STDOUT]: net/minecraft/entity/ai/brain
[14:19:56] [Render thread/INFO] (Minecraft) [STDOUT]: com/mojang/datafixers
[14:19:56] [Render thread/INFO] (Minecraft) [STDOUT]: com/mojang/datafixers/schemas
[14:19:56] [Render thread/INFO] (Minecraft) [STDOUT]: net/minecraft/util/shape
[14:19:56] [Render thread/INFO] (Minecraft) [STDOUT]: net/minecraft/datafixer/mapping
[14:19:56] [Render thread/INFO] (Minecraft) [STDOUT]: net/minecraft/world/gen/chunk/placement
[14:19:56] [Render thread/INFO] (Minecraft) [STDOUT]: com/google/gson/internal/bind
[14:19:56] [Render thread/INFO] (Minecraft) [STDOUT]: org/apache/logging/log4j/core/time
[14:19:56] [Render thread/INFO] (Minecraft) [STDOUT]: com/google/common/collect
[14:19:56] [Render thread/INFO] (Minecraft) [STDOUT]: javassist
[14:19:56] [Render thread/INFO] (Minecraft) [STDOUT]: io/netty/buffer
[14:19:56] [Render thread/INFO] (Minecraft) [STDOUT]: net/minecraft/block/piston
[14:19:56] [Render thread/INFO] (Minecraft) [STDOUT]: org/apache/logging/log4j/core/async
[14:19:56] [Render thread/INFO] (Minecraft) [STDOUT]: org/jboss/dmr/stream
[14:19:56] [Render thread/INFO] (Minecraft) [STDOUT]: featurecreep/api/blocks/materials
[14:19:56] [Render thread/INFO] (Minecraft) [STDOUT]: org/apache/logging/log4j/core/appender/db
[14:19:56] [Render thread/INFO] (Minecraft) [STDOUT]: io/netty/util
[14:19:56] [Render thread/INFO] (Minecraft) [STDOUT]: net/fabricmc/fabric/impl/lookup/entity
[14:19:56] [Render thread/INFO] (Minecraft) [STDOUT]: net/minecraft/item
[14:19:56] [Render thread/INFO] (Minecraft) [STDOUT]: net/minecraft/text
[14:19:56] [Render thread/INFO] (Minecraft) [STDOUT]: oshi/driver/linux
[14:19:56] [Render thread/INFO] (Minecraft) [STDOUT]: net/minecraft/client/render/entity/feature
[14:19:56] [Render thread/INFO] (Minecraft) [STDOUT]: javassist/bytecode/annotation
[14:19:56] [Render thread/INFO] (Minecraft) [STDOUT]: org/apache/logging/log4j/spi
[14:19:56] [Render thread/INFO] (Minecraft) [STDOUT]: net/minecraft/entity/ai/brain/sensor
[14:19:56] [Render thread/INFO] (Minecraft) [STDOUT]: net/minecraft/world/explosion
[14:19:56] [Render thread/INFO] (Minecraft) [STDOUT]: org/jboss/logmanager
[14:19:56] [Render thread/INFO] (Minecraft) [STDOUT]: com/mojang/util
[14:19:56] [Render thread/INFO] (Minecraft) [STDOUT]: it/unimi/dsi/fastutil/longs
[14:19:56] [Render thread/INFO] (Minecraft) [STDOUT]: net/minecraft/world/gen/trunk
[14:19:56] [Render thread/INFO] (Minecraft) [STDOUT]: org/apache/logging/log4j/core/appender/routing
[14:19:56] [Render thread/INFO] (Minecraft) [STDOUT]: featurecreep/content
[14:19:56] [Render thread/INFO] (Minecraft) [STDOUT]: net/devtech/arrp/api
[14:19:56] [Render thread/INFO] (Minecraft) [STDOUT]: net/minecraft/screen/slot
[14:19:56] [Render thread/INFO] (Minecraft) [STDOUT]: net/minecraft/loot/provider/number
[14:19:56] [Render thread/INFO] (Minecraft) [STDOUT]: net/minecraft/entity/data
[14:19:56] [Render thread/INFO] (Minecraft) [STDOUT]: org/apache/logging/log4j/core/config/builder/api
[14:19:56] [Render thread/INFO] (Minecraft) [STDOUT]: net/minecraft/entity/player
[14:19:56] [Render thread/INFO] (Minecraft) [STDOUT]: net/fabricmc/fabric/api/event/player
[14:19:56] [Render thread/INFO] (Minecraft) [STDOUT]: com/mojang/serialization
[14:19:56] [Render thread/INFO] (Minecraft) [STDOUT]: org/apache/logging/log4j/util/internal
[14:19:56] [Render thread/INFO] (Minecraft) [STDOUT]: net/fabricmc/fabric/impl/registry/sync
[14:19:56] [Render thread/INFO] (Minecraft) [STDOUT]: net/minecraft/world/biome
[14:19:56] [Render thread/INFO] (Minecraft) [STDOUT]: net/minecraft/util/math/noise
[14:19:56] [Render thread/INFO] (Minecraft) [STDOUT]: net/minecraft/client
[14:19:56] [Render thread/INFO] (Minecraft) [STDOUT]: com/mojang/authlib/yggdrasil/response
[14:19:56] [Render thread/INFO] (Minecraft) [STDOUT]: net/minecraft/loot/provider/score
[14:19:56] [Render thread/INFO] (Minecraft) [STDOUT]: net/minecraft/world/event/listener
[14:19:56] [Render thread/INFO] (Minecraft) [STDOUT]: net/fabricmc/fabric/impl/lookup/block
[14:19:56] [Render thread/INFO] (Minecraft) [STDOUT]: featurecreep/api/items/tools/datafied/dmr
[14:19:56] [Render thread/INFO] (Minecraft) [STDOUT]: net/minecraft/world/gen/blockpredicate
[14:19:56] [Render thread/INFO] (Minecraft) [STDOUT]: oshi
[14:19:56] [Render thread/INFO] (Minecraft) [STDOUT]: com/google/common/util/concurrent/internal
[14:19:56] [Render thread/INFO] (Minecraft) [STDOUT]: org/apache/logging/log4j/core/config/plugins/processor
[14:19:56] [Render thread/INFO] (Minecraft) [STDOUT]: net/minecraft/village
[14:19:56] [Render thread/INFO] (Minecraft) [STDOUT]: net/minecraft/potion
[14:19:56] [Render thread/INFO] (Minecraft) [STDOUT]: net/minecraft/world
[14:19:56] [Render thread/INFO] (Minecraft) [STDOUT]: net/fabricmc/fabric/mixin/itemgroup
[14:19:56] [Render thread/INFO] (Minecraft) [STDOUT]: joptsimple
[14:19:56] [Render thread/INFO] (Minecraft) [STDOUT]: net/minecraft/util/function
[14:19:56] [Render thread/INFO] (Minecraft) [STDOUT]: org/apache/logging/log4j/core/pattern
[14:19:56] [Render thread/INFO] (Minecraft) [STDOUT]: com/google/gson/internal/reflect
[14:19:56] [Render thread/INFO] (Minecraft) [STDOUT]: org/apache/logging/log4j/core/config/xml
[14:19:56] [Render thread/INFO] (Minecraft) [STDOUT]: net/fabricmc/fabric/mixin/object/builder
[14:19:56] [Render thread/INFO] (Minecraft) [STDOUT]: com/mojang/authlib
[14:19:56] [Render thread/INFO] (Minecraft) [STDOUT]: net/minecraft/util/hit
[14:19:56] [Render thread/INFO] (Minecraft) [STDOUT]: net/minecraft/world/block
[14:19:56] [Render thread/INFO] (Minecraft) [STDOUT]: net/minecraft/world/gen/surfacebuilder
[14:19:56] [Render thread/INFO] (Minecraft) [STDOUT]: net/fabricmc/fabric/impl/event/lifecycle
[14:19:56] [Render thread/INFO] (Minecraft) [STDOUT]: com/mojang/bridge
[14:19:56] [Render thread/INFO] (Minecraft) [STDOUT]: net/fabricmc/fabric/api/event/lifecycle/v1
[14:19:56] [Render thread/INFO] (Minecraft) [STDOUT]: net/fabricmc/fabric/api/itemgroup/v1
[14:19:56] [Render thread/INFO] (Minecraft) [STDOUT]: net/minecraft/client/util/math
[14:19:56] [Render thread/INFO] (Minecraft) [STDOUT]: it/unimi/dsi/fastutil/booleans
[14:19:56] [Render thread/INFO] (Minecraft) [STDOUT]: net/minecraft/client/gui/screen/multiplayer
[14:19:56] [Render thread/INFO] (Minecraft) [STDOUT]: net/minecraft/util/math/floatprovider
[14:19:56] [Render thread/INFO] (Minecraft) [STDOUT]: org/apache/logging/log4j/core/config/plugins
[14:19:56] [Render thread/INFO] (Minecraft) [STDOUT]: net/minecraft/world/chunk
[14:19:56] [Render thread/INFO] (Minecraft) [STDOUT]: net/fabricmc/fabric/api/transfer/v1/storage
[14:19:56] [Render thread/INFO] (Minecraft) [STDOUT]: net/minecraft/entity/vehicle
[14:19:56] [Render thread/INFO] (Minecraft) [STDOUT]: net/minecraft/world/gen/chunk
[14:19:56] [Render thread/INFO] (Minecraft) [STDOUT]: org/apache/logging/log4j/simple
[14:19:56] [Render thread/INFO] (Minecraft) [STDOUT]: /home/rhel/Documents/FeatureCreep/esr/1.19.3-Fabric/run/.fabric/remappedJars/minecraft-/server-intermediary.jar
[14:19:56] [Render thread/INFO] (Minecraft) [STDOUT]: 
[14:19:56] [Render thread/INFO] (Minecraft) [STDOUT]: /home/rhel/Documents/FeatureCreep/esr/1.19.3-Fabric/run/.fabric/remappedJars/minecraft-/server-intermediary.jar::/home/rhel/Documents/FeatureCreep/esr/1.19.3-Fabric/run/mods/StorageDrawers-1.18.1-10.1.1.jar:/home/rhel/Documents/FeatureCreep/esr/1.19.3-Fabric/run/mods/examplemod.jar:/home/rhel/Documents/FeatureCreep/esr/1.19.3-Fabric/run/mods/arrp-0.5.7.jar:/home/rhel/Documents/FeatureCreep/esr/1.19.3-Fabric/run/mods/example_mod.jar:
[14:19:56] [Render thread/INFO] (Minecraft) [STDOUT]: List of files and directories in the specified directory:
[14:19:56] [Render thread/INFO] (Minecraft) [STDOUT]: FeatureCreep is trying to load /home/rhel/Documents/FeatureCreep/esr/1.19.3-Fabric/run/mods/StorageDrawers-1.18.1-10.1.1.jar
[14:19:58] [Render thread/INFO] (Minecraft) [STDOUT]: Adding Dependancy to Module /home/rhel/Documents/FeatureCreep/esr/1.19.3-Fabric/run/mods/StorageDrawers-1.18.1-10.1.1.jar
[14:19:58] [Render thread/INFO] (Minecraft) [STDOUT]: Adding Dependancy to Module /home/rhel/Documents/FeatureCreep/esr/1.19.3-Fabric/run/mods/examplemod.jar
[14:19:58] [Render thread/INFO] (Minecraft) [STDOUT]: Adding Dependancy to Module /home/rhel/Documents/FeatureCreep/esr/1.19.3-Fabric/run/mods/arrp-0.5.7.jar
[14:19:58] [Render thread/INFO] (Minecraft) [STDOUT]: Adding Dependancy to Module /home/rhel/Documents/FeatureCreep/esr/1.19.3-Fabric/run/mods/example_mod.jar
[14:19:58] [Render thread/INFO] (Minecraft) [STDERR]: org.jboss.modules.ModuleNotFoundException: featurecreep
[14:19:58] [Render thread/INFO] (Minecraft) [STDERR]: 	at org.jboss.modules.Module.addPaths(Module.java:1271)
[14:19:58] [Render thread/INFO] (Minecraft) [STDERR]: 	at org.jboss.modules.Module.link(Module.java:1627)
[14:19:58] [Render thread/INFO] (Minecraft) [STDERR]: 	at org.jboss.modules.Module.relinkIfNecessary(Module.java:1655)
[14:19:58] [Render thread/INFO] (Minecraft) [STDERR]: 	at org.jboss.modules.ModuleLoader.loadModule(ModuleLoader.java:303)
[14:19:58] [Render thread/INFO] (Minecraft) [STDERR]: 	at org.jboss.modules.FCFileSystemClassPathModuleFinder.addSystemDependencies(FCFileSystemClassPathModuleFinder.java:63)
[14:19:58] [Render thread/INFO] (Minecraft) [STDERR]: 	at org.jboss.modules.FileSystemClassPathModuleFinder.findModule(FileSystemClassPathModuleFinder.java:173)
[14:19:58] [Render thread/INFO] (Minecraft) [STDERR]: 	at org.jboss.modules.ModuleLoader.findModule0(ModuleLoader.java:700)
[14:19:58] [Render thread/INFO] (Minecraft) [STDERR]: 	at org.jboss.modules.ModuleLoader.findModule(ModuleLoader.java:693)
[14:19:58] [Render thread/INFO] (Minecraft) [STDERR]: 	at org.jboss.modules.ModuleLoader.loadModuleLocal(ModuleLoader.java:503)
[14:19:58] [Render thread/INFO] (Minecraft) [STDERR]: 	at org.jboss.modules.ModuleLoader.preloadModule(ModuleLoader.java:406)
[14:19:58] [Render thread/INFO] (Minecraft) [STDERR]: 	at org.jboss.modules.ModuleLoader.loadModule(ModuleLoader.java:299)
[14:19:58] [Render thread/INFO] (Minecraft) [STDERR]: 	at featurecreep.loader.FCLoaderBasicR5.loadMods(FCLoaderBasicR5.java:97)
[14:19:58] [Render thread/INFO] (Minecraft) [STDERR]: 	at featurecreep.FeatureCreep.onInitialise(FeatureCreep.java:46)
[14:19:58] [Render thread/INFO] (Minecraft) [STDERR]: 	at featurecreep.FeatureCreepMCInit.onInitialize(FeatureCreepMCInit.java:22)
[14:19:58] [Render thread/INFO] (Minecraft) [STDERR]: 	at net.fabricmc.loader.impl.entrypoint.EntrypointUtils.invoke0(EntrypointUtils.java:47)
[14:19:58] [Render thread/INFO] (Minecraft) [STDERR]: 	at net.fabricmc.loader.impl.entrypoint.EntrypointUtils.invoke(EntrypointUtils.java:35)
[14:19:58] [Render thread/INFO] (Minecraft) [STDERR]: 	at net.fabricmc.loader.impl.game.minecraft.Hooks.startClient(Hooks.java:52)
[14:19:58] [Render thread/INFO] (Minecraft) [STDERR]: 	at net.minecraft.client.MinecraftClient.<init>(MinecraftClient.java:523)
[14:19:58] [Render thread/INFO] (Minecraft) [STDERR]: 	at net.minecraft.client.main.Main.main(Main.java:185)
[14:19:58] [Render thread/INFO] (Minecraft) [STDERR]: 	at net.minecraft.client.main.Main.main(Main.java:56)
[14:19:58] [Render thread/INFO] (Minecraft) [STDERR]: 	at net.fabricmc.loader.impl.game.minecraft.MinecraftGameProvider.launch(MinecraftGameProvider.java:461)
[14:19:58] [Render thread/INFO] (Minecraft) [STDERR]: 	at net.fabricmc.loader.impl.launch.knot.Knot.launch(Knot.java:74)
[14:19:58] [Render thread/INFO] (Minecraft) [STDERR]: 	at net.fabricmc.loader.impl.launch.knot.KnotClient.main(KnotClient.java:23)
[14:19:58] [Render thread/INFO] (Minecraft) [STDERR]: 	at net.fabricmc.devlaunchinjector.Main.main(Main.java:86)
[14:19:59] [Render thread/INFO] (Minecraft) [STDOUT]: Adding Dependancy to Module /home/rhel/Documents/FeatureCreep/esr/1.19.3-Fabric/run/mods/StorageDrawers-1.18.1-10.1.1.jar
[14:19:59] [Render thread/INFO] (Minecraft) [STDOUT]: Adding Dependancy to Module /home/rhel/Documents/FeatureCreep/esr/1.19.3-Fabric/run/mods/examplemod.jar
[14:19:59] [Render thread/INFO] (Minecraft) [STDOUT]: Adding Dependancy to Module /home/rhel/Documents/FeatureCreep/esr/1.19.3-Fabric/run/mods/arrp-0.5.7.jar
[14:19:59] [Render thread/INFO] (Minecraft) [STDOUT]: Adding Dependancy to Module /home/rhel/Documents/FeatureCreep/esr/1.19.3-Fabric/run/mods/example_mod.jar
[14:19:59] [Render thread/INFO] (Minecraft) [STDERR]: org.jboss.modules.ModuleNotFoundException: featurecreep
[14:19:59] [Render thread/INFO] (Minecraft) [STDERR]: 	at org.jboss.modules.Module.addPaths(Module.java:1271)
[14:19:59] [Render thread/INFO] (Minecraft) [STDERR]: 	at org.jboss.modules.Module.link(Module.java:1627)
[14:19:59] [Render thread/INFO] (Minecraft) [STDERR]: 	at org.jboss.modules.Module.relinkIfNecessary(Module.java:1655)
[14:19:59] [Render thread/INFO] (Minecraft) [STDERR]: 	at org.jboss.modules.ModuleLoader.loadModule(ModuleLoader.java:303)
[14:19:59] [Render thread/INFO] (Minecraft) [STDERR]: 	at org.jboss.modules.FCFileSystemClassPathModuleFinder.addSystemDependencies(FCFileSystemClassPathModuleFinder.java:63)
[14:19:59] [Render thread/INFO] (Minecraft) [STDERR]: 	at org.jboss.modules.FileSystemClassPathModuleFinder.findModule(FileSystemClassPathModuleFinder.java:173)
[14:19:59] [Render thread/INFO] (Minecraft) [STDERR]: 	at org.jboss.modules.ModuleLoader.findModule0(ModuleLoader.java:700)
[14:19:59] [Render thread/INFO] (Minecraft) [STDERR]: 	at org.jboss.modules.ModuleLoader.findModule(ModuleLoader.java:693)
[14:19:59] [Render thread/INFO] (Minecraft) [STDERR]: 	at org.jboss.modules.ModuleLoader.loadModuleLocal(ModuleLoader.java:503)
[14:19:59] [Render thread/INFO] (Minecraft) [STDERR]: 	at org.jboss.modules.ModuleLoader.preloadModule(ModuleLoader.java:406)
[14:19:59] [Render thread/INFO] (Minecraft) [STDERR]: 	at org.jboss.modules.Module.addPaths(Module.java:1257)
[14:19:59] [Render thread/INFO] (Minecraft) [STDERR]: 	at org.jboss.modules.Module.link(Module.java:1627)
[14:19:59] [Render thread/INFO] (Minecraft) [STDERR]: 	at org.jboss.modules.Module.relinkIfNecessary(Module.java:1655)
[14:19:59] [Render thread/INFO] (Minecraft) [STDERR]: 	at org.jboss.modules.ModuleLoader.loadModule(ModuleLoader.java:303)
[14:19:59] [Render thread/INFO] (Minecraft) [STDERR]: 	at featurecreep.loader.FCLoaderBasicR5.loadMods(FCLoaderBasicR5.java:97)
[14:19:59] [Render thread/INFO] (Minecraft) [STDERR]: 	at featurecreep.FeatureCreep.onInitialise(FeatureCreep.java:46)
[14:19:59] [Render thread/INFO] (Minecraft) [STDERR]: 	at featurecreep.FeatureCreepMCInit.onInitialize(FeatureCreepMCInit.java:22)
[14:19:59] [Render thread/INFO] (Minecraft) [STDERR]: 	at net.fabricmc.loader.impl.entrypoint.EntrypointUtils.invoke0(EntrypointUtils.java:47)
[14:19:59] [Render thread/INFO] (Minecraft) [STDERR]: 	at net.fabricmc.loader.impl.entrypoint.EntrypointUtils.invoke(EntrypointUtils.java:35)
[14:19:59] [Render thread/INFO] (Minecraft) [STDERR]: 	at net.fabricmc.loader.impl.game.minecraft.Hooks.startClient(Hooks.java:52)
[14:19:59] [Render thread/INFO] (Minecraft) [STDERR]: 	at net.minecraft.client.MinecraftClient.<init>(MinecraftClient.java:523)
[14:19:59] [Render thread/INFO] (Minecraft) [STDERR]: 	at net.minecraft.client.main.Main.main(Main.java:185)
[14:19:59] [Render thread/INFO] (Minecraft) [STDERR]: 	at net.minecraft.client.main.Main.main(Main.java:56)
[14:19:59] [Render thread/INFO] (Minecraft) [STDERR]: 	at net.fabricmc.loader.impl.game.minecraft.MinecraftGameProvider.launch(MinecraftGameProvider.java:461)
[14:19:59] [Render thread/INFO] (Minecraft) [STDERR]: 	at net.fabricmc.loader.impl.launch.knot.Knot.launch(Knot.java:74)
[14:19:59] [Render thread/INFO] (Minecraft) [STDERR]: 	at net.fabricmc.loader.impl.launch.knot.KnotClient.main(KnotClient.java:23)
[14:19:59] [Render thread/INFO] (Minecraft) [STDERR]: 	at net.fabricmc.devlaunchinjector.Main.main(Main.java:86)
[14:19:59] [Render thread/INFO] (Minecraft) [STDOUT]: Adding Dependancy to Module /home/rhel/Documents/FeatureCreep/esr/1.19.3-Fabric/run/mods/StorageDrawers-1.18.1-10.1.1.jar
[14:19:59] [Render thread/INFO] (Minecraft) [STDOUT]: Adding Dependancy to Module /home/rhel/Documents/FeatureCreep/esr/1.19.3-Fabric/run/mods/examplemod.jar
[14:19:59] [Render thread/INFO] (Minecraft) [STDOUT]: Adding Dependancy to Module /home/rhel/Documents/FeatureCreep/esr/1.19.3-Fabric/run/mods/arrp-0.5.7.jar
[14:19:59] [Render thread/INFO] (Minecraft) [STDOUT]: Adding Dependancy to Module /home/rhel/Documents/FeatureCreep/esr/1.19.3-Fabric/run/mods/example_mod.jar
[14:19:59] [Render thread/INFO] (Minecraft) [STDERR]: org.jboss.modules.ModuleNotFoundException: featurecreep
[14:19:59] [Render thread/INFO] (Minecraft) [STDERR]: 	at org.jboss.modules.Module.addPaths(Module.java:1271)
[14:19:59] [Render thread/INFO] (Minecraft) [STDERR]: 	at org.jboss.modules.Module.link(Module.java:1627)
[14:19:59] [Render thread/INFO] (Minecraft) [STDERR]: 	at org.jboss.modules.Module.relinkIfNecessary(Module.java:1655)
[14:19:59] [Render thread/INFO] (Minecraft) [STDERR]: 	at org.jboss.modules.ModuleLoader.loadModule(ModuleLoader.java:303)
[14:19:59] [Render thread/INFO] (Minecraft) [STDERR]: 	at org.jboss.modules.FCFileSystemClassPathModuleFinder.addSystemDependencies(FCFileSystemClassPathModuleFinder.java:63)
[14:19:59] [Render thread/INFO] (Minecraft) [STDERR]: 	at org.jboss.modules.FileSystemClassPathModuleFinder.findModule(FileSystemClassPathModuleFinder.java:173)
[14:19:59] [Render thread/INFO] (Minecraft) [STDERR]: 	at org.jboss.modules.ModuleLoader.findModule0(ModuleLoader.java:700)
[14:19:59] [Render thread/INFO] (Minecraft) [STDERR]: 	at org.jboss.modules.ModuleLoader.findModule(ModuleLoader.java:693)
[14:19:59] [Render thread/INFO] (Minecraft) [STDERR]: 	at org.jboss.modules.ModuleLoader.loadModuleLocal(ModuleLoader.java:503)
[14:19:59] [Render thread/INFO] (Minecraft) [STDERR]: 	at org.jboss.modules.ModuleLoader.preloadModule(ModuleLoader.java:406)
[14:19:59] [Render thread/INFO] (Minecraft) [STDERR]: 	at org.jboss.modules.Module.addPaths(Module.java:1257)
[14:19:59] [Render thread/INFO] (Minecraft) [STDERR]: 	at org.jboss.modules.Module.link(Module.java:1627)
[14:19:59] [Render thread/INFO] (Minecraft) [STDERR]: 	at org.jboss.modules.Module.relinkIfNecessary(Module.java:1655)
[14:19:59] [Render thread/INFO] (Minecraft) [STDERR]: 	at org.jboss.modules.ModuleLoader.loadModule(ModuleLoader.java:303)
[14:19:59] [Render thread/INFO] (Minecraft) [STDERR]: 	at featurecreep.loader.FCLoaderBasicR5.loadMods(FCLoaderBasicR5.java:97)
[14:19:59] [Render thread/INFO] (Minecraft) [STDERR]: 	at featurecreep.FeatureCreep.onInitialise(FeatureCreep.java:46)
[14:19:59] [Render thread/INFO] (Minecraft) [STDERR]: 	at featurecreep.FeatureCreepMCInit.onInitialize(FeatureCreepMCInit.java:22)
[14:19:59] [Render thread/INFO] (Minecraft) [STDERR]: 	at net.fabricmc.loader.impl.entrypoint.EntrypointUtils.invoke0(EntrypointUtils.java:47)
[14:19:59] [Render thread/INFO] (Minecraft) [STDERR]: 	at net.fabricmc.loader.impl.entrypoint.EntrypointUtils.invoke(EntrypointUtils.java:35)
[14:19:59] [Render thread/INFO] (Minecraft) [STDERR]: 	at net.fabricmc.loader.impl.game.minecraft.Hooks.startClient(Hooks.java:52)
[14:19:59] [Render thread/INFO] (Minecraft) [STDERR]: 	at net.minecraft.client.MinecraftClient.<init>(MinecraftClient.java:523)
[14:19:59] [Render thread/INFO] (Minecraft) [STDERR]: 	at net.minecraft.client.main.Main.main(Main.java:185)
[14:19:59] [Render thread/INFO] (Minecraft) [STDERR]: 	at net.minecraft.client.main.Main.main(Main.java:56)
[14:19:59] [Render thread/INFO] (Minecraft) [STDERR]: 	at net.fabricmc.loader.impl.game.minecraft.MinecraftGameProvider.launch(MinecraftGameProvider.java:461)
[14:19:59] [Render thread/INFO] (Minecraft) [STDERR]: 	at net.fabricmc.loader.impl.launch.knot.Knot.launch(Knot.java:74)
[14:19:59] [Render thread/INFO] (Minecraft) [STDERR]: 	at net.fabricmc.loader.impl.launch.knot.KnotClient.main(KnotClient.java:23)
[14:19:59] [Render thread/INFO] (Minecraft) [STDERR]: 	at net.fabricmc.devlaunchinjector.Main.main(Main.java:86)
[14:19:59] [Render thread/INFO] (Minecraft) [STDOUT]: FeatureCreep is trying to load /home/rhel/Documents/FeatureCreep/esr/1.19.3-Fabric/run/mods/examplemod.jar
[14:19:59] [Render thread/INFO] (Minecraft) [STDOUT]: FeatureCreep is trying to load /home/rhel/Documents/FeatureCreep/esr/1.19.3-Fabric/run/mods/arrp-0.5.7.jar
[14:19:59] [Render thread/INFO] (Minecraft) [STDOUT]: FeatureCreep is trying to load /home/rhel/Documents/FeatureCreep/esr/1.19.3-Fabric/run/mods/example_mod.jar
[14:20:00] [Render thread/INFO] (Minecraft) [STDOUT]: Adding Dependancy to Module /home/rhel/Documents/FeatureCreep/esr/1.19.3-Fabric/run/mods/StorageDrawers-1.18.1-10.1.1.jar
[14:20:00] [Render thread/INFO] (Minecraft) [STDOUT]: Adding Dependancy to Module /home/rhel/Documents/FeatureCreep/esr/1.19.3-Fabric/run/mods/examplemod.jar
[14:20:00] [Render thread/INFO] (Minecraft) [STDOUT]: Adding Dependancy to Module /home/rhel/Documents/FeatureCreep/esr/1.19.3-Fabric/run/mods/arrp-0.5.7.jar
[14:20:00] [Render thread/INFO] (Minecraft) [STDOUT]: Adding Dependancy to Module /home/rhel/Documents/FeatureCreep/esr/1.19.3-Fabric/run/mods/example_mod.jar
[14:20:00] [Render thread/INFO] (Minecraft) [STDERR]: org.jboss.modules.ModuleNotFoundException: featurecreep
[14:20:00] [Render thread/INFO] (Minecraft) [STDERR]: 	at org.jboss.modules.Module.addPaths(Module.java:1271)
[14:20:00] [Render thread/INFO] (Minecraft) [STDERR]: 	at org.jboss.modules.Module.link(Module.java:1627)
[14:20:00] [Render thread/INFO] (Minecraft) [STDERR]: 	at org.jboss.modules.Module.relinkIfNecessary(Module.java:1655)
[14:20:00] [Render thread/INFO] (Minecraft) [STDERR]: 	at org.jboss.modules.ModuleLoader.loadModule(ModuleLoader.java:303)
[14:20:00] [Render thread/INFO] (Minecraft) [STDERR]: 	at org.jboss.modules.FCFileSystemClassPathModuleFinder.addSystemDependencies(FCFileSystemClassPathModuleFinder.java:63)
[14:20:00] [Render thread/INFO] (Minecraft) [STDERR]: 	at org.jboss.modules.FileSystemClassPathModuleFinder.findModule(FileSystemClassPathModuleFinder.java:173)
[14:20:00] [Render thread/INFO] (Minecraft) [STDERR]: 	at org.jboss.modules.ModuleLoader.findModule0(ModuleLoader.java:700)
[14:20:00] [Render thread/INFO] (Minecraft) [STDERR]: 	at org.jboss.modules.ModuleLoader.findModule(ModuleLoader.java:693)
[14:20:00] [Render thread/INFO] (Minecraft) [STDERR]: 	at org.jboss.modules.ModuleLoader.loadModuleLocal(ModuleLoader.java:503)
[14:20:00] [Render thread/INFO] (Minecraft) [STDERR]: 	at org.jboss.modules.ModuleLoader.preloadModule(ModuleLoader.java:406)
[14:20:00] [Render thread/INFO] (Minecraft) [STDERR]: 	at org.jboss.modules.ModuleLoader.loadModule(ModuleLoader.java:299)
[14:20:00] [Render thread/INFO] (Minecraft) [STDERR]: 	at featurecreep.loader.FCLoaderBasicR5.loadMods(FCLoaderBasicR5.java:97)
[14:20:00] [Render thread/INFO] (Minecraft) [STDERR]: 	at featurecreep.FeatureCreep.onInitialise(FeatureCreep.java:46)
[14:20:00] [Render thread/INFO] (Minecraft) [STDERR]: 	at featurecreep.FeatureCreepMCInit.onInitialize(FeatureCreepMCInit.java:22)
[14:20:00] [Render thread/INFO] (Minecraft) [STDERR]: 	at net.fabricmc.loader.impl.entrypoint.EntrypointUtils.invoke0(EntrypointUtils.java:47)
[14:20:00] [Render thread/INFO] (Minecraft) [STDERR]: 	at net.fabricmc.loader.impl.entrypoint.EntrypointUtils.invoke(EntrypointUtils.java:35)
[14:20:00] [Render thread/INFO] (Minecraft) [STDERR]: 	at net.fabricmc.loader.impl.game.minecraft.Hooks.startClient(Hooks.java:52)
[14:20:00] [Render thread/INFO] (Minecraft) [STDERR]: 	at net.minecraft.client.MinecraftClient.<init>(MinecraftClient.java:523)
[14:20:00] [Render thread/INFO] (Minecraft) [STDERR]: 	at net.minecraft.client.main.Main.main(Main.java:185)
[14:20:00] [Render thread/INFO] (Minecraft) [STDERR]: 	at net.minecraft.client.main.Main.main(Main.java:56)
[14:20:00] [Render thread/INFO] (Minecraft) [STDERR]: 	at net.fabricmc.loader.impl.game.minecraft.MinecraftGameProvider.launch(MinecraftGameProvider.java:461)
[14:20:00] [Render thread/INFO] (Minecraft) [STDERR]: 	at net.fabricmc.loader.impl.launch.knot.Knot.launch(Knot.java:74)
[14:20:00] [Render thread/INFO] (Minecraft) [STDERR]: 	at net.fabricmc.loader.impl.launch.knot.KnotClient.main(KnotClient.java:23)
[14:20:00] [Render thread/INFO] (Minecraft) [STDERR]: 	at net.fabricmc.devlaunchinjector.Main.main(Main.java:86)
[14:20:00] [Render thread/INFO] (Minecraft) [STDERR]: org.jboss.modules.ModuleNotFoundException: featurecreep
[14:20:00] [Render thread/INFO] (Minecraft) [STDERR]: 	at org.jboss.modules.Module.addPaths(Module.java:1271)
[14:20:00] [Render thread/INFO] (Minecraft) [STDERR]: 	at org.jboss.modules.Module.link(Module.java:1627)
[14:20:00] [Render thread/INFO] (Minecraft) [STDERR]: 	at org.jboss.modules.Module.relinkIfNecessary(Module.java:1655)
[14:20:00] [Render thread/INFO] (Minecraft) [STDERR]: 	at org.jboss.modules.ModuleLoader.loadModule(ModuleLoader.java:303)
[14:20:00] [Render thread/INFO] (Minecraft) [STDERR]: 	at featurecreep.loader.FCLoaderBasicR5.loadMods(FCLoaderBasicR5.java:97)
[14:20:00] [Render thread/INFO] (Minecraft) [STDERR]: 	at featurecreep.FeatureCreep.onInitialise(FeatureCreep.java:46)
[14:20:00] [Render thread/INFO] (Minecraft) [STDERR]: 	at featurecreep.FeatureCreepMCInit.onInitialize(FeatureCreepMCInit.java:22)
[14:20:00] [Render thread/INFO] (Minecraft) [STDERR]: 	at net.fabricmc.loader.impl.entrypoint.EntrypointUtils.invoke0(EntrypointUtils.java:47)
[14:20:00] [Render thread/INFO] (Minecraft) [STDERR]: 	at net.fabricmc.loader.impl.entrypoint.EntrypointUtils.invoke(EntrypointUtils.java:35)
[14:20:00] [Render thread/INFO] (Minecraft) [STDERR]: 	at net.fabricmc.loader.impl.game.minecraft.Hooks.startClient(Hooks.java:52)
[14:20:00] [Render thread/INFO] (Minecraft) [STDERR]: 	at net.minecraft.client.MinecraftClient.<init>(MinecraftClient.java:523)
[14:20:00] [Render thread/INFO] (Minecraft) [STDERR]: 	at net.minecraft.client.main.Main.main(Main.java:185)
[14:20:00] [Render thread/INFO] (Minecraft) [STDERR]: 	at net.minecraft.client.main.Main.main(Main.java:56)
[14:20:00] [Render thread/INFO] (Minecraft) [STDERR]: 	at net.fabricmc.loader.impl.game.minecraft.MinecraftGameProvider.launch(MinecraftGameProvider.java:461)
[14:20:00] [Render thread/INFO] (Minecraft) [STDERR]: 	at net.fabricmc.loader.impl.launch.knot.Knot.launch(Knot.java:74)
[14:20:00] [Render thread/INFO] (Minecraft) [STDERR]: 	at net.fabricmc.loader.impl.launch.knot.KnotClient.main(KnotClient.java:23)
[14:20:00] [Render thread/INFO] (Minecraft) [STDERR]: 	at net.fabricmc.devlaunchinjector.Main.main(Main.java:86)
[14:20:00] [Render thread/INFO] (Minecraft) [STDOUT]: Module:Module "/home/rhel/Documents/FeatureCreep/esr/1.19.3-Fabric/run/mods/StorageDrawers-1.18.1-10.1.1.jar" from ModuleLoader@708c479a for finders [org.jboss.modules.FCFileSystemClassPathModuleFinder@caa468b]
[14:20:00] [Render thread/INFO] (Minecraft) [STDERR]: java.lang.NoSuchMethodException: No main class defined for Module "/home/rhel/Documents/FeatureCreep/esr/1.19.3-Fabric/run/mods/StorageDrawers-1.18.1-10.1.1.jar" from ModuleLoader@708c479a for finders [org.jboss.modules.FCFileSystemClassPathModuleFinder@caa468b]
[14:20:00] [Render thread/INFO] (Minecraft) [STDERR]: 	at org.jboss.modules.Module.run(Module.java:335)
[14:20:00] [Render thread/INFO] (Minecraft) [STDERR]: 	at org.jboss.modules.Module.run(Module.java:321)
[14:20:00] [Render thread/INFO] (Minecraft) [STDERR]: 	at featurecreep.loader.FCLoaderBasicR5.loadMods(FCLoaderBasicR5.java:129)
[14:20:00] [Render thread/INFO] (Minecraft) [STDERR]: 	at featurecreep.FeatureCreep.onInitialise(FeatureCreep.java:46)
[14:20:00] [Render thread/INFO] (Minecraft) [STDERR]: 	at featurecreep.FeatureCreepMCInit.onInitialize(FeatureCreepMCInit.java:22)
[14:20:00] [Render thread/INFO] (Minecraft) [STDERR]: 	at net.fabricmc.loader.impl.entrypoint.EntrypointUtils.invoke0(EntrypointUtils.java:47)
[14:20:00] [Render thread/INFO] (Minecraft) [STDERR]: 	at net.fabricmc.loader.impl.entrypoint.EntrypointUtils.invoke(EntrypointUtils.java:35)
[14:20:00] [Render thread/INFO] (Minecraft) [STDERR]: 	at net.fabricmc.loader.impl.game.minecraft.Hooks.startClient(Hooks.java:52)
[14:20:00] [Render thread/INFO] (Minecraft) [STDERR]: 	at net.minecraft.client.MinecraftClient.<init>(MinecraftClient.java:523)
[14:20:00] [Render thread/INFO] (Minecraft) [STDERR]: 	at net.minecraft.client.main.Main.main(Main.java:185)
[14:20:00] [Render thread/INFO] (Minecraft) [STDERR]: 	at net.minecraft.client.main.Main.main(Main.java:56)
[14:20:00] [Render thread/INFO] (Minecraft) [STDERR]: 	at net.fabricmc.loader.impl.game.minecraft.MinecraftGameProvider.launch(MinecraftGameProvider.java:461)
[14:20:00] [Render thread/INFO] (Minecraft) [STDERR]: 	at net.fabricmc.loader.impl.launch.knot.Knot.launch(Knot.java:74)
[14:20:00] [Render thread/INFO] (Minecraft) [STDERR]: 	at net.fabricmc.loader.impl.launch.knot.KnotClient.main(KnotClient.java:23)
[14:20:00] [Render thread/INFO] (Minecraft) [STDERR]: 	at net.fabricmc.devlaunchinjector.Main.main(Main.java:86)
[14:20:00] [Render thread/INFO] (Minecraft) [STDOUT]: Module:Module "/home/rhel/Documents/FeatureCreep/esr/1.19.3-Fabric/run/mods/examplemod.jar" from ModuleLoader@708c479a for finders [org.jboss.modules.FCFileSystemClassPathModuleFinder@caa468b]
[14:20:00] [Render thread/INFO] (Minecraft) [STDERR]: java.lang.reflect.InvocationTargetException
[14:20:00] [Render thread/INFO] (Minecraft) [STDERR]: 	at org.jboss.modules.Module.run(Module.java:355)
[14:20:00] [Render thread/INFO] (Minecraft) [STDERR]: 	at org.jboss.modules.Module.run(Module.java:321)
[14:20:00] [Render thread/INFO] (Minecraft) [STDERR]: 	at featurecreep.loader.FCLoaderBasicR5.loadMods(FCLoaderBasicR5.java:129)
[14:20:00] [Render thread/INFO] (Minecraft) [STDERR]: 	at featurecreep.FeatureCreep.onInitialise(FeatureCreep.java:46)
[14:20:00] [Render thread/INFO] (Minecraft) [STDERR]: 	at featurecreep.FeatureCreepMCInit.onInitialize(FeatureCreepMCInit.java:22)
[14:20:00] [Render thread/INFO] (Minecraft) [STDERR]: 	at net.fabricmc.loader.impl.entrypoint.EntrypointUtils.invoke0(EntrypointUtils.java:47)
[14:20:00] [Render thread/INFO] (Minecraft) [STDERR]: 	at net.fabricmc.loader.impl.entrypoint.EntrypointUtils.invoke(EntrypointUtils.java:35)
[14:20:00] [Render thread/INFO] (Minecraft) [STDERR]: 	at net.fabricmc.loader.impl.game.minecraft.Hooks.startClient(Hooks.java:52)
[14:20:00] [Render thread/INFO] (Minecraft) [STDERR]: 	at net.minecraft.client.MinecraftClient.<init>(MinecraftClient.java:523)
[14:20:00] [Render thread/INFO] (Minecraft) [STDERR]: 	at net.minecraft.client.main.Main.main(Main.java:185)
[14:20:00] [Render thread/INFO] (Minecraft) [STDERR]: 	at net.minecraft.client.main.Main.main(Main.java:56)
[14:20:00] [Render thread/INFO] (Minecraft) [STDERR]: 	at net.fabricmc.loader.impl.game.minecraft.MinecraftGameProvider.launch(MinecraftGameProvider.java:461)
[14:20:00] [Render thread/INFO] (Minecraft) [STDERR]: 	at net.fabricmc.loader.impl.launch.knot.Knot.launch(Knot.java:74)
[14:20:00] [Render thread/INFO] (Minecraft) [STDERR]: 	at net.fabricmc.loader.impl.launch.knot.KnotClient.main(KnotClient.java:23)
[14:20:00] [Render thread/INFO] (Minecraft) [STDERR]: 	at net.fabricmc.devlaunchinjector.Main.main(Main.java:86)
[14:20:00] [Render thread/INFO] (Minecraft) [STDERR]: Caused by: java.lang.Error: Unresolved compilation problem: 

[14:20:00] [Render thread/INFO] (Minecraft) [STDERR]: 	at net.fabricmc.example.ExampleMod.main(ExampleMod.java:14)
[14:20:00] [Render thread/INFO] (Minecraft) [STDERR]: 	at org.jboss.modules.Module.run(Module.java:353)
[14:20:00] [Render thread/INFO] (Minecraft) [STDERR]: 	... 14 more
[14:20:00] [Render thread/INFO] (Minecraft) [STDOUT]: Module:Module "/home/rhel/Documents/FeatureCreep/esr/1.19.3-Fabric/run/mods/arrp-0.5.7.jar" from ModuleLoader@708c479a for finders [org.jboss.modules.FCFileSystemClassPathModuleFinder@caa468b]
[14:20:00] [Render thread/INFO] (Minecraft) [STDERR]: java.lang.NoSuchMethodException: No main class defined for Module "/home/rhel/Documents/FeatureCreep/esr/1.19.3-Fabric/run/mods/arrp-0.5.7.jar" from ModuleLoader@708c479a for finders [org.jboss.modules.FCFileSystemClassPathModuleFinder@caa468b]
[14:20:00] [Render thread/INFO] (Minecraft) [STDERR]: 	at org.jboss.modules.Module.run(Module.java:335)
[14:20:00] [Render thread/INFO] (Minecraft) [STDERR]: 	at org.jboss.modules.Module.run(Module.java:321)
[14:20:00] [Render thread/INFO] (Minecraft) [STDERR]: 	at featurecreep.loader.FCLoaderBasicR5.loadMods(FCLoaderBasicR5.java:129)
[14:20:00] [Render thread/INFO] (Minecraft) [STDERR]: 	at featurecreep.FeatureCreep.onInitialise(FeatureCreep.java:46)
[14:20:00] [Render thread/INFO] (Minecraft) [STDERR]: 	at featurecreep.FeatureCreepMCInit.onInitialize(FeatureCreepMCInit.java:22)
[14:20:00] [Render thread/INFO] (Minecraft) [STDERR]: 	at net.fabricmc.loader.impl.entrypoint.EntrypointUtils.invoke0(EntrypointUtils.java:47)
[14:20:00] [Render thread/INFO] (Minecraft) [STDERR]: 	at net.fabricmc.loader.impl.entrypoint.EntrypointUtils.invoke(EntrypointUtils.java:35)
[14:20:00] [Render thread/INFO] (Minecraft) [STDERR]: 	at net.fabricmc.loader.impl.game.minecraft.Hooks.startClient(Hooks.java:52)
[14:20:00] [Render thread/INFO] (Minecraft) [STDERR]: 	at net.minecraft.client.MinecraftClient.<init>(MinecraftClient.java:523)
[14:20:00] [Render thread/INFO] (Minecraft) [STDERR]: 	at net.minecraft.client.main.Main.main(Main.java:185)
[14:20:00] [Render thread/INFO] (Minecraft) [STDERR]: 	at net.minecraft.client.main.Main.main(Main.java:56)
[14:20:00] [Render thread/INFO] (Minecraft) [STDERR]: 	at net.fabricmc.loader.impl.game.minecraft.MinecraftGameProvider.launch(MinecraftGameProvider.java:461)
[14:20:00] [Render thread/INFO] (Minecraft) [STDERR]: 	at net.fabricmc.loader.impl.launch.knot.Knot.launch(Knot.java:74)
[14:20:00] [Render thread/INFO] (Minecraft) [STDERR]: 	at net.fabricmc.loader.impl.launch.knot.KnotClient.main(KnotClient.java:23)
[14:20:00] [Render thread/INFO] (Minecraft) [STDERR]: 	at net.fabricmc.devlaunchinjector.Main.main(Main.java:86)
[14:20:00] [Render thread/INFO] (Minecraft) [STDOUT]: /home/rhel/Documents/FeatureCreep/esr/1.19.3-Fabric/run/datafiedcontents/items
[14:20:00] [Render thread/INFO] (Minecraft) [STDOUT]: List of files and directories in the specified directory:
[14:20:00] [Render thread/INFO] (Minecraft) [STDOUT]: FeatureCreep is trying to load featurecreep
[14:20:00] [Render thread/INFO] (Minecraft) [STDOUT]: /home/rhel/Documents/FeatureCreep/esr/1.19.3-Fabric/run/datafiedcontents/items/featurecreep/
[14:20:00] [Render thread/INFO] (Minecraft) [STDOUT]: {    "type" => "generic_pickaxe",    "modid" => "featurecreep",    "item_name" => "dmr_pickaxe",    "id" => 3006,    "group" => "TOOLS",    "attack_damage" => 0,    "attack_speed" => 0,    "material" => {        "max_uses" => 5000,        "efficiency" => 20,        "attack_damage" => 18,        "harvest_level" => 8,        "enchantability" => 20    }}
[14:20:00] [Render thread/INFO] (Minecraft) [STDOUT]: {
    "type" => "generic_pickaxe",
    "modid" => "featurecreep",
    "item_name" => "dmr_pickaxe",
    "id" => 3006,
    "group" => "TOOLS",
    "attack_damage" => 0,
    "attack_speed" => 0,
    "material" => {
        "max_uses" => 5000,
        "efficiency" => 20,
        "attack_damage" => 18,
        "harvest_level" => 8,
        "enchantability" => 20
    }
}
[14:20:00] [Render thread/INFO] (Minecraft) [STDOUT]: {    "type" => "generic_item",    "modid" => "featurecreep",    "item_name" => "dmr_test",    "id" => 3011,    "group" => "MATERIALS"}
[14:20:00] [Render thread/INFO] (Minecraft) [STDOUT]: {
    "type" => "generic_item",
    "modid" => "featurecreep",
    "item_name" => "dmr_test",
    "id" => 3011,
    "group" => "MATERIALS"
}
[14:20:00] [Render thread/INFO] (Minecraft) [STDOUT]: {    "type" => "generic_shovel",    "modid" => "featurecreep",    "item_name" => "dmr_shovel",    "id" => 3007,    "group" => "TOOLS",    "attack_damage" => 0,    "attack_speed" => 0,    "material" => {        "max_uses" => 5000,        "efficiency" => 20,        "attack_damage" => 18,        "harvest_level" => 8,        "enchantability" => 20    }}
[14:20:00] [Render thread/INFO] (Minecraft) [STDOUT]: {
    "type" => "generic_shovel",
    "modid" => "featurecreep",
    "item_name" => "dmr_shovel",
    "id" => 3007,
    "group" => "TOOLS",
    "attack_damage" => 0,
    "attack_speed" => 0,
    "material" => {
        "max_uses" => 5000,
        "efficiency" => 20,
        "attack_damage" => 18,
        "harvest_level" => 8,
        "enchantability" => 20
    }
}
[14:20:00] [Render thread/INFO] (Minecraft) [STDOUT]: {    "type" => "generic_hoe",    "modid" => "featurecreep",    "item_name" => "dmr_hoe",    "id" => 3008,    "group" => "TOOLS",    "attack_damage" => 0,    "attack_speed" => 0,    "material" => {        "max_uses" => 5000,        "efficiency" => 20,        "attack_damage" => 18,        "harvest_level" => 8,        "enchantability" => 20    }}
[14:20:00] [Render thread/INFO] (Minecraft) [STDOUT]: {
    "type" => "generic_hoe",
    "modid" => "featurecreep",
    "item_name" => "dmr_hoe",
    "id" => 3008,
    "group" => "TOOLS",
    "attack_damage" => 0,
    "attack_speed" => 0,
    "material" => {
        "max_uses" => 5000,
        "efficiency" => 20,
        "attack_damage" => 18,
        "harvest_level" => 8,
        "enchantability" => 20
    }
}
[14:20:00] [Render thread/INFO] (Minecraft) [STDOUT]: {    "type" => "generic_sword",    "modid" => "featurecreep",    "item_name" => "dmr_sword",    "id" => 3009,    "group" => "COMBAT",    "attack_damage" => 0,    "attack_speed" => 0,    "material" => {        "max_uses" => 5000,        "efficiency" => 20,        "attack_damage" => 18,        "harvest_level" => 8,        "enchantability" => 20    }}
[14:20:00] [Render thread/INFO] (Minecraft) [STDOUT]: {
    "type" => "generic_sword",
    "modid" => "featurecreep",
    "item_name" => "dmr_sword",
    "id" => 3009,
    "group" => "COMBAT",
    "attack_damage" => 0,
    "attack_speed" => 0,
    "material" => {
        "max_uses" => 5000,
        "efficiency" => 20,
        "attack_damage" => 18,
        "harvest_level" => 8,
        "enchantability" => 20
    }
}
[14:20:00] [Render thread/INFO] (Minecraft) [STDOUT]: {    "type" => "generic_axe",    "modid" => "featurecreep",    "item_name" => "dmr_axe",    "id" => 3010,    "group" => "TOOLS",    "attack_damage" => 0,    "attack_speed" => 0,    "material" => {        "max_uses" => 5000,        "efficiency" => 20,        "attack_damage" => 18,        "harvest_level" => 8,        "enchantability" => 20    }}
[14:20:00] [Render thread/INFO] (Minecraft) [STDOUT]: {
    "type" => "generic_axe",
    "modid" => "featurecreep",
    "item_name" => "dmr_axe",
    "id" => 3010,
    "group" => "TOOLS",
    "attack_damage" => 0,
    "attack_speed" => 0,
    "material" => {
        "max_uses" => 5000,
        "efficiency" => 20,
        "attack_damage" => 18,
        "harvest_level" => 8,
        "enchantability" => 20
    }
}
[14:20:00] [Render thread/INFO] (Minecraft) [STDOUT]: /home/rhel/Documents/FeatureCreep/esr/1.19.3-Fabric/run/tmp/gfx/interface/technologies
[14:20:00] [Render thread/INFO] (Minecraft) [STDOUT]: List of files and directories in the specified directory:
[14:20:00] [Render thread/INFO] (Minecraft) [STDOUT]: /home/rhel/Documents/FeatureCreep/esr/1.19.3-Fabric/run/tmp/gfx/interface/terrains
[14:20:00] [Render thread/INFO] (Minecraft) [STDOUT]: List of files and directories in the specified directory:
[14:20:00] [Render thread/INFO] (Minecraft) [STDOUT]: /home/rhel/Documents/FeatureCreep/esr/1.19.3-Fabric/run/tmp/gfx/models/armour
[14:20:00] [Render thread/INFO] (Minecraft) [STDOUT]: List of files and directories in the specified directory:
[14:20:00] [Render thread/INFO] (Minecraft) [STDOUT]: /home/rhel/Documents/FeatureCreep/esr/1.19.3-Fabric/run/resourcepacks/fcpack_11/pack.mcmeta
[14:20:00] [Render thread/INFO] (Minecraft) [STDOUT]: List of files and directories in the specified directory:
[14:20:00] [Render thread/INFO] (FeatureCreep) No DMR Items Found
[14:20:00] [Render thread/INFO] (Indigo) [Indigo] Registering Indigo renderer!
[14:20:01] [Render thread/INFO] (Minecraft) [STDOUT]: net.minecraft.client.option.GameOptions
[14:20:04] [Render thread/INFO] (Minecraft) [STDOUT]: Adding FCPack
[14:20:04] [Render thread/INFO] (fabric-screen-api-v1) Backend library: LWJGL version 3.3.1 SNAPSHOT
[14:20:08] [Render thread/INFO] (ARRP/ReloadableResourceManagerImplMixin) ARRP register - before vanilla
[14:20:08] [Render thread/INFO] (ARRP/ReloadableResourceManagerImplMixin) ARRP register - after vanilla
[14:20:08] [Worker-Bootstrap-52/INFO] (Minecraft) 4391 Datafixer optimizations took 32649 milliseconds
[14:20:09] [Worker-Main-65/ERROR] (Minecraft) Failed to retrieve profile key pair
java.io.IOException: Could not retrieve profile key pair
	at net.minecraft.client.util.ProfileKeys.fetchKeyPair(ProfileKeys.java:178) ~[minecraft-project-@-merged-named.jar:?]
	at net.minecraft.client.util.ProfileKeys.method_44291(ProfileKeys.java:76) ~[minecraft-project-@-merged-named.jar:?]
	at java.util.concurrent.CompletableFuture$AsyncSupply.run(CompletableFuture.java:1768) [?:?]
	at java.util.concurrent.CompletableFuture$AsyncSupply.exec(CompletableFuture.java:1760) [?:?]
	at java.util.concurrent.ForkJoinTask.doExec(ForkJoinTask.java:373) [?:?]
	at java.util.concurrent.ForkJoinPool$WorkQueue.topLevelExec(ForkJoinPool.java:1182) [?:?]
	at java.util.concurrent.ForkJoinPool.scan(ForkJoinPool.java:1655) [?:?]
	at java.util.concurrent.ForkJoinPool.runWorker(ForkJoinPool.java:1622) [?:?]
	at java.util.concurrent.ForkJoinWorkerThread.run(ForkJoinWorkerThread.java:165) [?:?]
[14:20:09] [Render thread/WARN] (Minecraft) ERROR : Couldn't load Narrator library
java.lang.UnsatisfiedLinkError: libflite.so.1: cannot open shared object file: No such file or directory
	at com.sun.jna.Native.open(Native Method) ~[jna-5.10.0.jar:?]
	at com.sun.jna.NativeLibrary.loadLibrary(NativeLibrary.java:277) ~[jna-5.10.0.jar:?]
	at com.sun.jna.NativeLibrary.getInstance(NativeLibrary.java:461) ~[jna-5.10.0.jar:?]
	at com.sun.jna.NativeLibrary.getInstance(NativeLibrary.java:403) ~[jna-5.10.0.jar:?]
	at com.mojang.text2speech.NarratorLinux.<clinit>(NarratorLinux.java:18) [text2speech-1.13.9.jar:?]
	at com.mojang.text2speech.Narrator.getNarrator(Narrator.java:21) [text2speech-1.13.9.jar:?]
	at net.minecraft.client.util.NarratorManager.<init>(NarratorManager.java:34) [minecraft-project-@-merged-named.jar:?]
	at net.minecraft.client.MinecraftClient.<init>(MinecraftClient.java:632) [minecraft-project-@-merged-named.jar:?]
	at net.minecraft.client.main.Main.main(Main.java:185) [minecraft-project-@-merged-named.jar:?]
	at net.minecraft.client.main.Main.main(Main.java:56) [minecraft-project-@-merged-named.jar:?]
	at net.fabricmc.loader.impl.game.minecraft.MinecraftGameProvider.launch(MinecraftGameProvider.java:461) [fabric-loader-0.14.10.jar:?]
	at net.fabricmc.loader.impl.launch.knot.Knot.launch(Knot.java:74) [fabric-loader-0.14.10.jar:?]
	at net.fabricmc.loader.impl.launch.knot.KnotClient.main(KnotClient.java:23) [fabric-loader-0.14.10.jar:?]
	at net.fabricmc.devlaunchinjector.Main.main(Main.java:86) [dev-launch-injector-0.2.1+build.8.jar:?]
[14:20:09] [Render thread/INFO] (Minecraft) Reloading ResourceManager: vanilla, Fabric Mods (Fabric Loot API (v2), Fabric Networking API (v1), Fabric Resource Conditions API (v1), Fabric Object Builder API (v1), Fabric Client Tags, Fabric Renderer - Indigo, Fabric Screen Handler API (v1), Fabric Rendering Data Attachment (v1), Fabric Renderer API (v1), Fabric Item Group API (v1), Fabric Entity Events (v1), Fabric Transitive Access Wideners (v1), Fabric Message API (v1), Fabric Game Rule API (v1), Fabric API Lookup API (v1), Fabric Resource Loader (v0), Fabric Biome API (v1), Fabric Crash Report Info (v1), Fabric Rendering (v1), Fabric Convention Tags, Fabric Key Binding API (v1), Fabric Mining Level API (v1), Fabric Lifecycle Events (v1), Fabric Command API (v2), Fabric Content Registries (v0), Runtime Resource Pack, Fabric Dimensions API (v1), Fabric Transfer API (v1), Fabric Textures (v0), Fabric Item API (v1), Fabric Data Generation API (v1), Fabric Events Interaction (v0), Fabric Sound API (v1), Fabric Models (v0), Fabric Loader, Fabric Game Test API (v1), Fabric API, FeatureCreepMC, Fabric Rendering Fluids (v1), Fabric BlockRenderLayer Registration (v1), Fabric Particles (v1), Fabric API Base, Fabric Screen API (v1), Fabric Registry Sync (v0)), file/fcpack_11
[14:20:09] [Render thread/INFO] (ARRP/ReloadableResourceManagerImplMixin) ARRP register - before vanilla
[14:20:09] [Render thread/INFO] (ARRP/ReloadableResourceManagerImplMixin) ARRP register - after vanilla
[14:20:09] [Render thread/INFO] (modid) This line is printed by an example mod mixin!
[14:20:09] [Render thread/INFO] (modid) Boycott Modrinth
[14:20:09] [Render thread/INFO] (Minecraft) [STDOUT]: Testin JA
[14:20:11] [Realms Notification Availability checker #1/INFO] (Minecraft) Could not authorize you against Realms server: Invalid session id
[14:20:12] [Worker-Main-95/WARN] (Minecraft) Missing textures in model featurecreep:amethyst_helmet#inventory:
    minecraft:textures/atlas/blocks.png:featurecreep:items/amethyst_helmet
[14:20:12] [Worker-Main-95/WARN] (Minecraft) Missing textures in model featurecreep:amethyst_axe#inventory:
    minecraft:textures/atlas/blocks.png:featurecreep:items/amethyst_axe
[14:20:12] [Worker-Main-95/WARN] (Minecraft) Missing textures in model minecraft:golden_carrot#inventory:
    minecraft:textures/atlas/blocks.png:featurecreep:items/golden_carrot
[14:20:12] [Worker-Main-95/WARN] (Minecraft) Missing textures in model featurecreep:single_sided_block#:
    minecraft:textures/atlas/blocks.png:featurecreep:blocks/single_sided_block_down
    minecraft:textures/atlas/blocks.png:featurecreep:blocks/single_sided_block_east
    minecraft:textures/atlas/blocks.png:featurecreep:blocks/single_sided_block_north
    minecraft:textures/atlas/blocks.png:featurecreep:blocks/single_sided_block_particle
    minecraft:textures/atlas/blocks.png:featurecreep:blocks/single_sided_block_south
    minecraft:textures/atlas/blocks.png:featurecreep:blocks/single_sided_block_up
    minecraft:textures/atlas/blocks.png:featurecreep:blocks/single_sided_block_west
[14:20:12] [Worker-Main-95/WARN] (Minecraft) Missing textures in model featurecreep:test_block#:
    minecraft:textures/atlas/blocks.png:featurecreep:blocks/test_block_down
    minecraft:textures/atlas/blocks.png:featurecreep:blocks/test_block_east
    minecraft:textures/atlas/blocks.png:featurecreep:blocks/test_block_north
    minecraft:textures/atlas/blocks.png:featurecreep:blocks/test_block_particle
    minecraft:textures/atlas/blocks.png:featurecreep:blocks/test_block_south
    minecraft:textures/atlas/blocks.png:featurecreep:blocks/test_block_up
    minecraft:textures/atlas/blocks.png:featurecreep:blocks/test_block_west
[14:20:12] [Worker-Main-95/WARN] (Minecraft) Missing textures in model featurecreep:dmr_sword#inventory:
    minecraft:textures/atlas/blocks.png:featurecreep:items/dmr_sword
[14:20:12] [Worker-Main-95/WARN] (Minecraft) Missing textures in model featurecreep:amethyst_hoe#inventory:
    minecraft:textures/atlas/blocks.png:featurecreep:items/amethyst_hoe
[14:20:12] [Worker-Main-95/WARN] (Minecraft) Missing textures in model featurecreep:dmr_test#inventory:
    minecraft:textures/atlas/blocks.png:featurecreep:items/dmr_test
[14:20:12] [Worker-Main-95/WARN] (Minecraft) Missing textures in model featurecreep:dmr_binary_test#inventory:
    minecraft:textures/atlas/blocks.png:featurecreep:items/dmr_binary_test
[14:20:12] [Worker-Main-95/WARN] (Minecraft) Missing textures in model minecraft:amethyst_block#inventory:
    minecraft:textures/atlas/blocks.png:featurecreep:blocks/amethyst_block
[14:20:12] [Worker-Main-95/WARN] (Minecraft) Missing textures in model featurecreep:single_sided_ore#:
    minecraft:textures/atlas/blocks.png:featurecreep:blocks/single_sided_ore_down
    minecraft:textures/atlas/blocks.png:featurecreep:blocks/single_sided_ore_east
    minecraft:textures/atlas/blocks.png:featurecreep:blocks/single_sided_ore_north
    minecraft:textures/atlas/blocks.png:featurecreep:blocks/single_sided_ore_particle
    minecraft:textures/atlas/blocks.png:featurecreep:blocks/single_sided_ore_south
    minecraft:textures/atlas/blocks.png:featurecreep:blocks/single_sided_ore_up
    minecraft:textures/atlas/blocks.png:featurecreep:blocks/single_sided_ore_west
[14:20:12] [Worker-Main-95/WARN] (Minecraft) Missing textures in model featurecreep:amethyst_boots#inventory:
    minecraft:textures/atlas/blocks.png:featurecreep:items/amethyst_boots
[14:20:12] [Worker-Main-95/WARN] (Minecraft) Missing textures in model featurecreep:dmr_axe#inventory:
    minecraft:textures/atlas/blocks.png:featurecreep:items/dmr_axe
[14:20:12] [Worker-Main-95/WARN] (Minecraft) Missing textures in model minecraft:copper_ingot#inventory:
    minecraft:textures/atlas/blocks.png:featurecreep:items/copper_ingot
[14:20:12] [Worker-Main-95/WARN] (Minecraft) Missing textures in model featurecreep:dmr_pickaxe#inventory:
    minecraft:textures/atlas/blocks.png:featurecreep:items/dmr_pickaxe
[14:20:12] [Worker-Main-95/WARN] (Minecraft) Missing textures in model featurecreep:amethyst_chestplate#inventory:
    minecraft:textures/atlas/blocks.png:featurecreep:items/amethyst_chestplate
[14:20:12] [Worker-Main-95/WARN] (Minecraft) Missing textures in model featurecreep:amethyst_leggings#inventory:
    minecraft:textures/atlas/blocks.png:featurecreep:items/amethyst_leggings
[14:20:12] [Worker-Main-95/WARN] (Minecraft) Missing textures in model featurecreep:amethyst_sword#inventory:
    minecraft:textures/atlas/blocks.png:featurecreep:items/amethyst_sword
[14:20:12] [Worker-Main-95/WARN] (Minecraft) Missing textures in model featurecreep:dmr_hoe#inventory:
    minecraft:textures/atlas/blocks.png:featurecreep:items/dmr_hoe
[14:20:12] [Worker-Main-95/WARN] (Minecraft) Missing textures in model featurecreep:test_ore#:
    minecraft:textures/atlas/blocks.png:featurecreep:blocks/test_ore_down
    minecraft:textures/atlas/blocks.png:featurecreep:blocks/test_ore_east
    minecraft:textures/atlas/blocks.png:featurecreep:blocks/test_ore_north
    minecraft:textures/atlas/blocks.png:featurecreep:blocks/test_ore_particle
    minecraft:textures/atlas/blocks.png:featurecreep:blocks/test_ore_south
    minecraft:textures/atlas/blocks.png:featurecreep:blocks/test_ore_up
    minecraft:textures/atlas/blocks.png:featurecreep:blocks/test_ore_west
[14:20:12] [Worker-Main-95/WARN] (Minecraft) Missing textures in model featurecreep:amethyst_shovel#inventory:
    minecraft:textures/atlas/blocks.png:featurecreep:items/amethyst_shovel
[14:20:12] [Worker-Main-95/WARN] (Minecraft) Missing textures in model featurecreep:single_sided_block#inventory:
    minecraft:textures/atlas/blocks.png:featurecreep:blocks/single_sided_block_down
    minecraft:textures/atlas/blocks.png:featurecreep:blocks/single_sided_block_east
    minecraft:textures/atlas/blocks.png:featurecreep:blocks/single_sided_block_north
    minecraft:textures/atlas/blocks.png:featurecreep:blocks/single_sided_block_particle
    minecraft:textures/atlas/blocks.png:featurecreep:blocks/single_sided_block_south
    minecraft:textures/atlas/blocks.png:featurecreep:blocks/single_sided_block_up
    minecraft:textures/atlas/blocks.png:featurecreep:blocks/single_sided_block_west
[14:20:12] [Worker-Main-95/WARN] (Minecraft) Missing textures in model featurecreep:amethyst#inventory:
    minecraft:textures/atlas/blocks.png:featurecreep:items/amethyst
[14:20:12] [Worker-Main-95/WARN] (Minecraft) Missing textures in model featurecreep:dmr_shovel#inventory:
    minecraft:textures/atlas/blocks.png:featurecreep:items/dmr_shovel
[14:20:12] [Worker-Main-95/WARN] (Minecraft) Missing textures in model featurecreep:amethyst_pickaxe#inventory:
    minecraft:textures/atlas/blocks.png:featurecreep:items/amethyst_pickaxe
[14:20:12] [Worker-Main-95/WARN] (Minecraft) Missing textures in model featurecreep:test_block#inventory:
    minecraft:textures/atlas/blocks.png:featurecreep:blocks/test_block_down
    minecraft:textures/atlas/blocks.png:featurecreep:blocks/test_block_east
    minecraft:textures/atlas/blocks.png:featurecreep:blocks/test_block_north
    minecraft:textures/atlas/blocks.png:featurecreep:blocks/test_block_particle
    minecraft:textures/atlas/blocks.png:featurecreep:blocks/test_block_south
    minecraft:textures/atlas/blocks.png:featurecreep:blocks/test_block_up
    minecraft:textures/atlas/blocks.png:featurecreep:blocks/test_block_west
[14:20:12] [Worker-Main-95/WARN] (Minecraft) Missing textures in model featurecreep:test_ore#inventory:
    minecraft:textures/atlas/blocks.png:featurecreep:blocks/test_ore_down
    minecraft:textures/atlas/blocks.png:featurecreep:blocks/test_ore_east
    minecraft:textures/atlas/blocks.png:featurecreep:blocks/test_ore_north
    minecraft:textures/atlas/blocks.png:featurecreep:blocks/test_ore_particle
    minecraft:textures/atlas/blocks.png:featurecreep:blocks/test_ore_south
    minecraft:textures/atlas/blocks.png:featurecreep:blocks/test_ore_up
    minecraft:textures/atlas/blocks.png:featurecreep:blocks/test_ore_west
[14:20:12] [Worker-Main-95/WARN] (Minecraft) Missing textures in model minecraft:amethyst_block#:
    minecraft:textures/atlas/blocks.png:featurecreep:blocks/amethyst_block
[14:20:12] [Worker-Main-95/WARN] (Minecraft) Missing textures in model featurecreep:single_sided_ore#inventory:
    minecraft:textures/atlas/blocks.png:featurecreep:blocks/single_sided_ore_down
    minecraft:textures/atlas/blocks.png:featurecreep:blocks/single_sided_ore_east
    minecraft:textures/atlas/blocks.png:featurecreep:blocks/single_sided_ore_north
    minecraft:textures/atlas/blocks.png:featurecreep:blocks/single_sided_ore_particle
    minecraft:textures/atlas/blocks.png:featurecreep:blocks/single_sided_ore_south
    minecraft:textures/atlas/blocks.png:featurecreep:blocks/single_sided_ore_up
    minecraft:textures/atlas/blocks.png:featurecreep:blocks/single_sided_ore_west
[14:20:12] [Render thread/WARN] (Minecraft) Missing sound for event: minecraft:item.goat_horn.play
[14:20:12] [Render thread/WARN] (Minecraft) Missing sound for event: minecraft:entity.goat.screaming.horn_break
[14:20:12] [Render thread/INFO] (Minecraft) OpenAL initialized on device JACK Default
[14:20:12] [Render thread/INFO] (Minecraft) Sound engine started
[14:20:12] [Render thread/INFO] (Minecraft) Created: 1024x1024x4 minecraft:textures/atlas/blocks.png-atlas
[14:20:13] [Render thread/INFO] (Minecraft) Created: 512x256x4 minecraft:textures/atlas/signs.png-atlas
[14:20:13] [Render thread/INFO] (Minecraft) Created: 1024x512x4 minecraft:textures/atlas/shield_patterns.png-atlas
[14:20:13] [Render thread/INFO] (Minecraft) Created: 1024x512x4 minecraft:textures/atlas/banner_patterns.png-atlas
[14:20:13] [Render thread/INFO] (Minecraft) Created: 256x128x4 minecraft:textures/atlas/hanging_signs.png-atlas
[14:20:13] [Render thread/INFO] (Minecraft) Created: 256x256x4 minecraft:textures/atlas/chest.png-atlas
[14:20:13] [Render thread/INFO] (Minecraft) Created: 512x256x4 minecraft:textures/atlas/shulker_boxes.png-atlas
[14:20:13] [Render thread/INFO] (Minecraft) Created: 512x256x4 minecraft:textures/atlas/beds.png-atlas
[14:20:13] [Render thread/WARN] (Minecraft) Shader rendertype_entity_translucent_emissive could not find sampler named Sampler2 in the specified shader program.
[14:20:13] [Render thread/INFO] (Minecraft) Created: 512x256x0 minecraft:textures/atlas/particles.png-atlas
[14:20:13] [Render thread/INFO] (Minecraft) Created: 256x256x0 minecraft:textures/atlas/paintings.png-atlas
[14:20:13] [Render thread/INFO] (Minecraft) Created: 256x128x0 minecraft:textures/atlas/mob_effects.png-atlas
[14:20:13] [Render thread/INFO] (modid) This line is printed by an example mod mixin!
[14:20:13] [Render thread/INFO] (modid) Boycott Modrinth
[14:20:13] [Render thread/INFO] (Minecraft) [STDOUT]: Testin JA
[14:20:28] [Render thread/INFO] (fabric-screen-api-v1) Stopping!
[14:20:28] [Render thread/ERROR] (Minecraft) Deleting stream buffers: Invalid name parameter.
